[1.778s] Invoking command in '/home/godoistvan/ros2_ws/build/examples_rclpy_minimal_service': PYTHONPATH=/home/godoistvan/ros2_ws/build/examples_rclpy_minimal_service/prefix_override:/usr/lib/python3/dist-packages/colcon_core/task/python/colcon_distutils_commands:/home/godoistvan/ros2_ws/install/examples_rclpy_minimal_service/lib/python3.10/site-packages:${PYTHONPATH} /usr/bin/python3 -W ignore:setup.py install is deprecated -W ignore:easy_install command is deprecated setup.py develop --editable --build-directory /home/godoistvan/ros2_ws/build/examples_rclpy_minimal_service/build --no-deps symlink_data
[2.645s] running develop
[2.645s] running egg_info
[2.646s] creating examples_rclpy_minimal_service.egg-info
[2.646s] writing examples_rclpy_minimal_service.egg-info/PKG-INFO
[2.646s] writing dependency_links to examples_rclpy_minimal_service.egg-info/dependency_links.txt
[2.646s] writing entry points to examples_rclpy_minimal_service.egg-info/entry_points.txt
[2.646s] writing requirements to examples_rclpy_minimal_service.egg-info/requires.txt
[2.646s] writing top-level names to examples_rclpy_minimal_service.egg-info/top_level.txt
[2.646s] writing manifest file 'examples_rclpy_minimal_service.egg-info/SOURCES.txt'
[2.646s] reading manifest file 'examples_rclpy_minimal_service.egg-info/SOURCES.txt'
[2.646s] writing manifest file 'examples_rclpy_minimal_service.egg-info/SOURCES.txt'
[2.646s] running build_ext
[2.646s] Creating /home/godoistvan/ros2_ws/install/examples_rclpy_minimal_service/lib/python3.10/site-packages/examples-rclpy-minimal-service.egg-link (link to .)
[2.647s] Installing service script to /home/godoistvan/ros2_ws/install/examples_rclpy_minimal_service/lib/examples_rclpy_minimal_service
[2.647s] Installing service_member_function script to /home/godoistvan/ros2_ws/install/examples_rclpy_minimal_service/lib/examples_rclpy_minimal_service
[2.647s] 
[2.647s] Installed /home/godoistvan/ros2_ws/build/examples_rclpy_minimal_service
[2.647s] running symlink_data
[2.647s] creating /home/godoistvan/ros2_ws/install/examples_rclpy_minimal_service/share/ament_index
[2.647s] creating /home/godoistvan/ros2_ws/install/examples_rclpy_minimal_service/share/ament_index/resource_index
[2.647s] creating /home/godoistvan/ros2_ws/install/examples_rclpy_minimal_service/share/ament_index/resource_index/packages
[2.647s] symbolically linking /home/godoistvan/ros2_ws/build/examples_rclpy_minimal_service/resource/examples_rclpy_minimal_service -> /home/godoistvan/ros2_ws/install/examples_rclpy_minimal_service/share/ament_index/resource_index/packages
[2.648s] symbolically linking /home/godoistvan/ros2_ws/build/examples_rclpy_minimal_service/package.xml -> /home/godoistvan/ros2_ws/install/examples_rclpy_minimal_service/share/examples_rclpy_minimal_service
[2.684s] Invoked command in '/home/godoistvan/ros2_ws/build/examples_rclpy_minimal_service' returned '0': PYTHONPATH=/home/godoistvan/ros2_ws/build/examples_rclpy_minimal_service/prefix_override:/usr/lib/python3/dist-packages/colcon_core/task/python/colcon_distutils_commands:/home/godoistvan/ros2_ws/install/examples_rclpy_minimal_service/lib/python3.10/site-packages:${PYTHONPATH} /usr/bin/python3 -W ignore:setup.py install is deprecated -W ignore:easy_install command is deprecated setup.py develop --editable --build-directory /home/godoistvan/ros2_ws/build/examples_rclpy_minimal_service/build --no-deps symlink_data
