[2.675s] Invoking command in '/home/godoistvan/ros2_ws/build/examples_rclpy_pointcloud_publisher': PYTHONPATH=/home/godoistvan/ros2_ws/build/examples_rclpy_pointcloud_publisher/prefix_override:/usr/lib/python3/dist-packages/colcon_core/task/python/colcon_distutils_commands:/home/godoistvan/ros2_ws/install/examples_rclpy_pointcloud_publisher/lib/python3.10/site-packages:${PYTHONPATH} /usr/bin/python3 -W ignore:setup.py install is deprecated -W ignore:easy_install command is deprecated setup.py develop --editable --build-directory /home/godoistvan/ros2_ws/build/examples_rclpy_pointcloud_publisher/build --no-deps symlink_data
[14.140s] running develop
[14.149s] running egg_info
[14.149s] creating examples_rclpy_pointcloud_publisher.egg-info
[14.149s] writing examples_rclpy_pointcloud_publisher.egg-info/PKG-INFO
[14.150s] writing dependency_links to examples_rclpy_pointcloud_publisher.egg-info/dependency_links.txt
[14.151s] writing entry points to examples_rclpy_pointcloud_publisher.egg-info/entry_points.txt
[14.152s] writing requirements to examples_rclpy_pointcloud_publisher.egg-info/requires.txt
[14.152s] writing top-level names to examples_rclpy_pointcloud_publisher.egg-info/top_level.txt
[14.152s] writing manifest file 'examples_rclpy_pointcloud_publisher.egg-info/SOURCES.txt'
[14.152s] reading manifest file 'examples_rclpy_pointcloud_publisher.egg-info/SOURCES.txt'
[14.152s] writing manifest file 'examples_rclpy_pointcloud_publisher.egg-info/SOURCES.txt'
[14.152s] running build_ext
[14.152s] Creating /home/godoistvan/ros2_ws/install/examples_rclpy_pointcloud_publisher/lib/python3.10/site-packages/examples-rclpy-pointcloud-publisher.egg-link (link to .)
[14.152s] Installing pointcloud_publisher script to /home/godoistvan/ros2_ws/install/examples_rclpy_pointcloud_publisher/lib/examples_rclpy_pointcloud_publisher
[14.152s] 
[14.152s] Installed /home/godoistvan/ros2_ws/build/examples_rclpy_pointcloud_publisher
[14.152s] running symlink_data
[14.159s] creating /home/godoistvan/ros2_ws/install/examples_rclpy_pointcloud_publisher/share/ament_index
[14.159s] creating /home/godoistvan/ros2_ws/install/examples_rclpy_pointcloud_publisher/share/ament_index/resource_index
[14.159s] creating /home/godoistvan/ros2_ws/install/examples_rclpy_pointcloud_publisher/share/ament_index/resource_index/packages
[14.161s] symbolically linking /home/godoistvan/ros2_ws/build/examples_rclpy_pointcloud_publisher/resource/examples_rclpy_pointcloud_publisher -> /home/godoistvan/ros2_ws/install/examples_rclpy_pointcloud_publisher/share/ament_index/resource_index/packages
[14.161s] symbolically linking /home/godoistvan/ros2_ws/build/examples_rclpy_pointcloud_publisher/package.xml -> /home/godoistvan/ros2_ws/install/examples_rclpy_pointcloud_publisher/share/examples_rclpy_pointcloud_publisher
[14.586s] Invoked command in '/home/godoistvan/ros2_ws/build/examples_rclpy_pointcloud_publisher' returned '0': PYTHONPATH=/home/godoistvan/ros2_ws/build/examples_rclpy_pointcloud_publisher/prefix_override:/usr/lib/python3/dist-packages/colcon_core/task/python/colcon_distutils_commands:/home/godoistvan/ros2_ws/install/examples_rclpy_pointcloud_publisher/lib/python3.10/site-packages:${PYTHONPATH} /usr/bin/python3 -W ignore:setup.py install is deprecated -W ignore:easy_install command is deprecated setup.py develop --editable --build-directory /home/godoistvan/ros2_ws/build/examples_rclpy_pointcloud_publisher/build --no-deps symlink_data
