[0.058s] Invoking command in '/home/godoistvan/ros2_ws/build/examples_rclcpp_cbg_executor': CMAKE_PREFIX_PATH=/opt/ros/humble /usr/bin/cmake /home/godoistvan/ros2_ws/src/examples/rclcpp/executors/cbg_executor -DAMENT_CMAKE_SYMLINK_INSTALL=1 -DCMAKE_INSTALL_PREFIX=/home/godoistvan/ros2_ws/install/examples_rclcpp_cbg_executor
[1.387s] -- The C compiler identification is GNU 11.4.0
[1.387s] -- The CXX compiler identification is GNU 11.4.0
[1.388s] -- Detecting C compiler ABI info
[1.388s] -- Detecting C compiler ABI info - done
[1.388s] -- Check for working C compiler: /usr/bin/cc - skipped
[1.388s] -- Detecting C compile features
[1.388s] -- Detecting C compile features - done
[1.388s] -- Detecting CXX compiler ABI info
[1.388s] -- Detecting CXX compiler ABI info - done
[1.388s] -- Check for working CXX compiler: /usr/bin/c++ - skipped
[1.388s] -- Detecting CXX compile features
[1.388s] -- Detecting CXX compile features - done
[1.388s] -- Found ament_cmake: 1.3.11 (/opt/ros/humble/share/ament_cmake/cmake)
[1.388s] -- Found Python3: /usr/bin/python3 (found version "3.10.12") found components: Interpreter 
[1.389s] -- Override CMake install command with custom implementation using symlinks instead of copying resources
[1.389s] -- Found rclcpp: 16.0.12 (/opt/ros/humble/share/rclcpp/cmake)
[1.389s] -- Found rosidl_generator_c: 3.1.6 (/opt/ros/humble/share/rosidl_generator_c/cmake)
[1.389s] -- Found rosidl_adapter: 3.1.6 (/opt/ros/humble/share/rosidl_adapter/cmake)
[1.389s] -- Found rosidl_generator_cpp: 3.1.6 (/opt/ros/humble/share/rosidl_generator_cpp/cmake)
[1.389s] -- Using all available rosidl_typesupport_c: rosidl_typesupport_fastrtps_c;rosidl_typesupport_introspection_c
[1.389s] -- Using all available rosidl_typesupport_cpp: rosidl_typesupport_fastrtps_cpp;rosidl_typesupport_introspection_cpp
[1.389s] -- Found rmw_implementation_cmake: 6.1.2 (/opt/ros/humble/share/rmw_implementation_cmake/cmake)
[1.389s] -- Found rmw_fastrtps_cpp: 6.2.7 (/opt/ros/humble/share/rmw_fastrtps_cpp/cmake)
[1.389s] -- Found OpenSSL: /usr/lib/x86_64-linux-gnu/libcrypto.so (found version "3.0.2")  
[1.716s] -- Found FastRTPS: /opt/ros/humble/include  
[2.415s] -- Using RMW implementation 'rmw_fastrtps_cpp' as default
[2.426s] -- Looking for pthread.h
[2.487s] -- Looking for pthread.h - found
[2.487s] -- Performing Test CMAKE_HAVE_LIBC_PTHREAD
[2.544s] -- Performing Test CMAKE_HAVE_LIBC_PTHREAD - Success
[2.545s] -- Found Threads: TRUE  
[2.592s] -- Found ament_lint_auto: 0.12.12 (/opt/ros/humble/share/ament_lint_auto/cmake)
[2.652s] -- Added test 'copyright' to check source files copyright and LICENSE
[2.653s] -- Added test 'cppcheck' to perform static code analysis on C / C++ code
[2.653s] -- Configured cppcheck include dirs: /home/godoistvan/ros2_ws/src/examples/rclcpp/executors/cbg_executor/include
[2.653s] -- Configured cppcheck exclude dirs and/or files: 
[2.654s] -- Added test 'cpplint' to check C / C++ code against the Google style
[2.654s] -- Configured cpplint exclude dirs and/or files: 
[2.655s] -- Added test 'lint_cmake' to check CMake code style
[2.656s] -- Added test 'uncrustify' to check C / C++ code style
[2.656s] -- Configured uncrustify additional arguments: 
[2.657s] -- Added test 'xmllint' to check XML markup files
[2.658s] -- Configuring done
[2.669s] -- Generating done
[2.673s] -- Build files have been written to: /home/godoistvan/ros2_ws/build/examples_rclcpp_cbg_executor
[2.797s] Invoked command in '/home/godoistvan/ros2_ws/build/examples_rclcpp_cbg_executor' returned '0': CMAKE_PREFIX_PATH=/opt/ros/humble /usr/bin/cmake /home/godoistvan/ros2_ws/src/examples/rclcpp/executors/cbg_executor -DAMENT_CMAKE_SYMLINK_INSTALL=1 -DCMAKE_INSTALL_PREFIX=/home/godoistvan/ros2_ws/install/examples_rclcpp_cbg_executor
[2.797s] Invoking command in '/home/godoistvan/ros2_ws/build/examples_rclcpp_cbg_executor': CMAKE_PREFIX_PATH=/opt/ros/humble /usr/bin/cmake --build /home/godoistvan/ros2_ws/build/examples_rclcpp_cbg_executor -- -j20 -l20
[2.834s] [ 10%] [32mBuilding CXX object CMakeFiles/pong.dir/src/examples_rclcpp_cbg_executor/pong_node.cpp.o[0m
[2.834s] [ 20%] [32mBuilding CXX object CMakeFiles/ping_pong.dir/src/ping_pong.cpp.o[0m
[2.834s] [ 30%] [32mBuilding CXX object CMakeFiles/ping_pong.dir/src/examples_rclcpp_cbg_executor/ping_node.cpp.o[0m
[2.834s] [ 40%] [32mBuilding CXX object CMakeFiles/pong.dir/src/pong.cpp.o[0m
[2.834s] [ 50%] [32mBuilding CXX object CMakeFiles/ping_pong.dir/src/examples_rclcpp_cbg_executor/pong_node.cpp.o[0m
[2.835s] [ 60%] [32mBuilding CXX object CMakeFiles/ping.dir/src/examples_rclcpp_cbg_executor/ping_node.cpp.o[0m
[2.839s] [ 70%] [32mBuilding CXX object CMakeFiles/ping.dir/src/ping.cpp.o[0m
[29.820s] [ 80%] [32m[1mLinking CXX executable ping_pong[0m
[29.844s] [ 90%] [32m[1mLinking CXX executable pong[0m
[30.208s] [ 90%] Built target pong
[30.385s] [ 90%] Built target ping_pong
[30.408s] [100%] [32m[1mLinking CXX executable ping[0m
[30.739s] [100%] Built target ping
[30.763s] Invoked command in '/home/godoistvan/ros2_ws/build/examples_rclcpp_cbg_executor' returned '0': CMAKE_PREFIX_PATH=/opt/ros/humble /usr/bin/cmake --build /home/godoistvan/ros2_ws/build/examples_rclcpp_cbg_executor -- -j20 -l20
[30.765s] Invoking command in '/home/godoistvan/ros2_ws/build/examples_rclcpp_cbg_executor': CMAKE_PREFIX_PATH=/opt/ros/humble /usr/bin/cmake --install /home/godoistvan/ros2_ws/build/examples_rclcpp_cbg_executor
[30.770s] -- Install configuration: ""
[30.770s] -- Execute custom install script
[30.771s] -- Symlinking: /home/godoistvan/ros2_ws/install/examples_rclcpp_cbg_executor/lib/examples_rclcpp_cbg_executor/ping
[30.777s] -- Symlinking: /home/godoistvan/ros2_ws/install/examples_rclcpp_cbg_executor/lib/examples_rclcpp_cbg_executor/pong
[30.782s] -- Symlinking: /home/godoistvan/ros2_ws/install/examples_rclcpp_cbg_executor/lib/examples_rclcpp_cbg_executor/ping_pong
[30.789s] -- Symlinking: /home/godoistvan/ros2_ws/install/examples_rclcpp_cbg_executor/include/examples_rclcpp_cbg_executor/ping_node.hpp
[30.798s] -- Symlinking: /home/godoistvan/ros2_ws/install/examples_rclcpp_cbg_executor/include/examples_rclcpp_cbg_executor/pong_node.hpp
[30.808s] -- Symlinking: /home/godoistvan/ros2_ws/install/examples_rclcpp_cbg_executor/share/ament_index/resource_index/package_run_dependencies/examples_rclcpp_cbg_executor
[30.814s] -- Symlinking: /home/godoistvan/ros2_ws/install/examples_rclcpp_cbg_executor/share/ament_index/resource_index/parent_prefix_path/examples_rclcpp_cbg_executor
[30.820s] -- Symlinking: /home/godoistvan/ros2_ws/install/examples_rclcpp_cbg_executor/share/examples_rclcpp_cbg_executor/environment/ament_prefix_path.sh
[30.826s] -- Symlinking: /home/godoistvan/ros2_ws/install/examples_rclcpp_cbg_executor/share/examples_rclcpp_cbg_executor/environment/ament_prefix_path.dsv
[30.832s] -- Symlinking: /home/godoistvan/ros2_ws/install/examples_rclcpp_cbg_executor/share/examples_rclcpp_cbg_executor/environment/path.sh
[30.838s] -- Symlinking: /home/godoistvan/ros2_ws/install/examples_rclcpp_cbg_executor/share/examples_rclcpp_cbg_executor/environment/path.dsv
[30.843s] -- Symlinking: /home/godoistvan/ros2_ws/install/examples_rclcpp_cbg_executor/share/examples_rclcpp_cbg_executor/local_setup.bash
[30.849s] -- Symlinking: /home/godoistvan/ros2_ws/install/examples_rclcpp_cbg_executor/share/examples_rclcpp_cbg_executor/local_setup.sh
[30.855s] -- Symlinking: /home/godoistvan/ros2_ws/install/examples_rclcpp_cbg_executor/share/examples_rclcpp_cbg_executor/local_setup.zsh
[30.861s] -- Symlinking: /home/godoistvan/ros2_ws/install/examples_rclcpp_cbg_executor/share/examples_rclcpp_cbg_executor/local_setup.dsv
[30.867s] -- Symlinking: /home/godoistvan/ros2_ws/install/examples_rclcpp_cbg_executor/share/examples_rclcpp_cbg_executor/package.dsv
[30.874s] -- Symlinking: /home/godoistvan/ros2_ws/install/examples_rclcpp_cbg_executor/share/ament_index/resource_index/packages/examples_rclcpp_cbg_executor
[30.882s] -- Symlinking: /home/godoistvan/ros2_ws/install/examples_rclcpp_cbg_executor/share/examples_rclcpp_cbg_executor/cmake/ament_cmake_export_dependencies-extras.cmake
[30.888s] -- Symlinking: /home/godoistvan/ros2_ws/install/examples_rclcpp_cbg_executor/share/examples_rclcpp_cbg_executor/cmake/examples_rclcpp_cbg_executorConfig.cmake
[30.893s] -- Symlinking: /home/godoistvan/ros2_ws/install/examples_rclcpp_cbg_executor/share/examples_rclcpp_cbg_executor/cmake/examples_rclcpp_cbg_executorConfig-version.cmake
[30.898s] -- Symlinking: /home/godoistvan/ros2_ws/install/examples_rclcpp_cbg_executor/share/examples_rclcpp_cbg_executor/package.xml
[30.906s] Invoked command in '/home/godoistvan/ros2_ws/build/examples_rclcpp_cbg_executor' returned '0': CMAKE_PREFIX_PATH=/opt/ros/humble /usr/bin/cmake --install /home/godoistvan/ros2_ws/build/examples_rclcpp_cbg_executor
