2025-05-18 16:20:30.262 [info] [main] Log level: Info
2025-05-18 16:20:30.262 [info] [main] Validating found git in: "git"
2025-05-18 16:20:30.262 [info] [main] Using git "2.34.1" from "git"
2025-05-18 16:20:30.262 [info] [Model][doInitialScan] Initial repository scan started
2025-05-18 16:20:30.262 [info] > git rev-parse --show-toplevel [3ms]
2025-05-18 16:20:30.262 [info] fatal: not a git repository (or any of the parent directories): .git
2025-05-18 16:20:30.262 [info] > git rev-parse --show-toplevel [14ms]
2025-05-18 16:20:30.262 [info] fatal: not a git repository (or any of the parent directories): .git
2025-05-18 16:20:30.262 [info] > git rev-parse --show-toplevel [3ms]
2025-05-18 16:20:30.262 [info] fatal: not a git repository (or any of the parent directories): .git
2025-05-18 16:20:30.262 [info] > git rev-parse --show-toplevel [0ms]
2025-05-18 16:20:30.262 [info] fatal: not a git repository (or any of the parent directories): .git
2025-05-18 16:20:30.264 [info] > git rev-parse --show-toplevel [0ms]
2025-05-18 16:20:30.264 [info] fatal: not a git repository (or any of the parent directories): .git
2025-05-18 16:20:30.266 [info] > git rev-parse --show-toplevel [0ms]
2025-05-18 16:20:30.266 [info] fatal: not a git repository (or any of the parent directories): .git
2025-05-18 16:20:30.268 [info] [Model][doInitialScan] Initial repository scan completed - repositories (0), closed repositories (0), parent repositories (0), unsafe repositories (0)
2025-05-18 16:20:31.812 [info] > git rev-parse --show-toplevel [0ms]
2025-05-18 16:20:31.812 [info] fatal: not a git repository (or any of the parent directories): .git
2025-05-18 16:21:35.040 [info] > git rev-parse --show-toplevel [5ms]
2025-05-18 16:21:35.040 [info] fatal: not a git repository (or any of the parent directories): .git
2025-05-18 16:21:36.982 [info] > git rev-parse --show-toplevel [1ms]
2025-05-18 16:21:36.982 [info] fatal: not a git repository (or any of the parent directories): .git
2025-05-18 16:21:37.811 [info] > git rev-parse --show-toplevel [0ms]
2025-05-18 16:21:37.811 [info] fatal: not a git repository (or any of the parent directories): .git
2025-05-18 16:21:38.867 [info] > git rev-parse --show-toplevel [1ms]
2025-05-18 16:21:38.867 [info] fatal: not a git repository (or any of the parent directories): .git
2025-05-18 16:21:40.942 [info] > git rev-parse --show-toplevel [0ms]
2025-05-18 16:21:40.942 [info] fatal: not a git repository (or any of the parent directories): .git
2025-05-18 16:21:41.332 [info] > git rev-parse --show-toplevel [1ms]
2025-05-18 16:21:41.332 [info] fatal: not a git repository (or any of the parent directories): .git
2025-05-18 16:21:44.325 [info] > git rev-parse --show-toplevel [1ms]
2025-05-18 16:21:44.325 [info] fatal: not a git repository (or any of the parent directories): .git
2025-05-18 16:21:44.742 [info] > git rev-parse --show-toplevel [0ms]
2025-05-18 16:21:44.742 [info] fatal: not a git repository (or any of the parent directories): .git
2025-05-18 16:21:51.254 [info] > git rev-parse --show-toplevel [1ms]
2025-05-18 16:21:51.254 [info] fatal: not a git repository (or any of the parent directories): .git
2025-05-18 16:21:51.041 [info] > git rev-parse --show-toplevel [1ms]
2025-05-18 16:21:51.041 [info] fatal: not a git repository (or any of the parent directories): .git
2025-05-18 16:23:07.243 [info] > git rev-parse --show-toplevel [1ms]
2025-05-18 16:23:07.243 [info] fatal: not a git repository (or any of the parent directories): .git
2025-05-18 16:23:40.083 [info] > git rev-parse --show-toplevel [4ms]
2025-05-18 16:23:40.083 [info] fatal: not a git repository (or any of the parent directories): .git
2025-05-18 16:26:37.793 [info] > git rev-parse --show-toplevel [2ms]
2025-05-18 16:26:37.799 [info] > git rev-parse --git-dir --git-common-dir [2ms]
2025-05-18 16:26:37.804 [info] [Model][openRepository] Opened repository (path): /home/godoistvan/ros2_ws/src/examples
2025-05-18 16:26:37.804 [info] [Model][openRepository] Opened repository (real path): /home/godoistvan/ros2_ws/src/examples
2025-05-18 16:26:37.809 [info] > git config --get commit.template [2ms]
2025-05-18 16:26:37.810 [info] > git for-each-ref --format=%(refname)%00%(upstream:short)%00%(objectname)%00%(upstream:track)%00%(upstream:remotename)%00%(upstream:remoteref) refs/heads/master refs/remotes/master [1ms]
2025-05-18 16:26:37.811 [warning] [Git][getBranch] No such branch: master
2025-05-18 16:26:37.814 [info] > git status -z -uall [2ms]
2025-05-18 16:26:37.815 [info] > git for-each-ref --sort -committerdate --format %(refname)%00%(objectname)%00%(*objectname) [1ms]
2025-05-18 16:26:37.821 [info] > git for-each-ref --format=%(refname)%00%(upstream:short)%00%(objectname)%00%(upstream:track)%00%(upstream:remotename)%00%(upstream:remoteref) refs/heads/master refs/remotes/master [3ms]
2025-05-18 16:26:37.822 [warning] [Git][getBranch] No such branch: master
2025-05-18 16:26:37.822 [error] [GitHistoryProvider][resolveHEADMergeBase] Failed to resolve merge base for master: Error: No such branch: master.
2025-05-18 16:26:37.823 [info] > git config --get commit.template [3ms]
2025-05-18 16:26:37.826 [info] > git for-each-ref --format=%(refname)%00%(upstream:short)%00%(objectname)%00%(upstream:track)%00%(upstream:remotename)%00%(upstream:remoteref) refs/heads/master refs/remotes/master [1ms]
2025-05-18 16:26:37.826 [warning] [Git][getBranch] No such branch: master
2025-05-18 16:26:37.829 [info] > git status -z -uall [2ms]
2025-05-18 16:26:37.830 [info] > git for-each-ref --sort -committerdate --format %(refname)%00%(objectname)%00%(*objectname) [1ms]
2025-05-18 16:26:39.236 [info] > git config --get commit.template [2ms]
2025-05-18 16:26:39.236 [info] > git for-each-ref --format=%(refname)%00%(upstream:short)%00%(objectname)%00%(upstream:track)%00%(upstream:remotename)%00%(upstream:remoteref) refs/heads/humble refs/remotes/humble [1ms]
2025-05-18 16:26:39.237 [warning] [Git][revParse] Unable to read file: ENOENT: no such file or directory, open '/home/godoistvan/ros2_ws/src/examples/.git/refs/remotes/origin/humble'
2025-05-18 16:26:39.238 [info] > git rev-parse refs/remotes/origin/humble [1ms]
2025-05-18 16:26:39.242 [info] > git for-each-ref --sort -committerdate --format %(refname)%00%(objectname)%00%(*objectname) [1ms]
2025-05-18 16:26:39.243 [info] > git status -z -uall [3ms]
2025-05-18 16:26:39.260 [info] > git for-each-ref --format=%(refname)%00%(upstream:short)%00%(objectname)%00%(upstream:track)%00%(upstream:remotename)%00%(upstream:remoteref) refs/heads/humble refs/remotes/humble [1ms]
2025-05-18 16:26:39.263 [info] > git config --get --local branch.humble.vscode-merge-base [1ms]
2025-05-18 16:26:39.263 [warning] [Git][config] git config failed: Failed to execute git
2025-05-18 16:26:39.265 [info] > git reflog humble --grep-reflog=branch: Created from *. [1ms]
2025-05-18 16:26:39.267 [info] > git symbolic-ref --short refs/remotes/origin/HEAD [1ms]
2025-05-18 16:26:39.269 [info] > git for-each-ref --format=%(refname)%00%(upstream:short)%00%(objectname)%00%(upstream:track)%00%(upstream:remotename)%00%(upstream:remoteref) refs/heads/origin/rolling refs/remotes/origin/rolling [1ms]
2025-05-18 16:26:39.272 [info] > git config --add --local branch.humble.vscode-merge-base origin/rolling [1ms]
2025-05-18 16:26:39.276 [info] > git config --get commit.template [1ms]
2025-05-18 16:26:39.276 [info] > git for-each-ref --format=%(refname)%00%(upstream:short)%00%(objectname)%00%(upstream:track)%00%(upstream:remotename)%00%(upstream:remoteref) refs/heads/humble refs/remotes/humble [1ms]
2025-05-18 16:26:39.277 [warning] [Git][revParse] Unable to read file: ENOENT: no such file or directory, open '/home/godoistvan/ros2_ws/src/examples/.git/refs/remotes/origin/humble'
2025-05-18 16:26:39.277 [info] > git rev-parse refs/remotes/origin/humble [0ms]
2025-05-18 16:26:39.281 [info] > git for-each-ref --sort -committerdate --format %(refname)%00%(objectname)%00%(*objectname) [1ms]
2025-05-18 16:26:39.281 [info] > git status -z -uall [3ms]
2025-05-18 16:26:39.286 [info] > git merge-base refs/heads/humble refs/remotes/origin/humble [0ms]
2025-05-18 16:26:39.288 [info] > git for-each-ref --format=%(refname)%00%(upstream:short)%00%(objectname)%00%(upstream:track)%00%(upstream:remotename)%00%(upstream:remoteref) refs/heads/humble refs/remotes/humble [4ms]
2025-05-18 16:26:39.289 [info] > git diff --name-status -z --diff-filter=ADMR abea9df82716ea200a03143945d98451dc590779...refs/remotes/origin/humble [1ms]
2025-05-18 16:26:39.290 [info] > git config --get --local branch.humble.vscode-merge-base [1ms]
2025-05-18 16:26:39.292 [info] > git for-each-ref --format=%(refname)%00%(upstream:short)%00%(objectname)%00%(upstream:track)%00%(upstream:remotename)%00%(upstream:remoteref) refs/heads/origin/rolling refs/remotes/origin/rolling [1ms]
2025-05-18 16:26:40.548 [info] > git check-ignore -v -z --stdin [1ms]
2025-05-18 16:26:57.797 [info] > git config --get commit.template [2ms]
2025-05-18 16:26:57.797 [info] > git for-each-ref --format=%(refname)%00%(upstream:short)%00%(objectname)%00%(upstream:track)%00%(upstream:remotename)%00%(upstream:remoteref) refs/heads/humble refs/remotes/humble [0ms]
2025-05-18 16:26:57.799 [warning] [Git][revParse] Unable to read file: ENOENT: no such file or directory, open '/home/godoistvan/ros2_ws/src/examples/.git/refs/remotes/origin/humble'
2025-05-18 16:26:57.799 [info] > git rev-parse refs/remotes/origin/humble [0ms]
2025-05-18 16:26:57.803 [info] > git for-each-ref --sort -committerdate --format %(refname)%00%(objectname)%00%(*objectname) [1ms]
2025-05-18 16:26:57.804 [info] > git status -z -uall [3ms]
2025-05-18 16:28:00.427 [info] > git rev-parse --show-toplevel [6ms]
2025-05-18 16:28:00.427 [info] fatal: not a git repository (or any of the parent directories): .git
2025-05-18 16:28:00.429 [info] > git rev-parse --show-toplevel [1ms]
2025-05-18 16:28:00.429 [info] fatal: not a git repository (or any of the parent directories): .git
2025-05-18 16:28:00.431 [info] > git rev-parse --show-toplevel [0ms]
2025-05-18 16:28:00.431 [info] fatal: not a git repository (or any of the parent directories): .git
2025-05-18 16:28:00.432 [info] > git rev-parse --show-toplevel [0ms]
2025-05-18 16:28:00.432 [info] fatal: not a git repository (or any of the parent directories): .git
2025-05-18 16:28:00.434 [info] > git rev-parse --show-toplevel [1ms]
2025-05-18 16:28:00.434 [info] fatal: not a git repository (or any of the parent directories): .git
2025-05-18 16:28:00.435 [info] > git rev-parse --show-toplevel [0ms]
2025-05-18 16:28:00.436 [info] fatal: not a git repository (or any of the parent directories): .git
2025-05-18 16:28:14.520 [info] > git rev-parse --show-toplevel [1ms]
2025-05-18 16:28:14.520 [info] fatal: not a git repository (or any of the parent directories): .git
2025-05-18 16:38:45.431 [info] > git rev-parse --show-toplevel [4ms]
2025-05-18 16:38:45.431 [info] fatal: not a git repository (or any of the parent directories): .git
2025-05-18 16:38:49.875 [info] > git rev-parse --show-toplevel [1ms]
2025-05-18 16:38:49.875 [info] fatal: not a git repository (or any of the parent directories): .git
2025-05-18 16:39:07.266 [info] > git rev-parse --show-toplevel [0ms]
2025-05-18 16:39:07.269 [info] > git rev-parse --git-dir --git-common-dir [1ms]
2025-05-18 16:39:07.278 [info] [Model][openRepository] Opened repository (path): /home/godoistvan
2025-05-18 16:39:07.278 [info] [Model][openRepository] Opened repository (real path): /home/godoistvan
2025-05-18 16:39:07.282 [info] > git config --get commit.template [1ms]
2025-05-18 16:39:07.282 [info] [Git][getRemotes] No remotes found in the git config file
2025-05-18 16:39:07.284 [info] > git for-each-ref --format=%(refname)%00%(upstream:short)%00%(objectname)%00%(upstream:track)%00%(upstream:remotename)%00%(upstream:remoteref) refs/heads/master refs/remotes/master [0ms]
2025-05-18 16:39:07.285 [warning] [Git][getBranch] No such branch: master
2025-05-18 16:39:07.289 [info] > git for-each-ref --sort -committerdate --format %(refname)%00%(objectname)%00%(*objectname) [0ms]
2025-05-18 16:39:07.305 [info] > git status -z -uall [18ms]
2025-05-18 16:39:07.344 [info] > git for-each-ref --format=%(refname)%00%(upstream:short)%00%(objectname)%00%(upstream:track)%00%(upstream:remotename)%00%(upstream:remoteref) refs/heads/master refs/remotes/master [6ms]
2025-05-18 16:39:07.344 [warning] [Git][getBranch] No such branch: master
2025-05-18 16:39:07.345 [error] [GitHistoryProvider][resolveHEADMergeBase] Failed to resolve merge base for master: Error: No such branch: master.
2025-05-18 16:39:07.346 [info] > git config --get commit.template [5ms]
2025-05-18 16:39:07.348 [info] [Git][getRemotes] No remotes found in the git config file
2025-05-18 16:39:07.349 [info] > git for-each-ref --format=%(refname)%00%(upstream:short)%00%(objectname)%00%(upstream:track)%00%(upstream:remotename)%00%(upstream:remoteref) refs/heads/master refs/remotes/master [1ms]
2025-05-18 16:39:07.349 [warning] [Git][getBranch] No such branch: master
2025-05-18 16:39:07.361 [info] > git for-each-ref --sort -committerdate --format %(refname)%00%(objectname)%00%(*objectname) [9ms]
2025-05-18 16:39:07.364 [info] > git status -z -uall [14ms]
2025-05-18 16:39:07.797 [info] > git check-ignore -v -z --stdin [0ms]
2025-05-18 16:39:10.704 [info] > git config --get commit.template [1ms]
2025-05-18 16:39:10.706 [info] [Git][getRemotes] No remotes found in the git config file
2025-05-18 16:39:10.706 [info] > git for-each-ref --format=%(refname)%00%(upstream:short)%00%(objectname)%00%(upstream:track)%00%(upstream:remotename)%00%(upstream:remoteref) refs/heads/master refs/remotes/master [1ms]
2025-05-18 16:39:10.706 [warning] [Git][getBranch] No such branch: master
2025-05-18 16:39:10.709 [info] > git for-each-ref --sort -committerdate --format %(refname)%00%(objectname)%00%(*objectname) [1ms]
2025-05-18 16:39:10.721 [info] > git status -z -uall [14ms]
2025-05-18 16:39:15.743 [info] [Git][getRemotes] No remotes found in the git config file
2025-05-18 16:39:15.743 [info] > git config --get commit.template [2ms]
2025-05-18 16:39:15.744 [info] > git for-each-ref --format=%(refname)%00%(upstream:short)%00%(objectname)%00%(upstream:track)%00%(upstream:remotename)%00%(upstream:remoteref) refs/heads/main refs/remotes/main [1ms]
2025-05-18 16:39:15.744 [warning] [Git][getBranch] No such branch: main
2025-05-18 16:39:15.748 [info] > git for-each-ref --sort -committerdate --format %(refname)%00%(objectname)%00%(*objectname) [1ms]
2025-05-18 16:39:15.802 [info] > git status -z -uall [57ms]
2025-05-18 16:39:15.820 [info] > git for-each-ref --format=%(refname)%00%(upstream:short)%00%(objectname)%00%(upstream:track)%00%(upstream:remotename)%00%(upstream:remoteref) refs/heads/main refs/remotes/main [2ms]
2025-05-18 16:39:15.820 [warning] [Git][getBranch] No such branch: main
2025-05-18 16:39:15.821 [error] [GitHistoryProvider][resolveHEADMergeBase] Failed to resolve merge base for main: Error: No such branch: main.
2025-05-18 16:39:16.406 [info] > git show --textconv :.gitconfig [4ms]
2025-05-18 16:39:16.406 [info] > git show --textconv HEAD:.gitconfig [3ms]
2025-05-18 16:39:16.406 [info] > git ls-files --stage -- .gitconfig [2ms]
2025-05-18 16:39:16.409 [info] > git hash-object -t tree /dev/null [1ms]
2025-05-18 16:39:16.409 [warning] [GitFileSystemProvider][readFile] File not found - git:/home/godoistvan/.gitconfig.git?%7B%22path%22%3A%22%2Fhome%2Fgodoistvan%2F.gitconfig%22%2C%22ref%22%3A%22HEAD%22%7D
2025-05-18 16:39:16.420 [info] > git cat-file -s 98a080be329e7fa5fffaecee4c755a597f168980 [13ms]
2025-05-18 16:39:16.421 [info] > git ls-tree -l HEAD -- .gitconfig [15ms]
2025-05-18 16:39:16.421 [info] fatal: Not a valid object name HEAD
2025-05-18 16:39:16.421 [warning] [GitFileSystemProvider][stat] File not found - git:/home/godoistvan/.gitconfig.git?%7B%22path%22%3A%22%2Fhome%2Fgodoistvan%2F.gitconfig%22%2C%22ref%22%3A%22HEAD%22%7D
2025-05-18 16:39:20.825 [info] [Git][getRemotes] No remotes found in the git config file
2025-05-18 16:39:20.825 [info] > git config --get commit.template [2ms]
2025-05-18 16:39:20.825 [info] > git for-each-ref --format=%(refname)%00%(upstream:short)%00%(objectname)%00%(upstream:track)%00%(upstream:remotename)%00%(upstream:remoteref) refs/heads/main refs/remotes/main [1ms]
2025-05-18 16:39:20.825 [warning] [Git][getBranch] No such branch: main
2025-05-18 16:39:20.829 [info] > git for-each-ref --sort -committerdate --format %(refname)%00%(objectname)%00%(*objectname) [1ms]
2025-05-18 16:39:20.845 [info] > git status -z -uall [19ms]
2025-05-18 16:39:25.869 [info] [Git][getRemotes] No remotes found in the git config file
2025-05-18 16:39:25.869 [info] > git config --get commit.template [2ms]
2025-05-18 16:39:25.869 [info] > git for-each-ref --format=%(refname)%00%(upstream:short)%00%(objectname)%00%(upstream:track)%00%(upstream:remotename)%00%(upstream:remoteref) refs/heads/main refs/remotes/main [0ms]
2025-05-18 16:39:25.870 [warning] [Git][getBranch] No such branch: main
2025-05-18 16:39:25.873 [info] > git for-each-ref --sort -committerdate --format %(refname)%00%(objectname)%00%(*objectname) [1ms]
2025-05-18 16:39:25.888 [info] > git status -z -uall [17ms]
2025-05-18 16:39:30.909 [info] > git config --get commit.template [2ms]
2025-05-18 16:39:30.909 [info] [Git][getRemotes] No remotes found in the git config file
2025-05-18 16:39:30.909 [info] > git for-each-ref --format=%(refname)%00%(upstream:short)%00%(objectname)%00%(upstream:track)%00%(upstream:remotename)%00%(upstream:remoteref) refs/heads/main refs/remotes/main [1ms]
2025-05-18 16:39:30.909 [warning] [Git][getBranch] No such branch: main
2025-05-18 16:39:30.912 [info] > git for-each-ref --sort -committerdate --format %(refname)%00%(objectname)%00%(*objectname) [0ms]
2025-05-18 16:39:30.929 [info] > git status -z -uall [19ms]
2025-05-18 16:39:36.073 [info] [Git][getRemotes] No remotes found in the git config file
2025-05-18 16:39:36.073 [info] > git config --get commit.template [2ms]
2025-05-18 16:39:36.074 [info] > git for-each-ref --format=%(refname)%00%(upstream:short)%00%(objectname)%00%(upstream:track)%00%(upstream:remotename)%00%(upstream:remoteref) refs/heads/main refs/remotes/main [1ms]
2025-05-18 16:39:36.074 [warning] [Git][getBranch] No such branch: main
2025-05-18 16:39:36.078 [info] > git for-each-ref --sort -committerdate --format %(refname)%00%(objectname)%00%(*objectname) [1ms]
2025-05-18 16:39:36.093 [info] > git status -z -uall [18ms]
2025-05-18 16:39:40.155 [info] [Git][getRemotes] No remotes found in the git config file
2025-05-18 16:39:40.156 [info] > git config --get commit.template [2ms]
2025-05-18 16:39:40.156 [info] > git for-each-ref --format=%(refname)%00%(upstream:short)%00%(objectname)%00%(upstream:track)%00%(upstream:remotename)%00%(upstream:remoteref) refs/heads/main refs/remotes/main [1ms]
2025-05-18 16:39:40.156 [warning] [Git][getBranch] No such branch: main
2025-05-18 16:39:40.160 [info] > git for-each-ref --sort -committerdate --format %(refname)%00%(objectname)%00%(*objectname) [0ms]
2025-05-18 16:39:40.177 [info] > git status -z -uall [18ms]
2025-05-18 16:39:45.204 [info] [Git][getRemotes] No remotes found in the git config file
2025-05-18 16:39:45.205 [info] > git config --get commit.template [2ms]
2025-05-18 16:39:45.205 [info] > git for-each-ref --format=%(refname)%00%(upstream:short)%00%(objectname)%00%(upstream:track)%00%(upstream:remotename)%00%(upstream:remoteref) refs/heads/main refs/remotes/main [1ms]
2025-05-18 16:39:45.205 [warning] [Git][getBranch] No such branch: main
2025-05-18 16:39:45.209 [info] > git for-each-ref --sort -committerdate --format %(refname)%00%(objectname)%00%(*objectname) [1ms]
2025-05-18 16:39:45.222 [info] > git status -z -uall [16ms]
2025-05-18 16:39:50.253 [info] [Git][getRemotes] No remotes found in the git config file
2025-05-18 16:39:50.253 [info] > git config --get commit.template [4ms]
2025-05-18 16:39:50.253 [info] > git for-each-ref --format=%(refname)%00%(upstream:short)%00%(objectname)%00%(upstream:track)%00%(upstream:remotename)%00%(upstream:remoteref) refs/heads/main refs/remotes/main [0ms]
2025-05-18 16:39:50.253 [warning] [Git][getBranch] No such branch: main
2025-05-18 16:39:50.258 [info] > git for-each-ref --sort -committerdate --format %(refname)%00%(objectname)%00%(*objectname) [1ms]
2025-05-18 16:39:50.272 [info] > git status -z -uall [17ms]
2025-05-18 16:39:55.310 [info] [Git][getRemotes] No remotes found in the git config file
2025-05-18 16:39:55.310 [info] > git config --get commit.template [2ms]
2025-05-18 16:39:55.314 [info] > git for-each-ref --format=%(refname)%00%(upstream:short)%00%(objectname)%00%(upstream:track)%00%(upstream:remotename)%00%(upstream:remoteref) refs/heads/main refs/remotes/main [4ms]
2025-05-18 16:39:55.315 [warning] [Git][getBranch] No such branch: main
2025-05-18 16:39:55.319 [info] > git for-each-ref --sort -committerdate --format %(refname)%00%(objectname)%00%(*objectname) [0ms]
2025-05-18 16:39:55.515 [info] > git status -z -uall [198ms]
2025-05-18 16:40:00.545 [info] [Git][getRemotes] No remotes found in the git config file
2025-05-18 16:40:00.545 [info] > git config --get commit.template [4ms]
2025-05-18 16:40:00.545 [info] > git for-each-ref --format=%(refname)%00%(upstream:short)%00%(objectname)%00%(upstream:track)%00%(upstream:remotename)%00%(upstream:remoteref) refs/heads/main refs/remotes/main [1ms]
2025-05-18 16:40:00.545 [warning] [Git][getBranch] No such branch: main
2025-05-18 16:40:00.550 [info] > git for-each-ref --sort -committerdate --format %(refname)%00%(objectname)%00%(*objectname) [2ms]
2025-05-18 16:40:00.565 [info] > git status -z -uall [19ms]
2025-05-18 16:40:06.045 [info] [Git][getRemotes] No remotes found in the git config file
2025-05-18 16:40:06.046 [info] > git config --get commit.template [3ms]
2025-05-18 16:40:06.046 [info] > git for-each-ref --format=%(refname)%00%(upstream:short)%00%(objectname)%00%(upstream:track)%00%(upstream:remotename)%00%(upstream:remoteref) refs/heads/main refs/remotes/main [1ms]
2025-05-18 16:40:06.046 [warning] [Git][getBranch] No such branch: main
2025-05-18 16:40:06.050 [info] > git for-each-ref --sort -committerdate --format %(refname)%00%(objectname)%00%(*objectname) [1ms]
2025-05-18 16:40:06.063 [info] > git status -z -uall [16ms]
2025-05-18 16:40:09.981 [info] > git config --get commit.template [2ms]
2025-05-18 16:40:09.982 [info] [Git][getRemotes] No remotes found in the git config file
2025-05-18 16:40:09.982 [info] > git for-each-ref --format=%(refname)%00%(upstream:short)%00%(objectname)%00%(upstream:track)%00%(upstream:remotename)%00%(upstream:remoteref) refs/heads/main refs/remotes/main [1ms]
2025-05-18 16:40:09.982 [warning] [Git][getBranch] No such branch: main
2025-05-18 16:40:09.985 [info] > git for-each-ref --sort -committerdate --format %(refname)%00%(objectname)%00%(*objectname) [0ms]
2025-05-18 16:40:10.000 [info] > git status -z -uall [17ms]
2025-05-18 16:40:15.021 [info] [Git][getRemotes] No remotes found in the git config file
2025-05-18 16:40:15.021 [info] > git config --get commit.template [2ms]
2025-05-18 16:40:15.022 [info] > git for-each-ref --format=%(refname)%00%(upstream:short)%00%(objectname)%00%(upstream:track)%00%(upstream:remotename)%00%(upstream:remoteref) refs/heads/main refs/remotes/main [1ms]
2025-05-18 16:40:15.022 [warning] [Git][getBranch] No such branch: main
2025-05-18 16:40:15.026 [info] > git for-each-ref --sort -committerdate --format %(refname)%00%(objectname)%00%(*objectname) [1ms]
2025-05-18 16:40:15.042 [info] > git status -z -uall [18ms]
2025-05-18 16:40:20.065 [info] [Git][getRemotes] No remotes found in the git config file
2025-05-18 16:40:20.065 [info] > git config --get commit.template [3ms]
2025-05-18 16:40:20.066 [info] > git for-each-ref --format=%(refname)%00%(upstream:short)%00%(objectname)%00%(upstream:track)%00%(upstream:remotename)%00%(upstream:remoteref) refs/heads/main refs/remotes/main [1ms]
2025-05-18 16:40:20.066 [warning] [Git][getBranch] No such branch: main
2025-05-18 16:40:20.070 [info] > git for-each-ref --sort -committerdate --format %(refname)%00%(objectname)%00%(*objectname) [1ms]
2025-05-18 16:40:20.083 [info] > git status -z -uall [16ms]
2025-05-18 16:40:34.425 [info] > git config --get commit.template [1ms]
2025-05-18 16:40:34.427 [info] [Git][getRemotes] No remotes found in the git config file
2025-05-18 16:40:34.428 [info] > git for-each-ref --format=%(refname)%00%(upstream:short)%00%(objectname)%00%(upstream:track)%00%(upstream:remotename)%00%(upstream:remoteref) refs/heads/main refs/remotes/main [1ms]
2025-05-18 16:40:34.428 [warning] [Git][getBranch] No such branch: main
2025-05-18 16:40:34.433 [info] > git for-each-ref --sort -committerdate --format %(refname)%00%(objectname)%00%(*objectname) [1ms]
2025-05-18 16:40:34.449 [info] > git status -z -uall [19ms]
2025-05-18 16:41:26.485 [info] > git config --get commit.template [1ms]
2025-05-18 16:41:26.488 [info] [Git][getRemotes] No remotes found in the git config file
2025-05-18 16:41:26.489 [info] > git for-each-ref --format=%(refname)%00%(upstream:short)%00%(objectname)%00%(upstream:track)%00%(upstream:remotename)%00%(upstream:remoteref) refs/heads/main refs/remotes/main [1ms]
2025-05-18 16:41:26.489 [warning] [Git][getBranch] No such branch: main
2025-05-18 16:41:26.494 [info] > git for-each-ref --sort -committerdate --format %(refname)%00%(objectname)%00%(*objectname) [0ms]
2025-05-18 16:41:26.510 [info] > git status -z -uall [19ms]
2025-05-18 16:41:31.543 [info] [Git][getRemotes] No remotes found in the git config file
2025-05-18 16:41:31.544 [info] > git config --get commit.template [3ms]
2025-05-18 16:41:31.544 [info] > git for-each-ref --format=%(refname)%00%(upstream:short)%00%(objectname)%00%(upstream:track)%00%(upstream:remotename)%00%(upstream:remoteref) refs/heads/main refs/remotes/main [1ms]
2025-05-18 16:41:31.544 [warning] [Git][getBranch] No such branch: main
2025-05-18 16:41:31.547 [info] > git for-each-ref --sort -committerdate --format %(refname)%00%(objectname)%00%(*objectname) [0ms]
2025-05-18 16:41:31.561 [info] > git status -z -uall [16ms]
2025-05-18 16:41:36.587 [info] > git config --get commit.template [1ms]
2025-05-18 16:41:36.590 [info] [Git][getRemotes] No remotes found in the git config file
2025-05-18 16:41:36.591 [info] > git for-each-ref --format=%(refname)%00%(upstream:short)%00%(objectname)%00%(upstream:track)%00%(upstream:remotename)%00%(upstream:remoteref) refs/heads/main refs/remotes/main [1ms]
2025-05-18 16:41:36.591 [warning] [Git][getBranch] No such branch: main
2025-05-18 16:41:36.597 [info] > git for-each-ref --sort -committerdate --format %(refname)%00%(objectname)%00%(*objectname) [1ms]
2025-05-18 16:41:36.614 [info] > git status -z -uall [21ms]
2025-05-18 16:41:44.828 [info] [Git][getRemotes] No remotes found in the git config file
2025-05-18 16:41:44.828 [info] > git config --get commit.template [2ms]
2025-05-18 16:41:44.829 [info] > git for-each-ref --format=%(refname)%00%(upstream:short)%00%(objectname)%00%(upstream:track)%00%(upstream:remotename)%00%(upstream:remoteref) refs/heads/main refs/remotes/main [1ms]
2025-05-18 16:41:44.829 [warning] [Git][getBranch] No such branch: main
2025-05-18 16:41:44.833 [info] > git for-each-ref --sort -committerdate --format %(refname)%00%(objectname)%00%(*objectname) [1ms]
2025-05-18 16:41:44.848 [info] > git status -z -uall [18ms]
2025-05-18 16:43:06.316 [info] > git config --get commit.template [1ms]
2025-05-18 16:43:06.316 [info] [Git][getRemotes] No remotes found in the git config file
2025-05-18 16:43:06.318 [info] > git for-each-ref --format=%(refname)%00%(upstream:short)%00%(objectname)%00%(upstream:track)%00%(upstream:remotename)%00%(upstream:remoteref) refs/heads/main refs/remotes/main [1ms]
2025-05-18 16:43:06.318 [warning] [Git][getBranch] No such branch: main
2025-05-18 16:43:06.321 [info] > git for-each-ref --sort -committerdate --format %(refname)%00%(objectname)%00%(*objectname) [0ms]
2025-05-18 16:43:06.338 [info] > git status -z -uall [19ms]
2025-05-18 16:43:11.366 [info] [Git][getRemotes] No remotes found in the git config file
2025-05-18 16:43:11.366 [info] > git config --get commit.template [1ms]
2025-05-18 16:43:11.367 [info] > git for-each-ref --format=%(refname)%00%(upstream:short)%00%(objectname)%00%(upstream:track)%00%(upstream:remotename)%00%(upstream:remoteref) refs/heads/main refs/remotes/main [1ms]
2025-05-18 16:43:11.370 [info] > git for-each-ref --sort -committerdate --format %(refname)%00%(objectname)%00%(*objectname) [1ms]
2025-05-18 16:43:11.381 [info] > git status -z -uall [13ms]
2025-05-18 16:43:11.411 [info] > git blame --root --incremental dc828e767f87f15a50588fad22dc6f7a5903ddbb -- .gitconfig [1ms]
2025-05-18 16:43:11.694 [info] > git config --get commit.template [0ms]
2025-05-18 16:43:11.698 [info] > git for-each-ref --format=%(refname)%00%(upstream:short)%00%(objectname)%00%(upstream:track)%00%(upstream:remotename)%00%(upstream:remoteref) refs/heads/humble refs/remotes/humble [2ms]
2025-05-18 16:43:11.701 [warning] [Git][revParse] Unable to read file: ENOENT: no such file or directory, open '/home/godoistvan/ros2_ws/src/examples/.git/refs/remotes/origin/humble'
2025-05-18 16:43:11.702 [info] > git rev-parse refs/remotes/origin/humble [1ms]
2025-05-18 16:43:11.734 [info] > git status -z -uall [30ms]
2025-05-18 16:43:11.735 [info] > git for-each-ref --sort -committerdate --format %(refname)%00%(objectname)%00%(*objectname) [28ms]
2025-05-18 16:43:14.504 [info] > git ls-files --stage -- .gitconfig [2ms]
2025-05-18 16:43:14.507 [info] > git cat-file -s 4abab9aa31f52a101c45666ad27e0ea685b556cd [1ms]
2025-05-18 16:43:14.516 [info] > git show --textconv :.gitconfig [2ms]
2025-05-18 16:43:17.432 [info] > git config --get commit.template [2ms]
2025-05-18 16:43:17.432 [info] > git for-each-ref --format=%(refname)%00%(upstream:short)%00%(objectname)%00%(upstream:track)%00%(upstream:remotename)%00%(upstream:remoteref) refs/heads/main refs/remotes/main [1ms]
2025-05-18 16:43:17.438 [info] > git for-each-ref --sort -committerdate --format %(refname)%00%(objectname)%00%(*objectname) [1ms]
2025-05-18 16:43:17.450 [info] > git status -z -uall [16ms]
2025-05-18 16:43:19.454 [info] > git check-ignore -v -z --stdin [2ms]
2025-05-18 16:43:22.458 [info] > git config --get commit.template [2ms]
2025-05-18 16:43:22.458 [info] > git for-each-ref --format=%(refname)%00%(upstream:short)%00%(objectname)%00%(upstream:track)%00%(upstream:remotename)%00%(upstream:remoteref) refs/heads/main refs/remotes/main [1ms]
2025-05-18 16:43:22.462 [info] > git for-each-ref --sort -committerdate --format %(refname)%00%(objectname)%00%(*objectname) [1ms]
2025-05-18 16:43:22.474 [info] > git status -z -uall [14ms]
2025-05-18 16:43:27.483 [info] > git config --get commit.template [2ms]
2025-05-18 16:43:27.483 [info] > git for-each-ref --format=%(refname)%00%(upstream:short)%00%(objectname)%00%(upstream:track)%00%(upstream:remotename)%00%(upstream:remoteref) refs/heads/main refs/remotes/main [1ms]
2025-05-18 16:43:27.487 [info] > git for-each-ref --sort -committerdate --format %(refname)%00%(objectname)%00%(*objectname) [1ms]
2025-05-18 16:43:27.499 [info] > git status -z -uall [14ms]
2025-05-18 16:43:39.030 [info] > git config --get commit.template [2ms]
2025-05-18 16:43:39.030 [info] > git for-each-ref --format=%(refname)%00%(upstream:short)%00%(objectname)%00%(upstream:track)%00%(upstream:remotename)%00%(upstream:remoteref) refs/heads/main refs/remotes/main [0ms]
2025-05-18 16:43:39.035 [info] > git for-each-ref --sort -committerdate --format %(refname)%00%(objectname)%00%(*objectname) [1ms]
2025-05-18 16:43:39.047 [info] > git status -z -uall [15ms]
2025-05-18 16:43:42.224 [info] > git ls-files --stage -- .gitconfig [2ms]
2025-05-18 16:43:42.228 [info] > git cat-file -s 4abab9aa31f52a101c45666ad27e0ea685b556cd [1ms]
2025-05-18 16:43:42.233 [info] > git show --textconv :.gitconfig [1ms]
2025-05-18 16:43:44.068 [info] > git config --get commit.template [3ms]
2025-05-18 16:43:44.069 [info] > git for-each-ref --format=%(refname)%00%(upstream:short)%00%(objectname)%00%(upstream:track)%00%(upstream:remotename)%00%(upstream:remoteref) refs/heads/main refs/remotes/main [1ms]
2025-05-18 16:43:44.074 [info] > git for-each-ref --sort -committerdate --format %(refname)%00%(objectname)%00%(*objectname) [1ms]
2025-05-18 16:43:44.084 [info] > git status -z -uall [13ms]
2025-05-18 16:43:44.088 [info] > git merge-base refs/heads/main refs/remotes/origin/main [1ms]
2025-05-18 16:43:44.090 [info] > git diff --name-status -z --diff-filter=ADMR dc828e767f87f15a50588fad22dc6f7a5903ddbb...refs/remotes/origin/main [1ms]
2025-05-18 16:43:47.936 [info] > git config --get commit.template [2ms]
2025-05-18 16:43:47.938 [info] > git for-each-ref --format=%(refname)%00%(upstream:short)%00%(objectname)%00%(upstream:track)%00%(upstream:remotename)%00%(upstream:remoteref) refs/heads/main refs/remotes/main [1ms]
2025-05-18 16:43:47.943 [info] > git for-each-ref --sort -committerdate --format %(refname)%00%(objectname)%00%(*objectname) [1ms]
2025-05-18 16:43:47.954 [info] > git status -z -uall [14ms]
2025-05-18 16:43:52.959 [info] > git config --get commit.template [1ms]
2025-05-18 16:43:52.961 [info] > git for-each-ref --format=%(refname)%00%(upstream:short)%00%(objectname)%00%(upstream:track)%00%(upstream:remotename)%00%(upstream:remoteref) refs/heads/main refs/remotes/main [0ms]
2025-05-18 16:43:52.966 [info] > git for-each-ref --sort -committerdate --format %(refname)%00%(objectname)%00%(*objectname) [0ms]
2025-05-18 16:43:52.977 [info] > git status -z -uall [13ms]
2025-05-18 16:43:53.442 [info] > git check-ignore -v -z --stdin [4ms]
2025-05-18 16:44:16.134 [info] > git config --get commit.template [3ms]
2025-05-18 16:44:16.134 [info] > git for-each-ref --format=%(refname)%00%(upstream:short)%00%(objectname)%00%(upstream:track)%00%(upstream:remotename)%00%(upstream:remoteref) refs/heads/main refs/remotes/main [1ms]
2025-05-18 16:44:16.139 [info] > git for-each-ref --sort -committerdate --format %(refname)%00%(objectname)%00%(*objectname) [1ms]
2025-05-18 16:44:16.150 [info] > git status -z -uall [13ms]
2025-05-18 16:44:18.250 [info] > git ls-files --stage -- .gitconfig [2ms]
2025-05-18 16:44:18.253 [info] > git cat-file -s 4abab9aa31f52a101c45666ad27e0ea685b556cd [1ms]
2025-05-18 16:44:18.259 [info] > git show --textconv :.gitconfig [1ms]
2025-05-18 16:44:19.999 [info] > git config --get commit.template [5ms]
2025-05-18 16:44:19.999 [info] > git for-each-ref --format=%(refname)%00%(upstream:short)%00%(objectname)%00%(upstream:track)%00%(upstream:remotename)%00%(upstream:remoteref) refs/heads/main refs/remotes/main [1ms]
2025-05-18 16:44:20.003 [info] > git for-each-ref --sort -committerdate --format %(refname)%00%(objectname)%00%(*objectname) [1ms]
2025-05-18 16:44:20.015 [info] > git status -z -uall [14ms]
2025-05-18 16:44:20.020 [info] > git merge-base refs/heads/main refs/remotes/origin/main [0ms]
2025-05-18 16:44:20.022 [info] > git blame --root --incremental 28855c35d78b17af8d2855df0bec88aefb30547f -- .gitconfig [4ms]
2025-05-18 16:44:20.023 [info] > git diff --name-status -z --diff-filter=ADMR dc828e767f87f15a50588fad22dc6f7a5903ddbb...refs/remotes/origin/main [0ms]
2025-05-18 16:44:25.038 [info] > git config --get commit.template [7ms]
2025-05-18 16:44:25.039 [info] > git for-each-ref --format=%(refname)%00%(upstream:short)%00%(objectname)%00%(upstream:track)%00%(upstream:remotename)%00%(upstream:remoteref) refs/heads/main refs/remotes/main [4ms]
2025-05-18 16:44:25.043 [info] > git for-each-ref --sort -committerdate --format %(refname)%00%(objectname)%00%(*objectname) [1ms]
2025-05-18 16:44:25.223 [info] > git status -z -uall [182ms]
2025-05-18 16:44:30.228 [info] > git config --get commit.template [2ms]
2025-05-18 16:44:30.229 [info] > git for-each-ref --format=%(refname)%00%(upstream:short)%00%(objectname)%00%(upstream:track)%00%(upstream:remotename)%00%(upstream:remoteref) refs/heads/main refs/remotes/main [0ms]
2025-05-18 16:44:30.232 [info] > git for-each-ref --sort -committerdate --format %(refname)%00%(objectname)%00%(*objectname) [0ms]
2025-05-18 16:44:30.244 [info] > git status -z -uall [14ms]
2025-05-18 16:44:35.262 [info] > git config --get commit.template [3ms]
2025-05-18 16:44:35.262 [info] > git for-each-ref --format=%(refname)%00%(upstream:short)%00%(objectname)%00%(upstream:track)%00%(upstream:remotename)%00%(upstream:remoteref) refs/heads/main refs/remotes/main [1ms]
2025-05-18 16:44:35.267 [info] > git for-each-ref --sort -committerdate --format %(refname)%00%(objectname)%00%(*objectname) [1ms]
2025-05-18 16:44:35.279 [info] > git status -z -uall [14ms]
2025-05-18 16:44:47.420 [info] > git config --get commit.template [2ms]
2025-05-18 16:44:47.421 [info] > git for-each-ref --format=%(refname)%00%(upstream:short)%00%(objectname)%00%(upstream:track)%00%(upstream:remotename)%00%(upstream:remoteref) refs/heads/main refs/remotes/main [1ms]
2025-05-18 16:44:47.425 [info] > git for-each-ref --sort -committerdate --format %(refname)%00%(objectname)%00%(*objectname) [0ms]
2025-05-18 16:44:47.438 [info] > git status -z -uall [14ms]
2025-05-18 16:44:51.328 [info] > git config --get commit.template [2ms]
2025-05-18 16:44:51.329 [info] > git for-each-ref --format=%(refname)%00%(upstream:short)%00%(objectname)%00%(upstream:track)%00%(upstream:remotename)%00%(upstream:remoteref) refs/heads/main refs/remotes/main [1ms]
2025-05-18 16:44:51.333 [info] > git for-each-ref --sort -committerdate --format %(refname)%00%(objectname)%00%(*objectname) [1ms]
2025-05-18 16:44:51.343 [info] > git status -z -uall [13ms]
2025-05-18 16:44:52.163 [info] > git show --textconv :.git-credentials [2ms]
2025-05-18 16:44:52.163 [info] > git ls-files --stage -- .git-credentials [1ms]
2025-05-18 16:44:52.166 [info] > git cat-file -s 95d7941342350c6e3651161c718f193d7a2bb5f6 [1ms]
2025-05-18 16:44:52.629 [info] > git blame --root --incremental 28855c35d78b17af8d2855df0bec88aefb30547f -- .git-credentials [5ms]
2025-05-18 16:44:56.352 [info] > git config --get commit.template [1ms]
2025-05-18 16:44:56.353 [info] > git for-each-ref --format=%(refname)%00%(upstream:short)%00%(objectname)%00%(upstream:track)%00%(upstream:remotename)%00%(upstream:remoteref) refs/heads/main refs/remotes/main [1ms]
2025-05-18 16:44:56.356 [info] > git for-each-ref --sort -committerdate --format %(refname)%00%(objectname)%00%(*objectname) [0ms]
2025-05-18 16:44:56.367 [info] > git status -z -uall [13ms]
2025-05-18 16:45:01.375 [info] > git config --get commit.template [2ms]
2025-05-18 16:45:01.375 [info] > git for-each-ref --format=%(refname)%00%(upstream:short)%00%(objectname)%00%(upstream:track)%00%(upstream:remotename)%00%(upstream:remoteref) refs/heads/main refs/remotes/main [0ms]
2025-05-18 16:45:01.379 [info] > git for-each-ref --sort -committerdate --format %(refname)%00%(objectname)%00%(*objectname) [1ms]
2025-05-18 16:45:01.390 [info] > git status -z -uall [13ms]
2025-05-18 16:45:06.397 [info] > git config --get commit.template [2ms]
2025-05-18 16:45:06.397 [info] > git for-each-ref --format=%(refname)%00%(upstream:short)%00%(objectname)%00%(upstream:track)%00%(upstream:remotename)%00%(upstream:remoteref) refs/heads/main refs/remotes/main [0ms]
2025-05-18 16:45:06.402 [info] > git for-each-ref --sort -committerdate --format %(refname)%00%(objectname)%00%(*objectname) [1ms]
2025-05-18 16:45:06.413 [info] > git status -z -uall [14ms]
2025-05-18 16:45:13.347 [info] > git config --get commit.template [0ms]
2025-05-18 16:45:13.351 [info] > git for-each-ref --format=%(refname)%00%(upstream:short)%00%(objectname)%00%(upstream:track)%00%(upstream:remotename)%00%(upstream:remoteref) refs/heads/main refs/remotes/main [2ms]
2025-05-18 16:45:13.355 [info] > git for-each-ref --sort -committerdate --format %(refname)%00%(objectname)%00%(*objectname) [0ms]
2025-05-18 16:45:13.366 [info] > git status -z -uall [13ms]
2025-05-18 16:45:18.374 [info] > git config --get commit.template [2ms]
2025-05-18 16:45:18.374 [info] > git for-each-ref --format=%(refname)%00%(upstream:short)%00%(objectname)%00%(upstream:track)%00%(upstream:remotename)%00%(upstream:remoteref) refs/heads/main refs/remotes/main [1ms]
2025-05-18 16:45:18.382 [info] > git for-each-ref --sort -committerdate --format %(refname)%00%(objectname)%00%(*objectname) [1ms]
2025-05-18 16:45:18.393 [info] > git status -z -uall [14ms]
2025-05-18 16:45:22.250 [info] > git config --get commit.template [3ms]
2025-05-18 16:45:22.251 [info] > git for-each-ref --format=%(refname)%00%(upstream:short)%00%(objectname)%00%(upstream:track)%00%(upstream:remotename)%00%(upstream:remoteref) refs/heads/main refs/remotes/main [1ms]
2025-05-18 16:45:22.258 [info] > git for-each-ref --sort -committerdate --format %(refname)%00%(objectname)%00%(*objectname) [1ms]
2025-05-18 16:45:22.269 [info] > git status -z -uall [14ms]
2025-05-18 16:45:27.292 [info] > git config --get commit.template [2ms]
2025-05-18 16:45:27.293 [info] > git for-each-ref --format=%(refname)%00%(upstream:short)%00%(objectname)%00%(upstream:track)%00%(upstream:remotename)%00%(upstream:remoteref) refs/heads/main refs/remotes/main [1ms]
2025-05-18 16:45:27.299 [info] > git for-each-ref --sort -committerdate --format %(refname)%00%(objectname)%00%(*objectname) [1ms]
2025-05-18 16:45:27.311 [info] > git status -z -uall [14ms]
2025-05-18 16:46:25.817 [info] > git config --get commit.template [2ms]
2025-05-18 16:46:25.818 [info] > git for-each-ref --format=%(refname)%00%(upstream:short)%00%(objectname)%00%(upstream:track)%00%(upstream:remotename)%00%(upstream:remoteref) refs/heads/main refs/remotes/main [1ms]
2025-05-18 16:46:25.823 [info] > git for-each-ref --sort -committerdate --format %(refname)%00%(objectname)%00%(*objectname) [0ms]
2025-05-18 16:46:25.834 [info] > git status -z -uall [14ms]
2025-05-18 16:47:01.314 [info] > git config --get commit.template [2ms]
2025-05-18 16:47:01.317 [info] > git for-each-ref --format=%(refname)%00%(upstream:short)%00%(objectname)%00%(upstream:track)%00%(upstream:remotename)%00%(upstream:remoteref) refs/heads/main refs/remotes/main [1ms]
2025-05-18 16:47:01.323 [info] > git for-each-ref --sort -committerdate --format %(refname)%00%(objectname)%00%(*objectname) [1ms]
2025-05-18 16:47:01.336 [info] > git status -z -uall [16ms]
2025-05-18 16:47:16.086 [info] > git config --get commit.template [3ms]
2025-05-18 16:47:16.086 [info] > git for-each-ref --format=%(refname)%00%(upstream:short)%00%(objectname)%00%(upstream:track)%00%(upstream:remotename)%00%(upstream:remoteref) refs/heads/main refs/remotes/main [0ms]
2025-05-18 16:47:16.092 [info] > git for-each-ref --sort -committerdate --format %(refname)%00%(objectname)%00%(*objectname) [1ms]
2025-05-18 16:47:16.103 [info] > git status -z -uall [14ms]
2025-05-18 16:47:47.120 [info] > git config --get commit.template [3ms]
2025-05-18 16:47:47.120 [info] > git for-each-ref --format=%(refname)%00%(upstream:short)%00%(objectname)%00%(upstream:track)%00%(upstream:remotename)%00%(upstream:remoteref) refs/heads/main refs/remotes/main [1ms]
2025-05-18 16:47:47.126 [info] > git for-each-ref --sort -committerdate --format %(refname)%00%(objectname)%00%(*objectname) [1ms]
2025-05-18 16:47:47.137 [info] > git status -z -uall [13ms]
2025-05-18 16:47:51.026 [info] > git check-ignore -v -z --stdin [3ms]
2025-05-18 16:47:55.386 [info] > git config --get commit.template [2ms]
2025-05-18 16:47:55.387 [info] > git for-each-ref --format=%(refname)%00%(upstream:short)%00%(objectname)%00%(upstream:track)%00%(upstream:remotename)%00%(upstream:remoteref) refs/heads/main refs/remotes/main [1ms]
2025-05-18 16:47:55.393 [info] > git for-each-ref --sort -committerdate --format %(refname)%00%(objectname)%00%(*objectname) [1ms]
2025-05-18 16:47:55.404 [info] > git status -z -uall [15ms]
2025-05-18 16:47:56.518 [info] > git ls-files --stage -- .gitconfig [1ms]
2025-05-18 16:47:56.521 [info] > git show --textconv :.gitconfig [6ms]
2025-05-18 16:47:56.521 [info] > git cat-file -s 4abab9aa31f52a101c45666ad27e0ea685b556cd [1ms]
2025-05-18 16:47:58.601 [info] > git config --get commit.template [2ms]
2025-05-18 16:47:58.601 [info] > git for-each-ref --format=%(refname)%00%(upstream:short)%00%(objectname)%00%(upstream:track)%00%(upstream:remotename)%00%(upstream:remoteref) refs/heads/main refs/remotes/main [1ms]
2025-05-18 16:47:58.605 [info] > git for-each-ref --sort -committerdate --format %(refname)%00%(objectname)%00%(*objectname) [1ms]
2025-05-18 16:47:58.615 [info] > git status -z -uall [12ms]
2025-05-18 16:47:59.171 [info] > git config --get commit.template [2ms]
2025-05-18 16:47:59.171 [info] > git for-each-ref --format=%(refname)%00%(upstream:short)%00%(objectname)%00%(upstream:track)%00%(upstream:remotename)%00%(upstream:remoteref) refs/heads/main refs/remotes/main [1ms]
2025-05-18 16:47:59.175 [info] > git for-each-ref --sort -committerdate --format %(refname)%00%(objectname)%00%(*objectname) [0ms]
2025-05-18 16:47:59.186 [info] > git status -z -uall [12ms]
2025-05-18 16:48:03.390 [info] > git ls-files --stage -- .gitconfig [1ms]
2025-05-18 16:48:03.393 [info] > git cat-file -s 4abab9aa31f52a101c45666ad27e0ea685b556cd [1ms]
2025-05-18 16:48:03.400 [info] > git show --textconv :.gitconfig [1ms]
2025-05-18 16:48:04.197 [info] > git config --get commit.template [3ms]
2025-05-18 16:48:04.198 [info] > git for-each-ref --format=%(refname)%00%(upstream:short)%00%(objectname)%00%(upstream:track)%00%(upstream:remotename)%00%(upstream:remoteref) refs/heads/main refs/remotes/main [1ms]
2025-05-18 16:48:04.203 [info] > git for-each-ref --sort -committerdate --format %(refname)%00%(objectname)%00%(*objectname) [1ms]
2025-05-18 16:48:04.214 [info] > git status -z -uall [14ms]
2025-05-18 16:48:04.570 [info] > git for-each-ref --format=%(refname)%00%(upstream:short)%00%(objectname)%00%(upstream:track)%00%(upstream:remotename)%00%(upstream:remoteref) refs/heads/main refs/remotes/main [1ms]
2025-05-18 16:48:04.570 [info] > git config --get commit.template [3ms]
2025-05-18 16:48:04.574 [info] > git for-each-ref --sort -committerdate --format %(refname)%00%(objectname)%00%(*objectname) [1ms]
2025-05-18 16:48:04.584 [info] > git status -z -uall [13ms]
2025-05-18 16:48:07.843 [info] > git ls-files --stage -- .gitconfig [2ms]
2025-05-18 16:48:07.845 [info] > git cat-file -s 4abab9aa31f52a101c45666ad27e0ea685b556cd [1ms]
2025-05-18 16:48:07.852 [info] > git show --textconv :.gitconfig [1ms]
2025-05-18 16:48:09.220 [info] > git for-each-ref --format=%(refname)%00%(upstream:short)%00%(objectname)%00%(upstream:track)%00%(upstream:remotename)%00%(upstream:remoteref) refs/heads/main refs/remotes/main [1ms]
2025-05-18 16:48:09.220 [info] > git config --get commit.template [3ms]
2025-05-18 16:48:09.224 [info] > git for-each-ref --sort -committerdate --format %(refname)%00%(objectname)%00%(*objectname) [1ms]
2025-05-18 16:48:09.235 [info] > git status -z -uall [14ms]
2025-05-18 16:48:09.240 [info] > git blame --root --incremental 1b9ef066a3a6be8ab2e997206c832ae9a38a72b7 -- .gitconfig [1ms]
2025-05-18 16:48:09.241 [info] > git merge-base refs/heads/main refs/remotes/origin/main [1ms]
2025-05-18 16:48:09.243 [info] > git diff --name-status -z --diff-filter=ADMR dc828e767f87f15a50588fad22dc6f7a5903ddbb...refs/remotes/origin/main [1ms]
2025-05-18 16:48:10.325 [info] > git ls-files --stage -- .gitconfig [2ms]
2025-05-18 16:48:10.327 [info] > git cat-file -s 4abab9aa31f52a101c45666ad27e0ea685b556cd [1ms]
2025-05-18 16:48:10.333 [info] > git show --textconv :.gitconfig [1ms]
2025-05-18 16:48:14.257 [info] > git config --get commit.template [3ms]
2025-05-18 16:48:14.258 [info] > git for-each-ref --format=%(refname)%00%(upstream:short)%00%(objectname)%00%(upstream:track)%00%(upstream:remotename)%00%(upstream:remoteref) refs/heads/main refs/remotes/main [1ms]
2025-05-18 16:48:14.262 [info] > git for-each-ref --sort -committerdate --format %(refname)%00%(objectname)%00%(*objectname) [1ms]
2025-05-18 16:48:14.272 [info] > git status -z -uall [13ms]
2025-05-18 16:48:19.277 [info] > git config --get commit.template [1ms]
2025-05-18 16:48:19.280 [info] > git for-each-ref --format=%(refname)%00%(upstream:short)%00%(objectname)%00%(upstream:track)%00%(upstream:remotename)%00%(upstream:remoteref) refs/heads/main refs/remotes/main [1ms]
2025-05-18 16:48:19.284 [info] > git for-each-ref --sort -committerdate --format %(refname)%00%(objectname)%00%(*objectname) [1ms]
2025-05-18 16:48:19.295 [info] > git status -z -uall [13ms]
2025-05-18 16:48:34.238 [info] > git config --get commit.template [2ms]
2025-05-18 16:48:34.239 [info] > git for-each-ref --format=%(refname)%00%(upstream:short)%00%(objectname)%00%(upstream:track)%00%(upstream:remotename)%00%(upstream:remoteref) refs/heads/main refs/remotes/main [1ms]
2025-05-18 16:48:34.244 [info] > git for-each-ref --sort -committerdate --format %(refname)%00%(objectname)%00%(*objectname) [1ms]
2025-05-18 16:48:34.255 [info] > git status -z -uall [14ms]
2025-05-18 16:49:27.022 [info] > git config --get commit.template [2ms]
2025-05-18 16:49:27.023 [info] > git for-each-ref --format=%(refname)%00%(upstream:short)%00%(objectname)%00%(upstream:track)%00%(upstream:remotename)%00%(upstream:remoteref) refs/heads/main refs/remotes/main [1ms]
2025-05-18 16:49:27.028 [info] > git for-each-ref --sort -committerdate --format %(refname)%00%(objectname)%00%(*objectname) [1ms]
2025-05-18 16:49:27.040 [info] > git status -z -uall [15ms]
2025-05-18 16:49:30.630 [info] > git ls-files --stage -- .gitconfig [1ms]
2025-05-18 16:49:30.632 [info] > git cat-file -s 4abab9aa31f52a101c45666ad27e0ea685b556cd [0ms]
2025-05-18 16:49:30.638 [info] > git show --textconv :.gitconfig [1ms]
2025-05-18 16:49:30.911 [info] > git config --get commit.template [2ms]
2025-05-18 16:49:30.912 [info] > git for-each-ref --format=%(refname)%00%(upstream:short)%00%(objectname)%00%(upstream:track)%00%(upstream:remotename)%00%(upstream:remoteref) refs/heads/main refs/remotes/main [1ms]
2025-05-18 16:49:30.915 [info] > git for-each-ref --sort -committerdate --format %(refname)%00%(objectname)%00%(*objectname) [0ms]
2025-05-18 16:49:30.928 [info] > git status -z -uall [15ms]
2025-05-18 16:49:39.867 [info] > git config --get commit.template [3ms]
2025-05-18 16:49:39.867 [info] > git for-each-ref --format=%(refname)%00%(upstream:short)%00%(objectname)%00%(upstream:track)%00%(upstream:remotename)%00%(upstream:remoteref) refs/heads/main refs/remotes/main [0ms]
2025-05-18 16:49:39.873 [info] > git for-each-ref --sort -committerdate --format %(refname)%00%(objectname)%00%(*objectname) [1ms]
2025-05-18 16:49:39.885 [info] > git status -z -uall [15ms]
2025-05-18 16:49:41.877 [info] > git ls-files --stage -- .gitconfig [3ms]
2025-05-18 16:49:41.880 [info] > git cat-file -s 4abab9aa31f52a101c45666ad27e0ea685b556cd [1ms]
2025-05-18 16:49:41.886 [info] > git show --textconv :.gitconfig [1ms]
2025-05-18 16:49:44.902 [info] > git config --get commit.template [2ms]
2025-05-18 16:49:44.903 [info] > git for-each-ref --format=%(refname)%00%(upstream:short)%00%(objectname)%00%(upstream:track)%00%(upstream:remotename)%00%(upstream:remoteref) refs/heads/main refs/remotes/main [1ms]
2025-05-18 16:49:44.908 [info] > git for-each-ref --sort -committerdate --format %(refname)%00%(objectname)%00%(*objectname) [2ms]
2025-05-18 16:49:44.919 [info] > git status -z -uall [15ms]
2025-05-18 16:49:44.924 [info] > git blame --root --incremental ebbc856a862a5e1c1580a6b5c9be03ce162605da -- .gitconfig [2ms]
2025-05-18 16:49:44.924 [info] > git merge-base refs/heads/main refs/remotes/origin/main [1ms]
2025-05-18 16:49:44.926 [info] > git diff --name-status -z --diff-filter=ADMR dc828e767f87f15a50588fad22dc6f7a5903ddbb...refs/remotes/origin/main [1ms]
2025-05-18 16:49:49.936 [info] > git config --get commit.template [1ms]
2025-05-18 16:49:49.939 [info] > git for-each-ref --format=%(refname)%00%(upstream:short)%00%(objectname)%00%(upstream:track)%00%(upstream:remotename)%00%(upstream:remoteref) refs/heads/main refs/remotes/main [1ms]
2025-05-18 16:49:49.944 [info] > git for-each-ref --sort -committerdate --format %(refname)%00%(objectname)%00%(*objectname) [1ms]
2025-05-18 16:49:49.954 [info] > git status -z -uall [13ms]
2025-05-18 16:49:55.275 [info] > git config --get commit.template [2ms]
2025-05-18 16:49:55.276 [info] > git for-each-ref --format=%(refname)%00%(upstream:short)%00%(objectname)%00%(upstream:track)%00%(upstream:remotename)%00%(upstream:remoteref) refs/heads/main refs/remotes/main [1ms]
2025-05-18 16:49:55.282 [info] > git for-each-ref --sort -committerdate --format %(refname)%00%(objectname)%00%(*objectname) [0ms]
2025-05-18 16:49:55.292 [info] > git status -z -uall [14ms]
2025-05-18 16:51:07.391 [info] > git config --get commit.template [2ms]
2025-05-18 16:51:07.391 [info] > git for-each-ref --format=%(refname)%00%(upstream:short)%00%(objectname)%00%(upstream:track)%00%(upstream:remotename)%00%(upstream:remoteref) refs/heads/main refs/remotes/main [1ms]
2025-05-18 16:51:07.397 [info] > git for-each-ref --sort -committerdate --format %(refname)%00%(objectname)%00%(*objectname) [1ms]
2025-05-18 16:51:07.409 [info] > git status -z -uall [15ms]
2025-05-18 16:51:20.306 [info] > git config --get commit.template [2ms]
2025-05-18 16:51:20.306 [info] > git for-each-ref --format=%(refname)%00%(upstream:short)%00%(objectname)%00%(upstream:track)%00%(upstream:remotename)%00%(upstream:remoteref) refs/heads/main refs/remotes/main [1ms]
2025-05-18 16:51:20.310 [info] > git for-each-ref --sort -committerdate --format %(refname)%00%(objectname)%00%(*objectname) [1ms]
2025-05-18 16:51:20.322 [info] > git status -z -uall [14ms]
2025-05-18 16:51:22.323 [info] > git ls-files --stage -- .gitconfig [3ms]
2025-05-18 16:51:22.327 [info] > git cat-file -s 4abab9aa31f52a101c45666ad27e0ea685b556cd [1ms]
2025-05-18 16:51:22.341 [info] > git show --textconv :.gitconfig [2ms]
2025-05-18 16:51:28.477 [info] > git config --get commit.template [1ms]
2025-05-18 16:51:28.478 [info] > git for-each-ref --format=%(refname)%00%(upstream:short)%00%(objectname)%00%(upstream:track)%00%(upstream:remotename)%00%(upstream:remoteref) refs/heads/main refs/remotes/main [2ms]
2025-05-18 16:51:28.484 [info] > git for-each-ref --sort -committerdate --format %(refname)%00%(objectname)%00%(*objectname) [2ms]
2025-05-18 16:51:28.495 [info] > git status -z -uall [15ms]
2025-05-18 16:51:33.501 [info] > git config --get commit.template [2ms]
2025-05-18 16:51:33.502 [info] > git for-each-ref --format=%(refname)%00%(upstream:short)%00%(objectname)%00%(upstream:track)%00%(upstream:remotename)%00%(upstream:remoteref) refs/heads/main refs/remotes/main [1ms]
2025-05-18 16:51:33.506 [info] > git for-each-ref --sort -committerdate --format %(refname)%00%(objectname)%00%(*objectname) [1ms]
2025-05-18 16:51:33.516 [info] > git status -z -uall [12ms]
2025-05-18 16:51:37.368 [info] > git for-each-ref --format=%(refname)%00%(upstream:short)%00%(objectname)%00%(upstream:track)%00%(upstream:remotename)%00%(upstream:remoteref) refs/heads/main refs/remotes/main [1ms]
2025-05-18 16:51:37.369 [info] > git config --get commit.template [3ms]
2025-05-18 16:51:37.372 [info] > git for-each-ref --sort -committerdate --format %(refname)%00%(objectname)%00%(*objectname) [1ms]
2025-05-18 16:51:37.384 [info] > git status -z -uall [14ms]
2025-05-18 16:51:45.820 [info] > git config --get commit.template [1ms]
2025-05-18 16:51:45.823 [info] > git for-each-ref --format=%(refname)%00%(upstream:short)%00%(objectname)%00%(upstream:track)%00%(upstream:remotename)%00%(upstream:remoteref) refs/heads/main refs/remotes/main [1ms]
2025-05-18 16:51:45.828 [info] > git for-each-ref --sort -committerdate --format %(refname)%00%(objectname)%00%(*objectname) [0ms]
2025-05-18 16:51:45.840 [info] > git status -z -uall [15ms]
2025-05-18 16:51:54.380 [info] > git config --get commit.template [1ms]
2025-05-18 16:51:54.381 [info] > git for-each-ref --format=%(refname)%00%(upstream:short)%00%(objectname)%00%(upstream:track)%00%(upstream:remotename)%00%(upstream:remoteref) refs/heads/main refs/remotes/main [1ms]
2025-05-18 16:51:54.385 [info] > git for-each-ref --sort -committerdate --format %(refname)%00%(objectname)%00%(*objectname) [1ms]
2025-05-18 16:51:54.396 [info] > git status -z -uall [13ms]
2025-05-18 16:52:22.087 [info] > git config --get commit.template [3ms]
2025-05-18 16:52:22.087 [info] > git for-each-ref --format=%(refname)%00%(upstream:short)%00%(objectname)%00%(upstream:track)%00%(upstream:remotename)%00%(upstream:remoteref) refs/heads/main refs/remotes/main [0ms]
2025-05-18 16:52:22.093 [info] > git for-each-ref --sort -committerdate --format %(refname)%00%(objectname)%00%(*objectname) [1ms]
2025-05-18 16:52:22.104 [info] > git status -z -uall [14ms]
2025-05-18 16:52:24.312 [info] > git ls-files --stage -- .gitconfig [1ms]
2025-05-18 16:52:24.313 [info] > git cat-file -s 4abab9aa31f52a101c45666ad27e0ea685b556cd [0ms]
2025-05-18 16:52:24.319 [info] > git show --textconv :.gitconfig [2ms]
2025-05-18 16:52:27.119 [info] > git config --get commit.template [2ms]
2025-05-18 16:52:27.120 [info] > git for-each-ref --format=%(refname)%00%(upstream:short)%00%(objectname)%00%(upstream:track)%00%(upstream:remotename)%00%(upstream:remoteref) refs/heads/main refs/remotes/main [1ms]
2025-05-18 16:52:27.123 [info] > git for-each-ref --sort -committerdate --format %(refname)%00%(objectname)%00%(*objectname) [0ms]
2025-05-18 16:52:27.135 [info] > git status -z -uall [14ms]
2025-05-18 16:52:34.815 [info] > git config --get commit.template [2ms]
2025-05-18 16:52:34.816 [info] > git for-each-ref --format=%(refname)%00%(upstream:short)%00%(objectname)%00%(upstream:track)%00%(upstream:remotename)%00%(upstream:remoteref) refs/heads/main refs/remotes/main [1ms]
2025-05-18 16:52:34.822 [info] > git for-each-ref --sort -committerdate --format %(refname)%00%(objectname)%00%(*objectname) [1ms]
2025-05-18 16:52:34.833 [info] > git status -z -uall [15ms]
2025-05-18 16:52:38.596 [info] > git config --get commit.template [4ms]
2025-05-18 16:52:38.598 [info] > git for-each-ref --format=%(refname)%00%(upstream:short)%00%(objectname)%00%(upstream:track)%00%(upstream:remotename)%00%(upstream:remoteref) refs/heads/main refs/remotes/main [2ms]
2025-05-18 16:52:38.602 [info] > git for-each-ref --sort -committerdate --format %(refname)%00%(objectname)%00%(*objectname) [0ms]
2025-05-18 16:52:38.614 [info] > git status -z -uall [14ms]
2025-05-18 16:52:43.628 [info] > git config --get commit.template [4ms]
2025-05-18 16:52:43.629 [info] > git for-each-ref --format=%(refname)%00%(upstream:short)%00%(objectname)%00%(upstream:track)%00%(upstream:remotename)%00%(upstream:remoteref) refs/heads/main refs/remotes/main [1ms]
2025-05-18 16:52:43.636 [info] > git for-each-ref --sort -committerdate --format %(refname)%00%(objectname)%00%(*objectname) [2ms]
2025-05-18 16:52:43.646 [info] > git status -z -uall [15ms]
2025-05-18 16:52:53.004 [info] > git config --get commit.template [2ms]
2025-05-18 16:52:53.004 [info] > git for-each-ref --format=%(refname)%00%(upstream:short)%00%(objectname)%00%(upstream:track)%00%(upstream:remotename)%00%(upstream:remoteref) refs/heads/main refs/remotes/main [0ms]
2025-05-18 16:52:53.009 [info] > git for-each-ref --sort -committerdate --format %(refname)%00%(objectname)%00%(*objectname) [1ms]
2025-05-18 16:52:53.021 [info] > git status -z -uall [15ms]
