[0.058s] Invoking command in '/home/godoistvan/ros2_ws/build/examples_rclcpp_multithreaded_executor': CMAKE_PREFIX_PATH=/opt/ros/humble /usr/bin/cmake /home/godoistvan/ros2_ws/src/examples/rclcpp/executors/multithreaded_executor -DAMENT_CMAKE_SYMLINK_INSTALL=1 -DCMAKE_INSTALL_PREFIX=/home/godoistvan/ros2_ws/install/examples_rclcpp_multithreaded_executor
[1.404s] -- The C compiler identification is GNU 11.4.0
[1.404s] -- The CXX compiler identification is GNU 11.4.0
[1.404s] -- Detecting C compiler ABI info
[1.404s] -- Detecting C compiler ABI info - done
[1.404s] -- Check for working C compiler: /usr/bin/cc - skipped
[1.404s] -- Detecting C compile features
[1.404s] -- Detecting C compile features - done
[1.404s] -- Detecting CXX compiler ABI info
[1.405s] -- Detecting CXX compiler ABI info - done
[1.405s] -- Check for working CXX compiler: /usr/bin/c++ - skipped
[1.405s] -- Detecting CXX compile features
[1.405s] -- Detecting CXX compile features - done
[1.405s] -- Found ament_cmake: 1.3.11 (/opt/ros/humble/share/ament_cmake/cmake)
[1.405s] -- Found Python3: /usr/bin/python3 (found version "3.10.12") found components: Interpreter 
[1.405s] -- Override CMake install command with custom implementation using symlinks instead of copying resources
[1.405s] -- Found rclcpp: 16.0.12 (/opt/ros/humble/share/rclcpp/cmake)
[1.405s] -- Found rosidl_generator_c: 3.1.6 (/opt/ros/humble/share/rosidl_generator_c/cmake)
[1.405s] -- Found rosidl_adapter: 3.1.6 (/opt/ros/humble/share/rosidl_adapter/cmake)
[1.405s] -- Found rosidl_generator_cpp: 3.1.6 (/opt/ros/humble/share/rosidl_generator_cpp/cmake)
[1.406s] -- Using all available rosidl_typesupport_c: rosidl_typesupport_fastrtps_c;rosidl_typesupport_introspection_c
[1.406s] -- Using all available rosidl_typesupport_cpp: rosidl_typesupport_fastrtps_cpp;rosidl_typesupport_introspection_cpp
[1.406s] -- Found rmw_implementation_cmake: 6.1.2 (/opt/ros/humble/share/rmw_implementation_cmake/cmake)
[1.406s] -- Found rmw_fastrtps_cpp: 6.2.7 (/opt/ros/humble/share/rmw_fastrtps_cpp/cmake)
[1.406s] -- Found OpenSSL: /usr/lib/x86_64-linux-gnu/libcrypto.so (found version "3.0.2")  
[1.725s] -- Found FastRTPS: /opt/ros/humble/include  
[2.692s] -- Using RMW implementation 'rmw_fastrtps_cpp' as default
[2.693s] -- Looking for pthread.h
[2.768s] -- Looking for pthread.h - found
[2.769s] -- Performing Test CMAKE_HAVE_LIBC_PTHREAD
[2.851s] -- Performing Test CMAKE_HAVE_LIBC_PTHREAD - Success
[2.852s] -- Found Threads: TRUE  
[2.917s] -- Found ament_lint_auto: 0.12.12 (/opt/ros/humble/share/ament_lint_auto/cmake)
[3.143s] -- Added test 'copyright' to check source files copyright and LICENSE
[3.145s] -- Added test 'cppcheck' to perform static code analysis on C / C++ code
[3.145s] -- Configured cppcheck include dirs: 
[3.145s] -- Configured cppcheck exclude dirs and/or files: 
[3.146s] -- Added test 'cpplint' to check C / C++ code against the Google style
[3.146s] -- Configured cpplint exclude dirs and/or files: 
[3.147s] -- Added test 'lint_cmake' to check CMake code style
[3.147s] -- Added test 'uncrustify' to check C / C++ code style
[3.147s] -- Configured uncrustify additional arguments: 
[3.148s] -- Added test 'xmllint' to check XML markup files
[3.158s] -- Configuring done
[3.188s] -- Generating done
[3.192s] -- Build files have been written to: /home/godoistvan/ros2_ws/build/examples_rclcpp_multithreaded_executor
[4.071s] Invoked command in '/home/godoistvan/ros2_ws/build/examples_rclcpp_multithreaded_executor' returned '0': CMAKE_PREFIX_PATH=/opt/ros/humble /usr/bin/cmake /home/godoistvan/ros2_ws/src/examples/rclcpp/executors/multithreaded_executor -DAMENT_CMAKE_SYMLINK_INSTALL=1 -DCMAKE_INSTALL_PREFIX=/home/godoistvan/ros2_ws/install/examples_rclcpp_multithreaded_executor
[4.071s] Invoking command in '/home/godoistvan/ros2_ws/build/examples_rclcpp_multithreaded_executor': CMAKE_PREFIX_PATH=/opt/ros/humble /usr/bin/cmake --build /home/godoistvan/ros2_ws/build/examples_rclcpp_multithreaded_executor -- -j20 -l20
[4.299s] [ 50%] [32mBuilding CXX object CMakeFiles/multithreaded_executor.dir/multithreaded_executor.cpp.o[0m
[29.646s] [100%] [32m[1mLinking CXX executable multithreaded_executor[0m
[30.007s] [100%] Built target multithreaded_executor
[30.029s] Invoked command in '/home/godoistvan/ros2_ws/build/examples_rclcpp_multithreaded_executor' returned '0': CMAKE_PREFIX_PATH=/opt/ros/humble /usr/bin/cmake --build /home/godoistvan/ros2_ws/build/examples_rclcpp_multithreaded_executor -- -j20 -l20
[30.031s] Invoking command in '/home/godoistvan/ros2_ws/build/examples_rclcpp_multithreaded_executor': CMAKE_PREFIX_PATH=/opt/ros/humble /usr/bin/cmake --install /home/godoistvan/ros2_ws/build/examples_rclcpp_multithreaded_executor
[30.038s] -- Install configuration: ""
[30.039s] -- Execute custom install script
[30.040s] -- Symlinking: /home/godoistvan/ros2_ws/install/examples_rclcpp_multithreaded_executor/lib/examples_rclcpp_multithreaded_executor/multithreaded_executor
[30.051s] -- Symlinking: /home/godoistvan/ros2_ws/install/examples_rclcpp_multithreaded_executor/share/ament_index/resource_index/package_run_dependencies/examples_rclcpp_multithreaded_executor
[30.058s] -- Symlinking: /home/godoistvan/ros2_ws/install/examples_rclcpp_multithreaded_executor/share/ament_index/resource_index/parent_prefix_path/examples_rclcpp_multithreaded_executor
[30.064s] -- Symlinking: /home/godoistvan/ros2_ws/install/examples_rclcpp_multithreaded_executor/share/examples_rclcpp_multithreaded_executor/environment/ament_prefix_path.sh
[30.072s] -- Symlinking: /home/godoistvan/ros2_ws/install/examples_rclcpp_multithreaded_executor/share/examples_rclcpp_multithreaded_executor/environment/ament_prefix_path.dsv
[30.077s] -- Symlinking: /home/godoistvan/ros2_ws/install/examples_rclcpp_multithreaded_executor/share/examples_rclcpp_multithreaded_executor/environment/path.sh
[30.083s] -- Symlinking: /home/godoistvan/ros2_ws/install/examples_rclcpp_multithreaded_executor/share/examples_rclcpp_multithreaded_executor/environment/path.dsv
[30.089s] -- Symlinking: /home/godoistvan/ros2_ws/install/examples_rclcpp_multithreaded_executor/share/examples_rclcpp_multithreaded_executor/local_setup.bash
[30.094s] -- Symlinking: /home/godoistvan/ros2_ws/install/examples_rclcpp_multithreaded_executor/share/examples_rclcpp_multithreaded_executor/local_setup.sh
[30.100s] -- Symlinking: /home/godoistvan/ros2_ws/install/examples_rclcpp_multithreaded_executor/share/examples_rclcpp_multithreaded_executor/local_setup.zsh
[30.107s] -- Symlinking: /home/godoistvan/ros2_ws/install/examples_rclcpp_multithreaded_executor/share/examples_rclcpp_multithreaded_executor/local_setup.dsv
[30.117s] -- Symlinking: /home/godoistvan/ros2_ws/install/examples_rclcpp_multithreaded_executor/share/examples_rclcpp_multithreaded_executor/package.dsv
[30.125s] -- Symlinking: /home/godoistvan/ros2_ws/install/examples_rclcpp_multithreaded_executor/share/ament_index/resource_index/packages/examples_rclcpp_multithreaded_executor
[30.131s] -- Symlinking: /home/godoistvan/ros2_ws/install/examples_rclcpp_multithreaded_executor/share/examples_rclcpp_multithreaded_executor/cmake/examples_rclcpp_multithreaded_executorConfig.cmake
[30.136s] -- Symlinking: /home/godoistvan/ros2_ws/install/examples_rclcpp_multithreaded_executor/share/examples_rclcpp_multithreaded_executor/cmake/examples_rclcpp_multithreaded_executorConfig-version.cmake
[30.142s] -- Symlinking: /home/godoistvan/ros2_ws/install/examples_rclcpp_multithreaded_executor/share/examples_rclcpp_multithreaded_executor/package.xml
[30.151s] Invoked command in '/home/godoistvan/ros2_ws/build/examples_rclcpp_multithreaded_executor' returned '0': CMAKE_PREFIX_PATH=/opt/ros/humble /usr/bin/cmake --install /home/godoistvan/ros2_ws/build/examples_rclcpp_multithreaded_executor
