[1.795s] Invoking command in '/home/godoistvan/ros2_ws/build/examples_rclpy_minimal_client': PYTHONPATH=/home/godoistvan/ros2_ws/build/examples_rclpy_minimal_client/prefix_override:/usr/lib/python3/dist-packages/colcon_core/task/python/colcon_distutils_commands:/home/godoistvan/ros2_ws/install/examples_rclpy_minimal_client/lib/python3.10/site-packages:${PYTHONPATH} /usr/bin/python3 -W ignore:setup.py install is deprecated -W ignore:easy_install command is deprecated setup.py develop --editable --build-directory /home/godoistvan/ros2_ws/build/examples_rclpy_minimal_client/build --no-deps symlink_data
[2.671s] running develop
[2.671s] running egg_info
[2.671s] creating examples_rclpy_minimal_client.egg-info
[2.671s] writing examples_rclpy_minimal_client.egg-info/PKG-INFO
[2.671s] writing dependency_links to examples_rclpy_minimal_client.egg-info/dependency_links.txt
[2.672s] writing entry points to examples_rclpy_minimal_client.egg-info/entry_points.txt
[2.672s] writing requirements to examples_rclpy_minimal_client.egg-info/requires.txt
[2.672s] writing top-level names to examples_rclpy_minimal_client.egg-info/top_level.txt
[2.672s] writing manifest file 'examples_rclpy_minimal_client.egg-info/SOURCES.txt'
[2.672s] reading manifest file 'examples_rclpy_minimal_client.egg-info/SOURCES.txt'
[2.672s] writing manifest file 'examples_rclpy_minimal_client.egg-info/SOURCES.txt'
[2.672s] running build_ext
[2.672s] Creating /home/godoistvan/ros2_ws/install/examples_rclpy_minimal_client/lib/python3.10/site-packages/examples-rclpy-minimal-client.egg-link (link to .)
[2.672s] Installing client script to /home/godoistvan/ros2_ws/install/examples_rclpy_minimal_client/lib/examples_rclpy_minimal_client
[2.672s] Installing client_async script to /home/godoistvan/ros2_ws/install/examples_rclpy_minimal_client/lib/examples_rclpy_minimal_client
[2.672s] Installing client_async_callback script to /home/godoistvan/ros2_ws/install/examples_rclpy_minimal_client/lib/examples_rclpy_minimal_client
[2.672s] Installing client_async_member_function script to /home/godoistvan/ros2_ws/install/examples_rclpy_minimal_client/lib/examples_rclpy_minimal_client
[2.673s] 
[2.673s] Installed /home/godoistvan/ros2_ws/build/examples_rclpy_minimal_client
[2.673s] running symlink_data
[2.673s] creating /home/godoistvan/ros2_ws/install/examples_rclpy_minimal_client/share/ament_index
[2.673s] creating /home/godoistvan/ros2_ws/install/examples_rclpy_minimal_client/share/ament_index/resource_index
[2.673s] creating /home/godoistvan/ros2_ws/install/examples_rclpy_minimal_client/share/ament_index/resource_index/packages
[2.674s] symbolically linking /home/godoistvan/ros2_ws/build/examples_rclpy_minimal_client/resource/examples_rclpy_minimal_client -> /home/godoistvan/ros2_ws/install/examples_rclpy_minimal_client/share/ament_index/resource_index/packages
[2.674s] symbolically linking /home/godoistvan/ros2_ws/build/examples_rclpy_minimal_client/package.xml -> /home/godoistvan/ros2_ws/install/examples_rclpy_minimal_client/share/examples_rclpy_minimal_client
[2.739s] Invoked command in '/home/godoistvan/ros2_ws/build/examples_rclpy_minimal_client' returned '0': PYTHONPATH=/home/godoistvan/ros2_ws/build/examples_rclpy_minimal_client/prefix_override:/usr/lib/python3/dist-packages/colcon_core/task/python/colcon_distutils_commands:/home/godoistvan/ros2_ws/install/examples_rclpy_minimal_client/lib/python3.10/site-packages:${PYTHONPATH} /usr/bin/python3 -W ignore:setup.py install is deprecated -W ignore:easy_install command is deprecated setup.py develop --editable --build-directory /home/godoistvan/ros2_ws/build/examples_rclpy_minimal_client/build --no-deps symlink_data
