[1.798s] Invoking command in '/home/godoistvan/ros2_ws/build/examples_rclpy_guard_conditions': PYTHONPATH=/home/godoistvan/ros2_ws/build/examples_rclpy_guard_conditions/prefix_override:/usr/lib/python3/dist-packages/colcon_core/task/python/colcon_distutils_commands:/home/godoistvan/ros2_ws/install/examples_rclpy_guard_conditions/lib/python3.10/site-packages:${PYTHONPATH} /usr/bin/python3 -W ignore:setup.py install is deprecated -W ignore:easy_install command is deprecated setup.py develop --editable --build-directory /home/godoistvan/ros2_ws/build/examples_rclpy_guard_conditions/build --no-deps symlink_data
[2.667s] running develop
[2.667s] running egg_info
[2.667s] creating examples_rclpy_guard_conditions.egg-info
[2.668s] writing examples_rclpy_guard_conditions.egg-info/PKG-INFO
[2.668s] writing dependency_links to examples_rclpy_guard_conditions.egg-info/dependency_links.txt
[2.668s] writing entry points to examples_rclpy_guard_conditions.egg-info/entry_points.txt
[2.668s] writing requirements to examples_rclpy_guard_conditions.egg-info/requires.txt
[2.668s] writing top-level names to examples_rclpy_guard_conditions.egg-info/top_level.txt
[2.668s] writing manifest file 'examples_rclpy_guard_conditions.egg-info/SOURCES.txt'
[2.668s] reading manifest file 'examples_rclpy_guard_conditions.egg-info/SOURCES.txt'
[2.668s] writing manifest file 'examples_rclpy_guard_conditions.egg-info/SOURCES.txt'
[2.668s] running build_ext
[2.668s] Creating /home/godoistvan/ros2_ws/install/examples_rclpy_guard_conditions/lib/python3.10/site-packages/examples-rclpy-guard-conditions.egg-link (link to .)
[2.668s] Installing trigger_guard_condition script to /home/godoistvan/ros2_ws/install/examples_rclpy_guard_conditions/lib/examples_rclpy_guard_conditions
[2.668s] 
[2.668s] Installed /home/godoistvan/ros2_ws/build/examples_rclpy_guard_conditions
[2.668s] running symlink_data
[2.668s] creating /home/godoistvan/ros2_ws/install/examples_rclpy_guard_conditions/share/ament_index
[2.668s] creating /home/godoistvan/ros2_ws/install/examples_rclpy_guard_conditions/share/ament_index/resource_index
[2.668s] creating /home/godoistvan/ros2_ws/install/examples_rclpy_guard_conditions/share/ament_index/resource_index/packages
[2.668s] symbolically linking /home/godoistvan/ros2_ws/build/examples_rclpy_guard_conditions/resource/examples_rclpy_guard_conditions -> /home/godoistvan/ros2_ws/install/examples_rclpy_guard_conditions/share/ament_index/resource_index/packages
[2.669s] symbolically linking /home/godoistvan/ros2_ws/build/examples_rclpy_guard_conditions/package.xml -> /home/godoistvan/ros2_ws/install/examples_rclpy_guard_conditions/share/examples_rclpy_guard_conditions
[2.718s] Invoked command in '/home/godoistvan/ros2_ws/build/examples_rclpy_guard_conditions' returned '0': PYTHONPATH=/home/godoistvan/ros2_ws/build/examples_rclpy_guard_conditions/prefix_override:/usr/lib/python3/dist-packages/colcon_core/task/python/colcon_distutils_commands:/home/godoistvan/ros2_ws/install/examples_rclpy_guard_conditions/lib/python3.10/site-packages:${PYTHONPATH} /usr/bin/python3 -W ignore:setup.py install is deprecated -W ignore:easy_install command is deprecated setup.py develop --editable --build-directory /home/godoistvan/ros2_ws/build/examples_rclpy_guard_conditions/build --no-deps symlink_data
