[DEBUG] [1747586895.837449568] [rcl]: Initializing node 'koch_snowflake' in namespace ''
[DEBUG] [1747586895.837483772] [rcl]: Using domain ID of '0'
[DEBUG] [1747586895.841609208] [rcl]: Initializing publisher for topic name '/rosout'
[DEBUG] [1747586895.841634047] [rcl]: Expanded and remapped topic name '/rosout'
[DEBUG] [1747586895.842208414] [rcl]: Publisher initialized
[DEBUG] [1747586895.842227210] [rcl]: Node initialized
[DEBUG] [1747586895.860793758] [rcl]: Initializing publisher for topic name '/parameter_events'
[DEBUG] [1747586895.860835962] [rcl]: Expanded and remapped topic name '/parameter_events'
[DEBUG] [1747586895.861297936] [rcl]: Publisher initialized
[DEBUG] [1747586895.861883504] [rcl]: Initializing service for service name 'koch_snowflake/describe_parameters'
[DEBUG] [1747586895.861909891] [rcl]: Expanded and remapped service name '/koch_snowflake/describe_parameters'
[DEBUG] [1747586895.862159370] [rmw_fastrtps_cpp]: ************ Service Details *********
[DEBUG] [1747586895.862175349] [rmw_fastrtps_cpp]: Sub Topic rq/koch_snowflake/describe_parametersRequest
[DEBUG] [1747586895.862186940] [rmw_fastrtps_cpp]: Pub Topic rr/koch_snowflake/describe_parametersReply
[DEBUG] [1747586895.862212609] [rmw_fastrtps_cpp]: ***********
[DEBUG] [1747586895.862307436] [rcl]: Service initialized
[DEBUG] [1747586895.862494462] [rcl]: Initializing service for service name 'koch_snowflake/get_parameters'
[DEBUG] [1747586895.862514106] [rcl]: Expanded and remapped service name '/koch_snowflake/get_parameters'
[DEBUG] [1747586895.862891314] [rmw_fastrtps_cpp]: ************ Service Details *********
[DEBUG] [1747586895.862928848] [rmw_fastrtps_cpp]: Sub Topic rq/koch_snowflake/get_parametersRequest
[DEBUG] [1747586895.862941505] [rmw_fastrtps_cpp]: Pub Topic rr/koch_snowflake/get_parametersReply
[DEBUG] [1747586895.862954304] [rmw_fastrtps_cpp]: ***********
[DEBUG] [1747586895.863035133] [rcl]: Service initialized
[DEBUG] [1747586895.863140823] [rcl]: Initializing service for service name 'koch_snowflake/get_parameter_types'
[DEBUG] [1747586895.863160614] [rcl]: Expanded and remapped service name '/koch_snowflake/get_parameter_types'
[DEBUG] [1747586895.863520718] [rmw_fastrtps_cpp]: ************ Service Details *********
[DEBUG] [1747586895.863538973] [rmw_fastrtps_cpp]: Sub Topic rq/koch_snowflake/get_parameter_typesRequest
[DEBUG] [1747586895.863598502] [rmw_fastrtps_cpp]: Pub Topic rr/koch_snowflake/get_parameter_typesReply
[DEBUG] [1747586895.863613418] [rmw_fastrtps_cpp]: ***********
[DEBUG] [1747586895.863692822] [rcl]: Service initialized
[DEBUG] [1747586895.863828507] [rcl]: Initializing service for service name 'koch_snowflake/list_parameters'
[DEBUG] [1747586895.863849985] [rcl]: Expanded and remapped service name '/koch_snowflake/list_parameters'
[DEBUG] [1747586895.864280448] [rmw_fastrtps_cpp]: ************ Service Details *********
[DEBUG] [1747586895.864298270] [rmw_fastrtps_cpp]: Sub Topic rq/koch_snowflake/list_parametersRequest
[DEBUG] [1747586895.864300695] [rmw_fastrtps_cpp]: Pub Topic rr/koch_snowflake/list_parametersReply
[DEBUG] [1747586895.864331744] [rmw_fastrtps_cpp]: ***********
[DEBUG] [1747586895.864444093] [rcl]: Service initialized
[DEBUG] [1747586895.864552522] [rcl]: Initializing service for service name 'koch_snowflake/set_parameters'
[DEBUG] [1747586895.864572885] [rcl]: Expanded and remapped service name '/koch_snowflake/set_parameters'
[DEBUG] [1747586895.864844723] [rmw_fastrtps_cpp]: ************ Service Details *********
[DEBUG] [1747586895.864860453] [rmw_fastrtps_cpp]: Sub Topic rq/koch_snowflake/set_parametersRequest
[DEBUG] [1747586895.864883254] [rmw_fastrtps_cpp]: Pub Topic rr/koch_snowflake/set_parametersReply
[DEBUG] [1747586895.864898922] [rmw_fastrtps_cpp]: ***********
[DEBUG] [1747586895.865079015] [rcl]: Service initialized
[DEBUG] [1747586895.865202146] [rcl]: Initializing service for service name 'koch_snowflake/set_parameters_atomically'
[DEBUG] [1747586895.865221015] [rcl]: Expanded and remapped service name '/koch_snowflake/set_parameters_atomically'
[DEBUG] [174