[DEBUG] [1747587345.056513914] [rcl]: Initializing node 'koch_snowflake' in namespace ''
[DEBUG] [1747587345.056548668] [rcl]: Using domain ID of '0'
[DEBUG] [1747587345.059961601] [rcl]: Initializing publisher for topic name '/rosout'
[DEBUG] [1747587345.059988809] [rcl]: Expanded and remapped topic name '/rosout'
[DEBUG] [1747587345.060469893] [rcl]: Publisher initialized
[DEBUG] [1747587345.060488067] [rcl]: Node initialized
[DEBUG] [1747587345.077376239] [rcl]: Initializing publisher for topic name '/parameter_events'
[DEBUG] [1747587345.077423014] [rcl]: Expanded and remapped topic name '/parameter_events'
[DEBUG] [1747587345.077898395] [rcl]: Publisher initialized
[DEBUG] [1747587345.078369014] [rcl]: Initializing service for service name 'koch_snowflake/describe_parameters'
[DEBUG] [1747587345.078392784] [rcl]: Expanded and remapped service name '/koch_snowflake/describe_parameters'
[DEBUG] [1747587345.078644543] [rmw_fastrtps_cpp]: ************ Service Details *********
[DEBUG] [1747587345.078709434] [rmw_fastrtps_cpp]: Sub Topic rq/koch_snowflake/describe_parametersRequest
[DEBUG] [1747587345.078725176] [rmw_fastrtps_cpp]: Pub Topic rr/koch_snowflake/describe_parametersReply
[DEBUG] [1747587345.078737871] [rmw_fastrtps_cpp]: ***********
[DEBUG] [1747587345.078814791] [rcl]: Service initialized
[DEBUG] [1747587345.078904879] [rcl]: Initializing service for service name 'koch_snowflake/get_parameters'
[DEBUG] [1747587345.078922605] [rcl]: Expanded and remapped service name '/koch_snowflake/get_parameters'
[DEBUG] [1747587345.079165255] [rmw_fastrtps_cpp]: ************ Service Details *********
[DEBUG] [1747587345.079180191] [rmw_fastrtps_cpp]: Sub Topic rq/koch_snowflake/get_parametersRequest
[DEBUG] [1747587345.079182469] [rmw_fastrtps_cpp]: Pub Topic rr/koch_snowflake/get_parametersReply
[DEBUG] [1747587345.079184111] [rmw_fastrtps_cpp]: ***********
[DEBUG] [1747587345.079247324] [rcl]: Service initialized
[DEBUG] [1747587345.079322178] [rcl]: Initializing service for service name 'koch_snowflake/get_parameter_types'
[DEBUG] [1747587345.079338485] [rcl]: Expanded and remapped service name '/koch_snowflake/get_parameter_types'
[DEBUG] [1747587345.079568682] [rmw_fastrtps_cpp]: ************ Service Details *********
[DEBUG] [1747587345.079583237] [rmw_fastrtps_cpp]: Sub Topic rq/koch_snowflake/get_parameter_typesRequest
[DEBUG] [1747587345.079585437] [rmw_fastrtps_cpp]: Pub Topic rr/koch_snowflake/get_parameter_typesReply
[DEBUG] [1747587345.079596822] [rmw_fastrtps_cpp]: ***********
[DEBUG] [1747587345.079650745] [rcl]: Service initialized
[DEBUG] [1747587345.079743223] [rcl]: Initializing service for service name 'koch_snowflake/list_parameters'
[DEBUG] [1747587345.079759481] [rcl]: Expanded and remapped service name '/koch_snowflake/list_parameters'
[DEBUG] [1747587345.079978316] [rmw_fastrtps_cpp]: ************ Service Details *********
[DEBUG] [1747587345.079992619] [rmw_fastrtps_cpp]: Sub Topic rq/koch_snowflake/list_parametersRequest
[DEBUG] [1747587345.079994852] [rmw_fastrtps_cpp]: Pub Topic rr/koch_snowflake/list_parametersReply
[DEBUG] [1747587345.080008514] [rmw_fastrtps_cpp]: ***********
[DEBUG] [1747587345.080056055] [rcl]: Service initialized
[DEBUG] [1747587345.080140059] [rcl]: Initializing service for service name 'koch_snowflake/set_parameters'
[DEBUG] [1747587345.080155799] [rcl]: Expanded and remapped service name '/koch_snowflake/set_parameters'
[DEBUG] [1747587345.080369848] [rmw_fastrtps_cpp]: ************ Service Details *********
[DEBUG] [1747587345.080383931] [rmw_fastrtps_cpp]: Sub Topic rq/koch_snowflake/set_parametersRequest
[DEBUG] [1747587345.080386117] [rmw_fastrtps_cpp]: Pub Topic rr/koch_snowflake/set_parametersReply
[DEBUG] [1747587345.080397714] [rmw_fastrtps_cpp]: ***********
[DEBUG] [1747587345.080458972] [rcl]: Service initialized
[DEBUG] [1747587345.080534513] [rcl]: Initializing service for service name 'koch_snowflake/set_parameters_atomically'
[DEBUG] [1747587345.080550478] [rcl]: Expanded and remapped service name '/koch_snowflake/set_parameters_atomically'
[DEBUG] [174