[INFO] [1747585494.895045543] [triangle_drawer_node]: Triangle Drawer Node has been started.
[INFO] [1747585494.895274752] [triangle_drawer_node]: Side length: 2.0m, Turn angle: 120.0 degrees
[INFO] [1747585494.895437859] [triangle_drawer_node]: Calculated move time per side: 4.00s
[INFO] [1747585494.895616960] [triangle_drawer_node]: Calculated turn time: 4.19s
[INFO] [1747585495.897702399] [triangle_drawer_node]: Starting to draw the triangle...
[INFO] [1747585495.898408791] [triangle_drawer_node]: Moving forward for 4.00 seconds...
[INFO] [1747585499.906346420] [triangle_drawer_node]: Turning for 4.19 seconds...
[INFO] [1747585504.103285680] [triangle_drawer_node]: Moving forward for 4.00 seconds...
[INFO] [1747585508.112557673] [triangle_drawer_node]: Turning for 4.19 seconds...
[INFO] [1747585512.309732475] [triangle_drawer_node]: Moving forward for 4.00 seconds...
[INFO] [1747585516.315945237] [triangle_drawer_node]: Turning for 4.19 seconds...
[INFO] [1747585520.510937640] [triangle_drawer_node]: Turtle stopped.
[INFO] [1747585520.511148626] [triangle_drawer_node]: Triangle drawing complete!
[INFO] [1747585520.511530178] [triangle_drawer_node]: Starting to draw the triangle...
[INFO] [1747585520.511779221] [triangle_drawer_node]: Moving forward for 4.00 seconds...
[INFO] [1747585524.519343649] [triangle_drawer_node]: Turning for 4.19 seconds...
[INFO] [1747585527.123917870] [triangle_drawer_node]: Moving forward for 4.00 seconds...
[INFO] [1747585531.129471958] [triangle_drawer_node]: Turning for 4.19 seconds...
[INFO] [1747585535.321371713] [triangle_drawer_node]: Moving forward for 4.00 seconds...
[INFO] [1747585539.327202153] [triangle_drawer_node]: Turning for 4.19 seconds...
[INFO] [1747585543.524513677] [triangle_drawer_node]: Turtle stopped.
[INFO] [1747585543.525682014] [triangle_drawer_node]: Triangle drawing complete!
[INFO] [1747585543.527389869] [triangle_drawer_node]: Starting to draw the triangle...
[INFO] [1747585543.528321439] [triangle_drawer_node]: Moving forward for 4.00 seconds...
[INFO] [1747585547.537357110] [triangle_drawer_node]: Turning for 4.19 seconds...
[INFO] [1747585551.727534864] [triangle_drawer_node]: Moving forward for 4.00 seconds...
[INFO] [1747585555.731204710] [triangle_drawer_node]: Turning for 4.19 seconds...
[INFO] [1747585558.680877089] [triangle_drawer_node]: Moving forward for 4.00 seconds...
[INFO] [1747585562.682042623] [triangle_drawer_node]: Turning for 4.19 seconds...
[INFO] [1747585566.881207718] [triangle_drawer_node]: Turtle stopped.
[INFO] [1747585566.882116586] [triangle_drawer_node]: Triangle drawing complete!
[INFO] [1747585566.883638502] [triangle_drawer_node]: Starting to draw the triangle...
[INFO] [1747585566.884366105] [triangle_drawer_node]: Moving forward for 4.00 seconds...
[INFO] [1747585570.893069993] [triangle_drawer_node]: Turning for 4.19 seconds...
[INFO] [1747585575.094427627] [triangle_drawer_node]: Moving forward for 4.00 seconds...
[INFO] [1747585579.101495827] [triangle_drawer_node]: Turning for 4.19 seconds...
[INFO] [1747585583.300975072] [triangle_drawer_node]: Moving forward for 4.00 seconds...
[INFO] [1747585587.317326314] [triangle_drawer_node]: Turning for 4.19 seconds...
[INFO] [1747585589.809994410] [triangle_drawer_node]: Turtle stopped.
[INFO] [1747585589.810603432] [triangle_drawer_node]: Triangle drawing complete!
[INFO] [1747585589.811821471] [triangle_drawer_node]: Starting to draw the triangle...
[INFO] [1747585589.812276909] [triangle_drawer_node]: Moving forward for 4.00 seconds...
[INFO] [1747585593.817766452] [triangle_drawer_node]: Turning for 4.19 seconds...
[INFO] [1747585598.023502596] [triangle_drawer_node]: Moving forward for 4.00 seconds...
[INFO] [1747585602.028655959] [triangle_drawer_node]: Turning for 4.19 seconds...
[INFO] [1747585606.223905026] [triangle_drawer_node]: Moving forward for 4.00 seconds...
[INFO] [1747585610.232202633] [triangle_drawer_node]: Turning for 4.19 seconds...
[INFO] [1747585614.434403366] [triangle_drawer_node]: Turtle stopped.
[INFO] [1747585614.434619175] [triangle_drawer_node]: Triangle drawing complete!
[INFO] [1747585614.435044814] [triangle_drawer_node]: Starting to draw the triangle...
[INFO] [1747585614.435270858] [triangle_drawer_node]: Moving forward for 4.00 seconds...
[INFO] [1747585617.133227691] [triangle_drawer_node]: Turning for 4.19 seconds...
[INFO] [1747585621.334164177] [triangle_drawer_node]: Moving forward for 4.00 seconds...
[INFO] [1747585625.341043690] [triangle_drawer_node]: Turning for 4.19 seconds...
[INFO] [1747585629.532003086] [triangle_drawer_node]: Moving forward for 4.00 seconds...
[INFO] [1747585633.536711968] [triangle_drawer_node]: Turning for 4.19 seconds...
[INFO] [1747585637.734946218] [triangle_drawer_node]: Turtle stopped.
[INFO] [1747585637.735272810] [triangle_drawer_node]: Triangle drawing complete!
[INFO] [1747585637.735822698] [triangle_drawer_node]: Starting to draw the triangle...
[INFO] [1747585637.736100023] [triangle_drawer_node]: Moving forward for 4.00 seconds...
[INFO] [1747585641.745474302] [triangle_drawer_node]: Turning for 4.19 seconds...
[INFO] [1747585645.945205979] [triangle_drawer_node]: Moving forward for 4.00 seconds...
[INFO] [1747585648.501808412] [triangle_drawer_node]: Turning for 4.19 seconds...
[INFO] [1747585652.706249090] [triangle_drawer_node]: Moving forward for 4.00 seconds...
[INFO] [1747585656.718214158] [triangle_drawer_node]: Turning for 4.19 seconds...
[INFO] [1747585660.917874219] [triangle_drawer_node]: Turtle stopped.
[INFO] [1747585660.918106922] [triangle_drawer_node]: Triangle drawing complete!
[INFO] [1747585660.918483382] [triangle_drawer_node]: Starting to draw the triangle...
[INFO] [1747585660.918701413] [triangle_drawer_node]: Moving forward for 4.00 seconds...
[INFO] [1747585664.924058815] [triangle_drawer_node]: Turning for 4.19 seconds...
[INFO] [1747585669.123932740] [triangle_drawer_node]: Moving forward for 4.00 seconds...
[INFO] [1747585673.132654885] [triangle_drawer_node]: Turning for 4.19 seconds...
[INFO] [1747585677.330907023] [triangle_drawer_node]: Moving forward for 4.00 seconds...
[INFO] [1747585679.811467530] [triangle_drawer_node]: Turning for 4.19 seconds...
[INFO] [1747585684.003578542] [triangle_drawer_node]: Turtle stopped.
[INFO] [1747585684.003903497] [triangle_drawer_node]: Triangle drawing complete!
[INFO] [1747585684.004414781] [triangle_drawer_node]: Starting to draw the triangle...
[INFO] [1747585684.004697739] [triangle_drawer_node]: Moving forward for 4.00 seconds...
[INFO] [1747585688.011891073] [triangle_drawer_node]: Turning for 4.19 seconds...
[INFO] [1747585692.208187313] [triangle_drawer_node]: Moving forward for 4.00 seconds...
[INFO] [1747585696.215540047] [triangle_drawer_node]: Turning for 4.19 seconds...
[INFO] [1747585700.409798420] [triangle_drawer_node]: Moving forward for 4.00 seconds...
[INFO] [1747585704.416777521] [triangle_drawer_node]: Turning for 4.19 seconds...
[INFO] [1747585708.610633424] [triangle_drawer_node]: Turtle stopped.
[INFO] [1747585708.610860903] [triangle_drawer_node]: Triangle drawing complete!
[INFO] [1747585708.611279369] [triangle_drawer_node]: Starting to draw the triangle...
[INFO] [1747585708.611522311] [triangle_drawer_node]: Moving forward for 4.00 seconds...
[INFO] [1747585711.001691349] [triangle_drawer_node]: Turning for 4.19 seconds...
[INFO] [1747585715.195951075] [triangle_drawer_node]: Moving forward for 4.00 seconds...
[INFO] [1747585719.200689397] [triangle_drawer_node]: Turning for 4.19 seconds...
[INFO] [1747585723.398436976] [triangle_drawer_node]: Moving forward for 4.00 seconds...
[INFO] [1747585727.404204812] [triangle_drawer_node]: Turning for 4.19 seconds...
[INFO] [1747585731.605595904] [triangle_drawer_node]: Turtle stopped.
[INFO] [1747585731.606017028] [triangle_drawer_node]: Triangle drawing complete!
[INFO] [1747585731.606700185] [triangle_drawer_node]: Starting to draw the triangle...
[INFO] [1747585731.607159853] [triangle_drawer_node]: Moving forward for 4.00 seconds...
[INFO] [1747585735.618709911] [triangle_drawer_node]: Turning for 4.19 seconds...
[INFO] [1747585739.823001083] [triangle_drawer_node]: Movin