[0.058s] Invoking command in '/home/godoistvan/ros2_ws/build/examples_rclcpp_minimal_timer': CMAKE_PREFIX_PATH=/opt/ros/humble /usr/bin/cmake /home/godoistvan/ros2_ws/src/examples/rclcpp/timers/minimal_timer -DAMENT_CMAKE_SYMLINK_INSTALL=1 -DCMAKE_INSTALL_PREFIX=/home/godoistvan/ros2_ws/install/examples_rclcpp_minimal_timer
[1.400s] -- The C compiler identification is GNU 11.4.0
[1.400s] -- The CXX compiler identification is GNU 11.4.0
[1.400s] -- Detecting C compiler ABI info
[1.400s] -- Detecting C compiler ABI info - done
[1.400s] -- Check for working C compiler: /usr/bin/cc - skipped
[1.400s] -- Detecting C compile features
[1.400s] -- Detecting C compile features - done
[1.400s] -- Detecting CXX compiler ABI info
[1.401s] -- Detecting CXX compiler ABI info - done
[1.401s] -- Check for working CXX compiler: /usr/bin/c++ - skipped
[1.401s] -- Detecting CXX compile features
[1.401s] -- Detecting CXX compile features - done
[1.401s] -- Found ament_cmake: 1.3.11 (/opt/ros/humble/share/ament_cmake/cmake)
[1.402s] -- Found Python3: /usr/bin/python3 (found version "3.10.12") found components: Interpreter 
[1.402s] -- Override CMake install command with custom implementation using symlinks instead of copying resources
[1.402s] -- Found rclcpp: 16.0.12 (/opt/ros/humble/share/rclcpp/cmake)
[1.402s] -- Found rosidl_generator_c: 3.1.6 (/opt/ros/humble/share/rosidl_generator_c/cmake)
[1.402s] -- Found rosidl_adapter: 3.1.6 (/opt/ros/humble/share/rosidl_adapter/cmake)
[1.402s] -- Found rosidl_generator_cpp: 3.1.6 (/opt/ros/humble/share/rosidl_generator_cpp/cmake)
[1.402s] -- Using all available rosidl_typesupport_c: rosidl_typesupport_fastrtps_c;rosidl_typesupport_introspection_c
[1.402s] -- Using all available rosidl_typesupport_cpp: rosidl_typesupport_fastrtps_cpp;rosidl_typesupport_introspection_cpp
[1.403s] -- Found rmw_implementation_cmake: 6.1.2 (/opt/ros/humble/share/rmw_implementation_cmake/cmake)
[1.403s] -- Found rmw_fastrtps_cpp: 6.2.7 (/opt/ros/humble/share/rmw_fastrtps_cpp/cmake)
[1.403s] -- Found OpenSSL: /usr/lib/x86_64-linux-gnu/libcrypto.so (found version "3.0.2")  
[1.715s] -- Found FastRTPS: /opt/ros/humble/include  
[2.417s] -- Using RMW implementation 'rmw_fastrtps_cpp' as default
[2.421s] -- Looking for pthread.h
[2.478s] -- Looking for pthread.h - found
[2.478s] -- Performing Test CMAKE_HAVE_LIBC_PTHREAD
[2.537s] -- Performing Test CMAKE_HAVE_LIBC_PTHREAD - Success
[2.538s] -- Found Threads: TRUE  
[2.575s] -- Found ament_lint_auto: 0.12.12 (/opt/ros/humble/share/ament_lint_auto/cmake)
[2.635s] -- Added test 'copyright' to check source files copyright and LICENSE
[2.635s] -- Added test 'cppcheck' to perform static code analysis on C / C++ code
[2.636s] -- Configured cppcheck include dirs: 
[2.636s] -- Configured cppcheck exclude dirs and/or files: 
[2.636s] -- Added test 'cpplint' to check C / C++ code against the Google style
[2.636s] -- Configured cpplint exclude dirs and/or files: 
[2.637s] -- Added test 'lint_cmake' to check CMake code style
[2.638s] -- Added test 'uncrustify' to check C / C++ code style
[2.638s] -- Configured uncrustify additional arguments: 
[2.638s] -- Added test 'xmllint' to check XML markup files
[2.641s] -- Configuring done
[2.648s] -- Generating done
[2.651s] -- Build files have been written to: /home/godoistvan/ros2_ws/build/examples_rclcpp_minimal_timer
[2.671s] Invoked command in '/home/godoistvan/ros2_ws/build/examples_rclcpp_minimal_timer' returned '0': CMAKE_PREFIX_PATH=/opt/ros/humble /usr/bin/cmake /home/godoistvan/ros2_ws/src/examples/rclcpp/timers/minimal_timer -DAMENT_CMAKE_SYMLINK_INSTALL=1 -DCMAKE_INSTALL_PREFIX=/home/godoistvan/ros2_ws/install/examples_rclcpp_minimal_timer
[2.677s] Invoking command in '/home/godoistvan/ros2_ws/build/examples_rclcpp_minimal_timer': CMAKE_PREFIX_PATH=/opt/ros/humble /usr/bin/cmake --build /home/godoistvan/ros2_ws/build/examples_rclcpp_minimal_timer -- -j20 -l20
[2.697s] [ 25%] [32mBuilding CXX object CMakeFiles/timer_lambda.dir/lambda.cpp.o[0m
[2.702s] [ 50%] [32mBuilding CXX object CMakeFiles/timer_member_function.dir/member_function.cpp.o[0m
[14.269s] [ 75%] [32m[1mLinking CXX executable timer_member_function[0m
[14.858s] [ 75%] Built target timer_member_function
[16.294s] [100%] [32m[1mLinking CXX executable timer_lambda[0m
[16.718s] [100%] Built target timer_lambda
[16.932s] Invoked command in '/home/godoistvan/ros2_ws/build/examples_rclcpp_minimal_timer' returned '0': CMAKE_PREFIX_PATH=/opt/ros/humble /usr/bin/cmake --build /home/godoistvan/ros2_ws/build/examples_rclcpp_minimal_timer -- -j20 -l20
[17.116s] Invoking command in '/home/godoistvan/ros2_ws/build/examples_rclcpp_minimal_timer': CMAKE_PREFIX_PATH=/opt/ros/humble /usr/bin/cmake --install /home/godoistvan/ros2_ws/build/examples_rclcpp_minimal_timer
[17.431s] -- Install configuration: ""
[17.431s] -- Execute custom install script
[17.431s] -- Symlinking: /home/godoistvan/ros2_ws/install/examples_rclcpp_minimal_timer/lib/examples_rclcpp_minimal_timer/timer_lambda
[17.431s] -- Symlinking: /home/godoistvan/ros2_ws/install/examples_rclcpp_minimal_timer/lib/examples_rclcpp_minimal_timer/timer_member_function
[17.432s] -- Symlinking: /home/godoistvan/ros2_ws/install/examples_rclcpp_minimal_timer/share/ament_index/resource_index/package_run_dependencies/examples_rclcpp_minimal_timer
[17.432s] -- Symlinking: /home/godoistvan/ros2_ws/install/examples_rclcpp_minimal_timer/share/ament_index/resource_index/parent_prefix_path/examples_rclcpp_minimal_timer
[17.432s] -- Symlinking: /home/godoistvan/ros2_ws/install/examples_rclcpp_minimal_timer/share/examples_rclcpp_minimal_timer/environment/ament_prefix_path.sh
[17.432s] -- Symlinking: /home/godoistvan/ros2_ws/install/examples_rclcpp_minimal_timer/share/examples_rclcpp_minimal_timer/environment/ament_prefix_path.dsv
[17.432s] -- Symlinking: /home/godoistvan/ros2_ws/install/examples_rclcpp_minimal_timer/share/examples_rclcpp_minimal_timer/environment/path.sh
[17.445s] -- Symlinking: /home/godoistvan/ros2_ws/install/examples_rclcpp_minimal_timer/share/examples_rclcpp_minimal_timer/environment/path.dsv
[17.469s] -- Symlinking: /home/godoistvan/ros2_ws/install/examples_rclcpp_minimal_timer/share/examples_rclcpp_minimal_timer/local_setup.bash
[17.490s] -- Symlinking: /home/godoistvan/ros2_ws/install/examples_rclcpp_minimal_timer/share/examples_rclcpp_minimal_timer/local_setup.sh
[17.506s] -- Symlinking: /home/godoistvan/ros2_ws/install/examples_rclcpp_minimal_timer/share/examples_rclcpp_minimal_timer/local_setup.zsh
[17.518s] -- Symlinking: /home/godoistvan/ros2_ws/install/examples_rclcpp_minimal_timer/share/examples_rclcpp_minimal_timer/local_setup.dsv
[17.550s] -- Symlinking: /home/godoistvan/ros2_ws/install/examples_rclcpp_minimal_timer/share/examples_rclcpp_minimal_timer/package.dsv
[17.571s] -- Symlinking: /home/godoistvan/ros2_ws/install/examples_rclcpp_minimal_timer/share/ament_index/resource_index/packages/examples_rclcpp_minimal_timer
[17.587s] -- Symlinking: /home/godoistvan/ros2_ws/install/examples_rclcpp_minimal_timer/share/examples_rclcpp_minimal_timer/cmake/examples_rclcpp_minimal_timerConfig.cmake
[17.599s] -- Symlinking: /home/godoistvan/ros2_ws/install/examples_rclcpp_minimal_timer/share/examples_rclcpp_minimal_timer/cmake/examples_rclcpp_minimal_timerConfig-version.cmake
[17.613s] -- Symlinking: /home/godoistvan/ros2_ws/install/examples_rclcpp_minimal_timer/share/examples_rclcpp_minimal_timer/package.xml
[17.638s] Invoked command in '/home/godoistvan/ros2_ws/build/examples_rclcpp_minimal_timer' returned '0': CMAKE_PREFIX_PATH=/opt/ros/humble /usr/bin/cmake --install /home/godoistvan/ros2_ws/build/examples_rclcpp_minimal_timer
