[0.058s] Invoking command in '/home/godoistvan/ros2_ws/build/examples_rclcpp_wait_set': CMAKE_PREFIX_PATH=/opt/ros/humble /usr/bin/cmake /home/godoistvan/ros2_ws/src/examples/rclcpp/wait_set -DAMENT_CMAKE_SYMLINK_INSTALL=1 -DCMAKE_INSTALL_PREFIX=/home/godoistvan/ros2_ws/install/examples_rclcpp_wait_set
[1.399s] -- The C compiler identification is GNU 11.4.0
[1.399s] -- The CXX compiler identification is GNU 11.4.0
[1.399s] -- Detecting C compiler ABI info
[1.399s] -- Detecting C compiler ABI info - done
[1.399s] -- Check for working C compiler: /usr/bin/cc - skipped
[1.399s] -- Detecting C compile features
[1.399s] -- Detecting C compile features - done
[1.399s] -- Detecting CXX compiler ABI info
[1.399s] -- Detecting CXX compiler ABI info - done
[1.400s] -- Check for working CXX compiler: /usr/bin/c++ - skipped
[1.400s] -- Detecting CXX compile features
[1.400s] -- Detecting CXX compile features - done
[1.400s] -- Found ament_cmake: 1.3.11 (/opt/ros/humble/share/ament_cmake/cmake)
[1.400s] -- Found Python3: /usr/bin/python3 (found version "3.10.12") found components: Interpreter 
[1.400s] -- Override CMake install command with custom implementation using symlinks instead of copying resources
[1.400s] -- Found example_interfaces: 0.9.3 (/opt/ros/humble/share/example_interfaces/cmake)
[1.400s] -- Found rosidl_generator_c: 3.1.6 (/opt/ros/humble/share/rosidl_generator_c/cmake)
[1.400s] -- Found rosidl_adapter: 3.1.6 (/opt/ros/humble/share/rosidl_adapter/cmake)
[1.400s] -- Found rosidl_generator_cpp: 3.1.6 (/opt/ros/humble/share/rosidl_generator_cpp/cmake)
[1.400s] -- Using all available rosidl_typesupport_c: rosidl_typesupport_fastrtps_c;rosidl_typesupport_introspection_c
[1.401s] -- Using all available rosidl_typesupport_cpp: rosidl_typesupport_fastrtps_cpp;rosidl_typesupport_introspection_cpp
[1.401s] -- Found rclcpp: 16.0.12 (/opt/ros/humble/share/rclcpp/cmake)
[1.401s] -- Found rmw_implementation_cmake: 6.1.2 (/opt/ros/humble/share/rmw_implementation_cmake/cmake)
[1.401s] -- Found rmw_fastrtps_cpp: 6.2.7 (/opt/ros/humble/share/rmw_fastrtps_cpp/cmake)
[1.401s] -- Found OpenSSL: /usr/lib/x86_64-linux-gnu/libcrypto.so (found version "3.0.2")  
[1.696s] -- Found FastRTPS: /opt/ros/humble/include  
[2.395s] -- Using RMW implementation 'rmw_fastrtps_cpp' as default
[2.405s] -- Looking for pthread.h
[2.470s] -- Looking for pthread.h - found
[2.470s] -- Performing Test CMAKE_HAVE_LIBC_PTHREAD
[2.524s] -- Performing Test CMAKE_HAVE_LIBC_PTHREAD - Success
[2.524s] -- Found Threads: TRUE  
[2.570s] -- Found rclcpp_components: 16.0.12 (/opt/ros/humble/share/rclcpp_components/cmake)
[2.603s] -- Found ament_lint_auto: 0.12.12 (/opt/ros/humble/share/ament_lint_auto/cmake)
[2.675s] -- Added test 'copyright' to check source files copyright and LICENSE
[2.675s] -- Added test 'cppcheck' to perform static code analysis on C / C++ code
[2.676s] -- Configured cppcheck include dirs: /home/godoistvan/ros2_ws/src/examples/rclcpp/wait_set/include
[2.676s] -- Configured cppcheck exclude dirs and/or files: 
[2.683s] -- Added test 'cpplint' to check C / C++ code against the Google style
[2.683s] -- Configured cpplint exclude dirs and/or files: 
[2.683s] -- Added test 'lint_cmake' to check CMake code style
[2.683s] -- Added test 'uncrustify' to check C / C++ code style
[2.683s] -- Configured uncrustify additional arguments: 
[2.683s] -- Added test 'xmllint' to check XML markup files
[2.689s] -- Configuring done
[2.697s] -- Generating done
[2.709s] -- Build files have been written to: /home/godoistvan/ros2_ws/build/examples_rclcpp_wait_set
[2.786s] Invoked command in '/home/godoistvan/ros2_ws/build/examples_rclcpp_wait_set' returned '0': CMAKE_PREFIX_PATH=/opt/ros/humble /usr/bin/cmake /home/godoistvan/ros2_ws/src/examples/rclcpp/wait_set -DAMENT_CMAKE_SYMLINK_INSTALL=1 -DCMAKE_INSTALL_PREFIX=/home/godoistvan/ros2_ws/install/examples_rclcpp_wait_set
[2.788s] Invoking command in '/home/godoistvan/ros2_ws/build/examples_rclcpp_wait_set': CMAKE_PREFIX_PATH=/opt/ros/humble /usr/bin/cmake --build /home/godoistvan/ros2_ws/build/examples_rclcpp_wait_set -- -j20 -l20
[2.848s] [  4%] [32mBuilding CXX object CMakeFiles/wait_set_listener.dir/rclcpp_components/node_main_wait_set_listener.cpp.o[0m
[2.850s] [  8%] [32mBuilding CXX object CMakeFiles/listener.dir/src/listener.cpp.o[0m
[2.853s] [ 12%] [32mBuilding CXX object CMakeFiles/wait_set_talker.dir/rclcpp_components/node_main_wait_set_talker.cpp.o[0m
[2.854s] [ 16%] [32mBuilding CXX object CMakeFiles/talker.dir/src/talker.cpp.o[0m
[2.863s] [ 20%] [32mBuilding CXX object CMakeFiles/thread_safe_wait_set.dir/src/thread_safe_wait_set.cpp.o[0m
[2.878s] [ 25%] [32mBuilding CXX object CMakeFiles/wait_set.dir/src/wait_set.cpp.o[0m
[2.892s] [ 29%] [32mBuilding CXX object CMakeFiles/wait_set_topics_and_timer.dir/src/wait_set_topics_and_timer.cpp.o[0m
[2.902s] [ 33%] [32mBuilding CXX object CMakeFiles/wait_set_random_order.dir/src/wait_set_random_order.cpp.o[0m
[2.906s] [ 37%] [32mBuilding CXX object CMakeFiles/static_wait_set.dir/src/static_wait_set.cpp.o[0m
[2.922s] [ 41%] [32mBuilding CXX object CMakeFiles/wait_set_topics_with_different_rates.dir/src/wait_set_topics_with_different_rates.cpp.o[0m
[2.932s] [ 45%] [32mBuilding CXX object CMakeFiles/executor_random_order.dir/src/executor_random_order.cpp.o[0m
[14.289s] [ 50%] [32m[1mLinking CXX executable wait_set_talker[0m
[14.752s] [ 50%] Built target wait_set_talker
[15.315s] [ 54%] [32m[1mLinking CXX executable wait_set_listener[0m
[15.727s] [ 54%] Built target wait_set_listener
[20.475s] [ 58%] [32m[1mLinking CXX shared library libtalker.so[0m
[21.048s] [ 58%] Built target talker
[25.956s] [ 62%] [32m[1mLinking CXX executable static_wait_set[0m
[26.592s] [ 62%] Built target static_wait_set
[27.319s] [ 66%] [32m[1mLinking CXX executable wait_set_topics_and_timer[0m
[27.470s] [ 70%] [32m[1mLinking CXX executable thread_safe_wait_set[0m
[27.612s] [ 75%] [32m[1mLinking CXX executable executor_random_order[0m
[28.100s] [ 75%] Built target thread_safe_wait_set
[28.106s] [ 75%] Built target wait_set_topics_and_timer
[28.115s] [ 75%] Built target executor_random_order
[29.250s] [ 79%] [32m[1mLinking CXX executable wait_set_random_order[0m
[29.635s] [ 83%] [32m[1mLinking CXX executable wait_set_topics_with_different_rates[0m
[29.674s] [ 83%] Built target wait_set_random_order
[30.028s] [ 83%] Built target wait_set_topics_with_different_rates
[30.159s] [ 87%] [32m[1mLinking CXX shared library liblistener.so[0m
[30.520s] [ 87%] Built target listener
[30.536s] [ 91%] [32mBuilding CXX object CMakeFiles/wait_set_composed.dir/src/wait_set_composed.cpp.o[0m
[30.958s] [ 95%] [32m[1mLinking CXX executable wait_set[0m
[31.269s] [ 95%] Built target wait_set
[32.569s] [100%] [32m[1mLinking CXX executable wait_set_composed[0m
[32.715s] [100%] Built target wait_set_composed
[32.738s] Invoked command in '/home/godoistvan/ros2_ws/build/examples_rclcpp_wait_set' returned '0': CMAKE_PREFIX_PATH=/opt/ros/humble /usr/bin/cmake --build /home/godoistvan/ros2_ws/build/examples_rclcpp_wait_set -- -j20 -l20
[32.740s] Invoking command in '/home/godoistvan/ros2_ws/build/examples_rclcpp_wait_set': CMAKE_PREFIX_PATH=/opt/ros/humble /usr/bin/cmake --install /home/godoistvan/ros2_ws/build/examples_rclcpp_wait_set
[32.744s] -- Install configuration: ""
[32.744s] -- Execute custom install script
[32.745s] -- Symlinking: /home/godoistvan/ros2_ws/install/examples_rclcpp_wait_set/lib/examples_rclcpp_wait_set/wait_set_talker
[32.750s] -- Symlinking: /home/godoistvan/ros2_ws/install/examples_rclcpp_wait_set/lib/examples_rclcpp_wait_set/wait_set_listener
[32.755s] -- Symlinking: /home/godoistvan/ros2_ws/install/examples_rclcpp_wait_set/lib/libtalker.so
[32.760s] -- Symlinking: /home/godoistvan/ros2_ws/install/examples_rclcpp_wait_set/lib/liblistener.so
[32.766s] -- Symlinking: /home/godoistvan/ros2_ws/install/examples_rclcpp_wait_set/lib/examples_rclcpp_wait_set/wait_set
[32.771s] -- Symlinking: /home/godoistvan/ros2_ws/install/examples_rclcpp_wait_set/lib/examples_rclcpp_wait_set/static_wait_set
[32.776s] -- Symlinking: /home/godoistvan/ros2_ws/install/examples_rclcpp_wait_set/lib/examples_rclcpp_wait_set/thread_safe_wait_set
[32.781s] -- Symlinking: /home/godoistvan/ros2_ws/install/examples_rclcpp_wait_set/lib/examples_rclcpp_wait_set/wait_set_topics_and_timer
[32.787s] -- Symlinking: /home/godoistvan/ros2_ws/install/examples_rclcpp_wait_set/lib/examples_rclcpp_wait_set/wait_set_random_order
[32.792s] -- Symlinking: /home/godoistvan/ros2_ws/install/examples_rclcpp_wait_set/lib/examples_rclcpp_wait_set/executor_random_order
[32.797s] -- Symlinking: /home/godoistvan/ros2_ws/install/examples_rclcpp_wait_set/lib/examples_rclcpp_wait_set/wait_set_topics_with_different_rates
[32.802s] -- Symlinking: /home/godoistvan/ros2_ws/install/examples_rclcpp_wait_set/lib/examples_rclcpp_wait_set/wait_set_composed
[32.808s] -- Symlinking: /home/godoistvan/ros2_ws/install/examples_rclcpp_wait_set/share/ament_index/resource_index/package_run_dependencies/examples_rclcpp_wait_set
[32.813s] -- Symlinking: /home/godoistvan/ros2_ws/install/examples_rclcpp_wait_set/share/ament_index/resource_index/parent_prefix_path/examples_rclcpp_wait_set
[32.818s] -- Symlinking: /home/godoistvan/ros2_ws/install/examples_rclcpp_wait_set/share/examples_rclcpp_wait_set/environment/ament_prefix_path.sh
[32.822s] -- Symlinking: /home/godoistvan/ros2_ws/install/examples_rclcpp_wait_set/share/examples_rclcpp_wait_set/environment/ament_prefix_path.dsv
[32.827s] -- Symlinking: /home/godoistvan/ros2_ws/install/examples_rclcpp_wait_set/share/examples_rclcpp_wait_set/environment/path.sh
[32.831s] -- Symlinking: /home/godoistvan/ros2_ws/install/examples_rclcpp_wait_set/share/examples_rclcpp_wait_set/environment/path.dsv
[32.835s] -- Symlinking: /home/godoistvan/ros2_ws/install/examples_rclcpp_wait_set/share/examples_rclcpp_wait_set/local_setup.bash
[32.839s] -- Symlinking: /home/godoistvan/ros2_ws/install/examples_rclcpp_wait_set/share/examples_rclcpp_wait_set/local_setup.sh
[32.844s] -- Symlinking: /home/godoistvan/ros2_ws/install/examples_rclcpp_wait_set/share/examples_rclcpp_wait_set/local_setup.zsh
[32.848s] -- Symlinking: /home/godoistvan/ros2_ws/install/examples_rclcpp_wait_set/share/examples_rclcpp_wait_set/local_setup.dsv
[32.852s] -- Symlinking: /home/godoistvan/ros2_ws/install/examples_rclcpp_wait_set/share/examples_rclcpp_wait_set/package.dsv
[32.858s] -- Symlinking: /home/godoistvan/ros2_ws/install/examples_rclcpp_wait_set/share/ament_index/resource_index/packages/examples_rclcpp_wait_set
[32.863s] -- Symlinking: /home/godoistvan/ros2_ws/install/examples_rclcpp_wait_set/share/ament_index/resource_index/rclcpp_components/examples_rclcpp_wait_set
[32.868s] -- Symlinking: /home/godoistvan/ros2_ws/install/examples_rclcpp_wait_set/share/examples_rclcpp_wait_set/cmake/examples_rclcpp_wait_setConfig.cmake
[32.873s] -- Symlinking: /home/godoistvan/ros2_ws/install/examples_rclcpp_wait_set/share/examples_rclcpp_wait_set/cmake/examples_rclcpp_wait_setConfig-version.cmake
[32.878s] -- Symlinking: /home/godoistvan/ros2_ws/install/examples_rclcpp_wait_set/share/examples_rclcpp_wait_set/package.xml
[32.886s] Invoked command in '/home/godoistvan/ros2_ws/build/examples_rclcpp_wait_set' returned '0': CMAKE_PREFIX_PATH=/opt/ros/humble /usr/bin/cmake --install /home/godoistvan/ros2_ws/build/examples_rclcpp_wait_set
