[1.796s] Invoking command in '/home/godoistvan/ros2_ws/build/examples_rclpy_minimal_action_server': PYTHONPATH=/home/godoistvan/ros2_ws/build/examples_rclpy_minimal_action_server/prefix_override:/usr/lib/python3/dist-packages/colcon_core/task/python/colcon_distutils_commands:/home/godoistvan/ros2_ws/install/examples_rclpy_minimal_action_server/lib/python3.10/site-packages:${PYTHONPATH} /usr/bin/python3 -W ignore:setup.py install is deprecated -W ignore:easy_install command is deprecated setup.py develop --editable --build-directory /home/godoistvan/ros2_ws/build/examples_rclpy_minimal_action_server/build --no-deps symlink_data
[2.667s] running develop
[2.667s] running egg_info
[2.667s] creating examples_rclpy_minimal_action_server.egg-info
[2.668s] writing examples_rclpy_minimal_action_server.egg-info/PKG-INFO
[2.668s] writing dependency_links to examples_rclpy_minimal_action_server.egg-info/dependency_links.txt
[2.668s] writing entry points to examples_rclpy_minimal_action_server.egg-info/entry_points.txt
[2.668s] writing requirements to examples_rclpy_minimal_action_server.egg-info/requires.txt
[2.668s] writing top-level names to examples_rclpy_minimal_action_server.egg-info/top_level.txt
[2.668s] writing manifest file 'examples_rclpy_minimal_action_server.egg-info/SOURCES.txt'
[2.668s] reading manifest file 'examples_rclpy_minimal_action_server.egg-info/SOURCES.txt'
[2.668s] writing manifest file 'examples_rclpy_minimal_action_server.egg-info/SOURCES.txt'
[2.669s] running build_ext
[2.669s] Creating /home/godoistvan/ros2_ws/install/examples_rclpy_minimal_action_server/lib/python3.10/site-packages/examples-rclpy-minimal-action-server.egg-link (link to .)
[2.669s] Installing server script to /home/godoistvan/ros2_ws/install/examples_rclpy_minimal_action_server/lib/examples_rclpy_minimal_action_server
[2.669s] Installing server_defer script to /home/godoistvan/ros2_ws/install/examples_rclpy_minimal_action_server/lib/examples_rclpy_minimal_action_server
[2.669s] Installing server_not_composable script to /home/godoistvan/ros2_ws/install/examples_rclpy_minimal_action_server/lib/examples_rclpy_minimal_action_server
[2.669s] Installing server_queue_goals script to /home/godoistvan/ros2_ws/install/examples_rclpy_minimal_action_server/lib/examples_rclpy_minimal_action_server
[2.669s] Installing server_single_goal script to /home/godoistvan/ros2_ws/install/examples_rclpy_minimal_action_server/lib/examples_rclpy_minimal_action_server
[2.670s] 
[2.670s] Installed /home/godoistvan/ros2_ws/build/examples_rclpy_minimal_action_server
[2.670s] running symlink_data
[2.670s] creating /home/godoistvan/ros2_ws/install/examples_rclpy_minimal_action_server/share/ament_index
[2.670s] creating /home/godoistvan/ros2_ws/install/examples_rclpy_minimal_action_server/share/ament_index/resource_index
[2.670s] creating /home/godoistvan/ros2_ws/install/examples_rclpy_minimal_action_server/share/ament_index/resource_index/packages
[2.670s] symbolically linking /home/godoistvan/ros2_ws/build/examples_rclpy_minimal_action_server/resource/examples_rclpy_minimal_action_server -> /home/godoistvan/ros2_ws/install/examples_rclpy_minimal_action_server/share/ament_index/resource_index/packages
[2.670s] symbolically linking /home/godoistvan/ros2_ws/build/examples_rclpy_minimal_action_server/package.xml -> /home/godoistvan/ros2_ws/install/examples_rclpy_minimal_action_server/share/examples_rclpy_minimal_action_server
[2.735s] Invoked command in '/home/godoistvan/ros2_ws/build/examples_rclpy_minimal_action_server' returned '0': PYTHONPATH=/home/godoistvan/ros2_ws/build/examples_rclpy_minimal_action_server/prefix_override:/usr/lib/python3/dist-packages/colcon_core/task/python/colcon_distutils_commands:/home/godoistvan/ros2_ws/install/examples_rclpy_minimal_action_server/lib/python3.10/site-packages:${PYTHONPATH} /usr/bin/python3 -W ignore:setup.py install is deprecated -W ignore:easy_install command is deprecated setup.py develop --editable --build-directory /home/godoistvan/ros2_ws/build/examples_rclpy_minimal_action_server/build --no-deps symlink_data
