running egg_info
writing ../../build/ros2_course/ros2_course.egg-info/PKG-INFO
writing dependency_links to ../../build/ros2_course/ros2_course.egg-info/dependency_links.txt
writing entry points to ../../build/ros2_course/ros2_course.egg-info/entry_points.txt
writing requirements to ../../build/ros2_course/ros2_course.egg-info/requires.txt
writing top-level names to ../../build/ros2_course/ros2_course.egg-info/top_level.txt
reading manifest file '../../build/ros2_course/ros2_course.egg-info/SOURCES.txt'
writing manifest file '../../build/ros2_course/ros2_course.egg-info/SOURCES.txt'
running build
running build_py
running install
running install_lib
running install_data
running install_egg_info
removing '/home/godoistvan/ros2_ws/install/ros2_course/lib/python3.10/site-packages/ros2_course-0.0.0-py3.10.egg-info' (and everything under it)
Copying ../../build/ros2_course/ros2_course.egg-info to /home/godoistvan/ros2_ws/install/ros2_course/lib/python3.10/site-packages/ros2_course-0.0.0-py3.10.egg-info
running install_scripts
Installing hello script to /home/godoistvan/ros2_ws/install/ros2_course/lib/ros2_course
Installing koch_snowflake script to /home/godoistvan/ros2_ws/install/ros2_course/lib/ros2_course
writing list of installed files to '/home/godoistvan/ros2_ws/build/ros2_course/install.log'
