2025-05-18 16:20:30.050 [info] Extension host with pid 10919 started
2025-05-18 16:20:30.050 [info] Lock '/home/godoistvan/.vscode-server/data/User/workspaceStorage/60bc46e1e45b313ee21d72c44930862f/vscode.lock': Lock acquired.
2025-05-18 16:20:30.088 [info] ExtensionService#_doActivateExtension vscode.emmet, startup: false, activationEvent: 'onLanguage'
2025-05-18 16:20:30.125 [info] ExtensionService#_doActivateExtension vscode.git-base, startup: true, activationEvent: '*', root cause: vscode.git
2025-05-18 16:20:30.132 [info] ExtensionService#_doActivateExtension vscode.git, startup: true, activationEvent: '*'
2025-05-18 16:20:30.132 [info] ExtensionService#_doActivateExtension vscode.github, startup: true, activationEvent: '*'
2025-05-18 16:20:30.217 [info] Eager extensions activated
2025-05-18 16:20:30.218 [info] ExtensionService#_doActivateExtension vscode.debug-auto-launch, startup: false, activationEvent: 'onStartupFinished'
2025-05-18 16:20:30.218 [info] ExtensionService#_doActivateExtension vscode.merge-conflict, startup: false, activationEvent: 'onStartupFinished'
2025-05-18 16:24:27.001 [info] ExtensionService#_doActivateExtension vscode.npm, startup: false, activationEvent: 'onTerminalQuickFixRequest:ms-vscode.npm-command'
2025-05-18 16:24:31.445 [info] ExtensionService#_doActivateExtension vscode.configuration-editing, startup: false, activationEvent: 'onLanguage:json'
2025-05-18 16:24:31.446 [info] ExtensionService#_doActivateExtension vscode.extension-editing, startup: false, activationEvent: 'onLanguage:json'
2025-05-18 16:24:31.446 [info] ExtensionService#_doActivateExtension vscode.json-language-features, startup: false, activationEvent: 'onLanguage:json'
2025-05-18 16:39:07.329 [warning] [Decorations] CAPPING events from decorations provider vscode.git 4379
2025-05-18 16:39:07.378 [warning] [Decorations] CAPPING events from decorations provider vscode.git 4379
2025-05-18 16:39:10.733 [warning] [Decorations] CAPPING events from decorations provider vscode.git 4379
2025-05-18 16:39:15.815 [warning] [Decorations] CAPPING events from decorations provider vscode.git 4380
2025-05-18 16:39:20.862 [warning] [Decorations] CAPPING events from decorations provider vscode.git 4380
2025-05-18 16:39:25.900 [warning] [Decorations] CAPPING events from decorations provider vscode.git 4380
2025-05-18 16:39:30.941 [warning] [Decorations] CAPPING events from decorations provider vscode.git 4380
2025-05-18 16:39:36.105 [warning] [Decorations] CAPPING events from decorations provider vscode.git 4380
2025-05-18 16:39:40.190 [warning] [Decorations] CAPPING events from decorations provider vscode.git 4380
2025-05-18 16:39:45.234 [warning] [Decorations] CAPPING events from decorations provider vscode.git 4380
2025-05-18 16:39:50.296 [warning] [Decorations] CAPPING events from decorations provider vscode.git 4380
2025-05-18 16:39:55.527 [warning] [Decorations] CAPPING events from decorations provider vscode.git 4380
2025-05-18 16:40:00.576 [warning] [Decorations] CAPPING events from decorations provider vscode.git 4380
2025-05-18 16:40:06.076 [warning] [Decorations] CAPPING events from decorations provider vscode.git 4380
2025-05-18 16:40:10.012 [warning] [Decorations] CAPPING events from decorations provider vscode.git 4380
2025-05-18 16:40:15.053 [warning] [Decorations] CAPPING events from decorations provider vscode.git 4380
2025-05-18 16:40:20.094 [warning] [Decorations] CAPPING events from decorations provider vscode.git 4380
2025-05-18 16:40:34.465 [warning] [Decorations] CAPPING events from decorations provider vscode.git 4380
2025-05-18 16:41:26.527 [warning] [Decorations] CAPPING events from decorations provider vscode.git 4380
2025-05-18 16:41:31.574 [warning] [Decorations] CAPPING events from decorations provider vscode.git 4380
2025-05-18 16:41:36.627 [warning] [Decorations] CAPPING events from decorations provider vscode.git 4380
2025-05-18 16:41:44.863 [warning] [Decorations] CAPPING events from decorations provider vscode.git 4380
2025-05-18 16:43:06.357 [warning] [Decorations] CAPPING events from decorations provider vscode.git 4380
2025-05-18 16:43:11.385 [warning] [Decorations] CAPPING events from decorations provider vscode.git 4380
2025-05-18 16:44:52.681 [info] ExtensionService#_doActivateExtension vscode.markdown-language-features, startup: false, activationEvent: 'onLanguage:markdown'
2025-05-18 16:44:52.957 [info] ExtensionService#_doActivateExtension vscode.markdown-math, startup: false, activationEvent: 'api', root cause: vscode.markdown-language-features
