[0.058s] Invoking command in '/home/godoistvan/ros2_ws/build/examples_rclcpp_minimal_action_server': CMAKE_PREFIX_PATH=/opt/ros/humble /usr/bin/cmake /home/godoistvan/ros2_ws/src/examples/rclcpp/actions/minimal_action_server -DAMENT_CMAKE_SYMLINK_INSTALL=1 -DCMAKE_INSTALL_PREFIX=/home/godoistvan/ros2_ws/install/examples_rclcpp_minimal_action_server
[1.393s] -- The C compiler identification is GNU 11.4.0
[1.394s] -- The CXX compiler identification is GNU 11.4.0
[1.395s] -- Detecting C compiler ABI info
[1.395s] -- Detecting C compiler ABI info - done
[1.395s] -- Check for working C compiler: /usr/bin/cc - skipped
[1.395s] -- Detecting C compile features
[1.395s] -- Detecting C compile features - done
[1.395s] -- Detecting CXX compiler ABI info
[1.395s] -- Detecting CXX compiler ABI info - done
[1.395s] -- Check for working CXX compiler: /usr/bin/c++ - skipped
[1.396s] -- Detecting CXX compile features
[1.396s] -- Detecting CXX compile features - done
[1.396s] -- Found ament_cmake: 1.3.11 (/opt/ros/humble/share/ament_cmake/cmake)
[1.396s] -- Found Python3: /usr/bin/python3 (found version "3.10.12") found components: Interpreter 
[1.396s] -- Override CMake install command with custom implementation using symlinks instead of copying resources
[1.396s] -- Found example_interfaces: 0.9.3 (/opt/ros/humble/share/example_interfaces/cmake)
[1.396s] -- Found rosidl_generator_c: 3.1.6 (/opt/ros/humble/share/rosidl_generator_c/cmake)
[1.396s] -- Found rosidl_adapter: 3.1.6 (/opt/ros/humble/share/rosidl_adapter/cmake)
[1.396s] -- Found rosidl_generator_cpp: 3.1.6 (/opt/ros/humble/share/rosidl_generator_cpp/cmake)
[1.396s] -- Using all available rosidl_typesupport_c: rosidl_typesupport_fastrtps_c;rosidl_typesupport_introspection_c
[1.396s] -- Using all available rosidl_typesupport_cpp: rosidl_typesupport_fastrtps_cpp;rosidl_typesupport_introspection_cpp
[1.396s] -- Found rclcpp: 16.0.12 (/opt/ros/humble/share/rclcpp/cmake)
[1.397s] -- Found rmw_implementation_cmake: 6.1.2 (/opt/ros/humble/share/rmw_implementation_cmake/cmake)
[1.397s] -- Found rmw_fastrtps_cpp: 6.2.7 (/opt/ros/humble/share/rmw_fastrtps_cpp/cmake)
[1.397s] -- Found OpenSSL: /usr/lib/x86_64-linux-gnu/libcrypto.so (found version "3.0.2")  
[1.758s] -- Found FastRTPS: /opt/ros/humble/include  
[2.717s] -- Using RMW implementation 'rmw_fastrtps_cpp' as default
[2.722s] -- Looking for pthread.h
[2.797s] -- Looking for pthread.h - found
[2.799s] -- Performing Test CMAKE_HAVE_LIBC_PTHREAD
[2.950s] -- Performing Test CMAKE_HAVE_LIBC_PTHREAD - Success
[2.951s] -- Found Threads: TRUE  
[3.119s] -- Found rclcpp_action: 16.0.12 (/opt/ros/humble/share/rclcpp_action/cmake)
[3.142s] -- Found ament_lint_auto: 0.12.12 (/opt/ros/humble/share/ament_lint_auto/cmake)
[3.428s] -- Added test 'copyright' to check source files copyright and LICENSE
[3.429s] -- Added test 'cppcheck' to perform static code analysis on C / C++ code
[3.444s] -- Configured cppcheck include dirs: 
[3.444s] -- Configured cppcheck exclude dirs and/or files: 
[3.445s] -- Added test 'cpplint' to check C / C++ code against the Google style
[3.445s] -- Configured cpplint exclude dirs and/or files: 
[3.446s] -- Added test 'lint_cmake' to check CMake code style
[3.448s] -- Added test 'uncrustify' to check C / C++ code style
[3.448s] -- Configured uncrustify additional arguments: 
[3.449s] -- Added test 'xmllint' to check XML markup files
[3.455s] -- Configuring done
[3.502s] -- Generating done
[3.529s] -- Build files have been written to: /home/godoistvan/ros2_ws/build/examples_rclcpp_minimal_action_server
[4.158s] Invoked command in '/home/godoistvan/ros2_ws/build/examples_rclcpp_minimal_action_server' returned '0': CMAKE_PREFIX_PATH=/opt/ros/humble /usr/bin/cmake /home/godoistvan/ros2_ws/src/examples/rclcpp/actions/minimal_action_server -DAMENT_CMAKE_SYMLINK_INSTALL=1 -DCMAKE_INSTALL_PREFIX=/home/godoistvan/ros2_ws/install/examples_rclcpp_minimal_action_server
[4.170s] Invoking command in '/home/godoistvan/ros2_ws/build/examples_rclcpp_minimal_action_server': CMAKE_PREFIX_PATH=/opt/ros/humble /usr/bin/cmake --build /home/godoistvan/ros2_ws/build/examples_rclcpp_minimal_action_server -- -j20 -l20
[4.269s] gmake: Warning: File 'Makefile' has modification time 0.25 s in the future
[4.329s] gmake[1]: Warning: File 'CMakeFiles/Makefile2' has modification time 0.11 s in the future
[4.339s] gmake[2]: Warning: File 'CMakeFiles/action_server_member_functions.dir/flags.make' has modification time 0.09 s in the future
[4.359s] gmake[2]: Warning: File 'CMakeFiles/action_server_not_composable.dir/flags.make' has modification time 0.081 s in the future
[4.396s] gmake[2]: warning:  Clock skew detected.  Your build may be incomplete.
[4.412s] gmake[2]: warning:  Clock skew detected.  Your build may be incomplete.
[4.413s] gmake[2]: Warning: File 'CMakeFiles/action_server_member_functions.dir/flags.make' has modification time 0.016 s in the future
[4.429s] gmake[2]: Warning: File 'CMakeFiles/action_server_not_composable.dir/flags.make' has modification time 0.011 s in the future
[4.461s] [ 25%] [32mBuilding CXX object CMakeFiles/action_server_member_functions.dir/member_functions.cpp.o[0m
[4.508s] [ 50%] [32mBuilding CXX object CMakeFiles/action_server_not_composable.dir/not_composable.cpp.o[0m
[20.229s] [ 75%] [32m[1mLinking CXX executable action_server_not_composable[0m
[20.692s] [100%] [32m[1mLinking CXX executable action_server_member_functions[0m
[20.741s] gmake[2]: warning:  Clock skew detected.  Your build may be incomplete.
[20.758s] [100%] Built target action_server_not_composable
[21.164s] gmake[2]: warning:  Clock skew detected.  Your build may be incomplete.
[21.200s] [100%] Built target action_server_member_functions
[21.208s] gmake[1]: warning:  Clock skew detected.  Your build may be incomplete.
[21.237s] gmake: warning:  Clock skew detected.  Your build may be incomplete.
[21.258s] Invoked command in '/home/godoistvan/ros2_ws/build/examples_rclcpp_minimal_action_server' returned '0': CMAKE_PREFIX_PATH=/opt/ros/humble /usr/bin/cmake --build /home/godoistvan/ros2_ws/build/examples_rclcpp_minimal_action_server -- -j20 -l20
[21.265s] Invoking command in '/home/godoistvan/ros2_ws/build/examples_rclcpp_minimal_action_server': CMAKE_PREFIX_PATH=/opt/ros/humble /usr/bin/cmake --install /home/godoistvan/ros2_ws/build/examples_rclcpp_minimal_action_server
[21.279s] -- Install configuration: ""
[21.283s] -- Execute custom install script
[21.285s] -- Symlinking: /home/godoistvan/ros2_ws/install/examples_rclcpp_minimal_action_server/lib/examples_rclcpp_minimal_action_server/action_server_not_composable
[21.302s] -- Symlinking: /home/godoistvan/ros2_ws/install/examples_rclcpp_minimal_action_server/lib/examples_rclcpp_minimal_action_server/action_server_member_functions
[21.361s] -- Symlinking: /home/godoistvan/ros2_ws/install/examples_rclcpp_minimal_action_server/share/ament_index/resource_index/package_run_dependencies/examples_rclcpp_minimal_action_server
[21.408s] -- Symlinking: /home/godoistvan/ros2_ws/install/examples_rclcpp_minimal_action_server/share/ament_index/resource_index/parent_prefix_path/examples_rclcpp_minimal_action_server
[21.408s] -- Symlinking: /home/godoistvan/ros2_ws/install/examples_rclcpp_minimal_action_server/share/examples_rclcpp_minimal_action_server/environment/ament_prefix_path.sh
[21.428s] -- Symlinking: /home/godoistvan/ros2_ws/install/examples_rclcpp_minimal_action_server/share/examples_rclcpp_minimal_action_server/environment/ament_prefix_path.dsv
[21.455s] -- Symlinking: /home/godoistvan/ros2_ws/install/examples_rclcpp_minimal_action_server/share/examples_rclcpp_minimal_action_server/environment/path.sh
[21.500s] -- Symlinking: /home/godoistvan/ros2_ws/install/examples_rclcpp_minimal_action_server/share/examples_rclcpp_minimal_action_server/environment/path.dsv
[21.521s] -- Symlinking: /home/godoistvan/ros2_ws/install/examples_rclcpp_minimal_action_server/share/examples_rclcpp_minimal_action_server/local_setup.bash
[21.539s] -- Symlinking: /home/godoistvan/ros2_ws/install/examples_rclcpp_minimal_action_server/share/examples_rclcpp_minimal_action_server/local_setup.sh
[21.549s] -- Symlinking: /home/godoistvan/ros2_ws/install/examples_rclcpp_minimal_action_server/share/examples_rclcpp_minimal_action_server/local_setup.zsh
[21.562s] -- Symlinking: /home/godoistvan/ros2_ws/install/examples_rclcpp_minimal_action_server/share/examples_rclcpp_minimal_action_server/local_setup.dsv
[21.574s] -- Symlinking: /home/godoistvan/ros2_ws/install/examples_rclcpp_minimal_action_server/share/examples_rclcpp_minimal_action_server/package.dsv
[21.598s] -- Symlinking: /home/godoistvan/ros2_ws/install/examples_rclcpp_minimal_action_server/share/ament_index/resource_index/packages/examples_rclcpp_minimal_action_server
[21.628s] -- Symlinking: /home/godoistvan/ros2_ws/install/examples_rclcpp_minimal_action_server/share/examples_rclcpp_minimal_action_server/cmake/examples_rclcpp_minimal_action_serverConfig.cmake
[21.638s] -- Symlinking: /home/godoistvan/ros2_ws/install/examples_rclcpp_minimal_action_server/share/examples_rclcpp_minimal_action_server/cmake/examples_rclcpp_minimal_action_serverConfig-version.cmake
[21.648s] -- Symlinking: /home/godoistvan/ros2_ws/install/examples_rclcpp_minimal_action_server/share/examples_rclcpp_minimal_action_server/package.xml
[21.664s] Invoked command in '/home/godoistvan/ros2_ws/build/examples_rclcpp_minimal_action_server' returned '0': CMAKE_PREFIX_PATH=/opt/ros/humble /usr/bin/cmake --install /home/godoistvan/ros2_ws/build/examples_rclcpp_minimal_action_server
