running develop
running egg_info
creating ros2_course.egg-info
writing ros2_course.egg-info/PKG-INFO
writing dependency_links to ros2_course.egg-info/dependency_links.txt
writing entry points to ros2_course.egg-info/entry_points.txt
writing requirements to ros2_course.egg-info/requires.txt
writing top-level names to ros2_course.egg-info/top_level.txt
writing manifest file 'ros2_course.egg-info/SOURCES.txt'
reading manifest file 'ros2_course.egg-info/SOURCES.txt'
writing manifest file 'ros2_course.egg-info/SOURCES.txt'
running build_ext
Creating /home/godoistvan/install/ros2_course/lib/python3.10/site-packages/ros2-course.egg-link (link to .)
Installing hello script to /home/godoistvan/install/ros2_course/lib/ros2_course
Installing koch_snowflake script to /home/godoistvan/install/ros2_course/lib/ros2_course

Installed /home/godoistvan/build/ros2_course
running symlink_data
creating /home/godoistvan/install/ros2_course/share/ament_index
creating /home/godoistvan/install/ros2_course/share/ament_index/resource_index
creating /home/godoistvan/install/ros2_course/share/ament_index/resource_index/packages
symbolically linking /home/godoistvan/build/ros2_course/resource/ros2_course -> /home/godoistvan/install/ros2_course/share/ament_index/resource_index/packages
symbolically linking /home/godoistvan/build/ros2_course/package.xml -> /home/godoistvan/install/ros2_course/share/ros2_course
