2025-05-18 18:13:20.755 [info] Extension host with pid 51546 started
2025-05-18 18:13:20.756 [info] Lock '/home/godoistvan/.vscode-server/data/User/workspaceStorage/60bc46e1e45b313ee21d72c44930862f/vscode.lock': Lock acquired.
2025-05-18 18:13:20.859 [info] ExtensionService#_doActivateExtension vscode.emmet, startup: false, activationEvent: 'onLanguage'
2025-05-18 18:13:20.891 [info] ExtensionService#_doActivateExtension vscode.git-base, startup: true, activationEvent: '*', root cause: vscode.git
2025-05-18 18:13:20.897 [info] ExtensionService#_doActivateExtension vscode.git, startup: true, activationEvent: '*'
2025-05-18 18:13:20.897 [info] ExtensionService#_doActivateExtension vscode.github, startup: true, activationEvent: '*'
2025-05-18 18:13:20.984 [info] Eager extensions activated
2025-05-18 18:13:20.984 [info] ExtensionService#_doActivateExtension vscode.debug-auto-launch, startup: false, activationEvent: 'onStartupFinished'
2025-05-18 18:13:20.984 [info] ExtensionService#_doActivateExtension vscode.merge-conflict, startup: false, activationEvent: 'onStartupFinished'
2025-05-18 18:13:21.067 [warning] [Decorations] CAPPING events from decorations provider vscode.git 278
2025-05-18 18:13:21.231 [warning] [Decorations] CAPPING events from decorations provider vscode.git 278
2025-05-18 18:13:22.579 [info] ExtensionService#_doActivateExtension vscode.tunnel-forwarding, startup: false, activationEvent: 'onTunnel'
2025-05-18 18:14:36.970 [warning] [Decorations] CAPPING events from decorations provider vscode.git 278
2025-05-18 18:15:24.471 [warning] [Decorations] CAPPING events from decorations provider vscode.git 278
2025-05-18 18:15:35.780 [warning] [Decorations] CAPPING events from decorations provider vscode.git 278
2025-05-18 18:16:08.361 [warning] [Decorations] CAPPING events from decorations provider vscode.git 278
2025-05-18 18:16:13.393 [warning] [Decorations] CAPPING events from decorations provider vscode.git 279
2025-05-18 18:16:18.419 [warning] [Decorations] CAPPING events from decorations provider vscode.git 279
2025-05-18 18:16:33.687 [warning] [Decorations] CAPPING events from decorations provider vscode.git 279
2025-05-18 18:16:38.741 [warning] [Decorations] CAPPING events from decorations provider vscode.git 286
2025-05-18 18:16:45.051 [warning] [Decorations] CAPPING events from decorations provider vscode.git 285
2025-05-18 18:16:50.076 [warning] [Decorations] CAPPING events from decorations provider vscode.git 285
2025-05-18 18:16:56.656 [warning] [Decorations] CAPPING events from decorations provider vscode.git 285
2025-05-18 18:17:08.981 [warning] [Decorations] CAPPING events from decorations provider vscode.git 285
2025-05-18 18:17:14.774 [warning] [Decorations] CAPPING events from decorations provider vscode.git 286
2025-05-18 18:17:19.799 [warning] [Decorations] CAPPING events from decorations provider vscode.git 286
2025-05-18 18:17:25.979 [warning] [Decorations] CAPPING events from decorations provider vscode.git 287
2025-05-18 18:17:29.623 [warning] [Decorations] CAPPING events from decorations provider vscode.git 287
2025-05-18 18:17:34.658 [warning] [Decorations] CAPPING events from decorations provider vscode.git 287
2025-05-18 18:17:39.683 [warning] [Decorations] CAPPING events from decorations provider vscode.git 287
2025-05-18 18:17:44.715 [warning] [Decorations] CAPPING events from decorations provider vscode.git 287
2025-05-18 18:17:49.882 [warning] [Decorations] CAPPING events from decorations provider vscode.git 289
2025-05-18 18:17:55.609 [warning] [Decorations] CAPPING events from decorations provider vscode.git 289
2025-05-18 18:18:42.118 [warning] [Decorations] CAPPING events from decorations provider vscode.git 289
2025-05-18 18:18:47.147 [warning] [Decorations] CAPPING events from decorations provider vscode.git 290
2025-05-18 18:18:52.174 [warning] [Decorations] CAPPING events from decorations provider vscode.git 297
2025-05-18 18:18:55.860 [info] ExtensionService#_doActivateExtension vscode.npm, startup: false, activationEvent: 'onTerminalQuickFixRequest:ms-vscode.npm-command'
2025-05-18 18:18:57.212 [warning] [Decorations] CAPPING events from decorations provider vscode.git 298
2025-05-18 18:19:01.308 [info] ExtensionService#_doActivateExtension vscode.configuration-editing, startup: false, activationEvent: 'onLanguage:json'
2025-05-18 18:19:01.308 [info] ExtensionService#_doActivateExtension vscode.extension-editing, startup: false, activationEvent: 'onLanguage:json'
2025-05-18 18:19:01.308 [info] ExtensionService#_doActivateExtension vscode.json-language-features, startup: false, activationEvent: 'onLanguage:json'
2025-05-18 18:19:02.237 [warning] [Decorations] CAPPING events from decorations provider vscode.git 299
2025-05-18 18:19:07.292 [warning] [Decorations] CAPPING events from decorations provider vscode.git 299
2025-05-18 18:19:12.328 [warning] [Decorations] CAPPING events from decorations provider vscode.git 299
2025-05-18 18:19:15.961 [warning] [Decorations] CAPPING events from decorations provider vscode.git 299
2025-05-18 18:19:20.984 [warning] [Decorations] CAPPING events from decorations provider vscode.git 302
2025-05-18 18:19:26.012 [warning] [Decorations] CAPPING events from decorations provider vscode.git 307
2025-05-18 18:19:31.056 [warning] [Decorations] CAPPING events from decorations provider vscode.git 308
2025-05-18 18:19:36.099 [warning] [Decorations] CAPPING events from decorations provider vscode.git 308
2025-05-18 18:19:41.129 [warning] [Decorations] CAPPING events from decorations provider vscode.git 308
2025-05-18 18:20:15.015 [warning] [Decorations] CAPPING events from decorations provider vscode.git 308
2025-05-18 18:20:20.047 [warning] [Decorations] CAPPING events from decorations provider vscode.git 308
2025-05-18 18:20:25.077 [warning] [Decorations] CAPPING events from decorations provider vscode.git 308
2025-05-18 18:20:30.103 [warning] [Decorations] CAPPING events from decorations provider vscode.git 308
2025-05-18 18:20:35.137 [warning] [Decorations] CAPPING events from decorations provider vscode.git 308
2025-05-18 18:20:40.177 [warning] [Decorations] CAPPING events from decorations provider vscode.git 315
2025-05-18 18:20:45.211 [warning] [Decorations] CAPPING events from decorations provider vscode.git 315
2025-05-18 18:20:54.779 [warning] [Decorations] CAPPING events from decorations provider vscode.git 316
2025-05-18 18:21:00.103 [warning] [Decorations] CAPPING events from decorations provider vscode.git 316
2025-05-18 18:21:09.179 [warning] [Decorations] CAPPING events from decorations provider vscode.git 316
2025-05-18 18:21:16.979 [warning] [Decorations] CAPPING events from decorations provider vscode.git 316
2025-05-18 18:21:34.300 [warning] [Decorations] CAPPING events from decorations provider vscode.git 316
2025-05-18 18:21:46.761 [warning] [Decorations] CAPPING events from decorations provider vscode.git 316
2025-05-18 18:21:53.533 [warning] [Decorations] CAPPING events from decorations provider vscode.git 316
2025-05-18 18:22:01.639 [warning] [Decorations] CAPPING events from decorations provider vscode.git 316
2025-05-18 18:22:10.721 [warning] [Decorations] CAPPING events from decorations provider vscode.git 316
2025-05-18 18:22:46.797 [warning] [Decorations] CAPPING events from decorations provider vscode.git 316
2025-05-18 18:23:46.011 [warning] [Decorations] CAPPING events from decorations provider vscode.git 316
2025-05-18 18:23:51.049 [warning] [Decorations] CAPPING events from decorations provider vscode.git 316
2025-05-18 18:24:05.317 [warning] [Decorations] CAPPING events from decorations provider vscode.git 317
2025-05-18 18:24:15.952 [warning] [Decorations] CAPPING events from decorations provider vscode.git 317
2025-05-18 18:24:22.261 [warning] [Decorations] CAPPING events from decorations provider vscode.git 320
2025-05-18 18:24:27.286 [warning] [Decorations] CAPPING events from decorations provider vscode.git 320
2025-05-18 18:24:32.311 [warning] [Decorations] CAPPING events from decorations provider vscode.git 321
2025-05-18 18:24:37.343 [warning] [Decorations] CAPPING events from decorations provider vscode.git 344
2025-05-18 18:24:43.590 [warning] [Decorations] CAPPING events from decorations provider vscode.git 342
2025-05-18 18:24:50.165 [warning] [Decorations] CAPPING events from decorations provider vscode.git 343
2025-05-18 18:24:53.838 [warning] [Decorations] CAPPING events from decorations provider vscode.git 343
2025-05-18 18:24:58.867 [warning] [Decorations] CAPPING events from decorations provider vscode.git 344
2025-05-18 18:25:59.902 [warning] [Decorations] CAPPING events from decorations provider vscode.git 344
2025-05-18 18:26:05.068 [warning] [Decorations] CAPPING events from decorations provider vscode.git 344
2025-05-18 18:26:27.040 [warning] [Decorations] CAPPING events from decorations provider vscode.git 344
2025-05-18 18:26:32.079 [warning] [Decorations] CAPPING events from decorations provider vscode.git 344
2025-05-18 18:26:40.786 [warning] [Decorations] CAPPING events from decorations provider vscode.git 344
2025-05-18 18:26:46.058 [warning] [Decorations] CAPPING events from decorations provider vscode.git 344
2025-05-18 18:26:55.373 [warning] [Decorations] CAPPING events from decorations provider vscode.git 344
2025-05-18 18:29:35.725 [warning] [Decorations] CAPPING events from decorations provider vscode.git 344
2025-05-18 18:29:40.761 [warning] [Decorations] CAPPING events from decorations provider vscode.git 345
2025-05-18 18:29:49.866 [warning] [Decorations] CAPPING events from decorations provider vscode.git 345
2025-05-18 18:29:54.893 [warning] [Decorations] CAPPING events from decorations provider vscode.git 345
2025-05-18 18:30:02.898 [warning] [Decorations] CAPPING events from decorations provider vscode.git 346
2025-05-18 18:30:06.587 [warning] [Decorations] CAPPING events from decorations provider vscode.git 347
2025-05-18 18:30:11.887 [warning] [Decorations] CAPPING events from decorations provider vscode.git 347
2025-05-18 18:30:19.301 [warning] [Decorations] CAPPING events from decorations provider vscode.git 354
2025-05-18 18:30:28.239 [warning] [Decorations] CAPPING events from decorations provider vscode.git 355
2025-05-18 18:30:33.264 [warning] [Decorations] CAPPING events from decorations provider vscode.git 355
2025-05-18 18:30:36.727 [warning] [Decorations] CAPPING events from decorations provider vscode.git 356
2025-05-18 18:30:45.304 [warning] [Decorations] CAPPING events from decorations provider vscode.git 357
2025-05-18 18:30:50.330 [warning] [Decorations] CAPPING events from decorations provider vscode.git 357
2025-05-18 18:31:03.723 [warning] [Decorations] CAPPING events from decorations provider vscode.git 357
2025-05-18 18:31:08.087 [warning] [Decorations] CAPPING events from decorations provider vscode.git 357
2025-05-18 18:31:19.445 [warning] [Decorations] CAPPING events from decorations provider vscode.git 357
2025-05-18 18:31:24.472 [warning] [Decorations] CAPPING events from decorations provider vscode.git 357
2025-05-18 18:31:29.500 [warning] [Decorations] CAPPING events from decorations provider vscode.git 357
2025-05-18 18:32:40.171 [warning] [Decorations] CAPPING events from decorations provider vscode.git 357
2025-05-18 18:34:06.131 [warning] [Decorations] CAPPING events from decorations provider vscode.git 357
2025-05-18 18:34:11.160 [warning] [Decorations] CAPPING events from decorations provider vscode.git 357
2025-05-18 18:34:59.213 [warning] [Decorations] CAPPING events from decorations provider vscode.git 357
2025-05-18 18:35:04.240 [warning] [Decorations] CAPPING events from decorations provider vscode.git 358
2025-05-18 18:35:09.265 [warning] [Decorations] CAPPING events from decorations provider vscode.git 358
2025-05-18 18:35:13.494 [warning] [Decorations] CAPPING events from decorations provider vscode.git 359
2025-05-18 18:35:24.098 [warning] [Decorations] CAPPING events from decorations provider vscode.git 359
2025-05-18 18:35:29.130 [warning] [Decorations] CAPPING events from decorations provider vscode.git 359
2025-05-18 18:35:34.155 [warning] [Decorations] CAPPING events from decorations provider vscode.git 359
2025-05-18 18:35:41.392 [warning] [Decorations] CAPPING events from decorations provider vscode.git 359
2025-05-18 18:35:44.935 [warning] [Decorations] CAPPING events from decorations provider vscode.git 359
2025-05-18 18:35:53.075 [warning] [Decorations] CAPPING events from decorations provider vscode.git 359
2025-05-18 18:35:58.100 [warning] [Decorations] CAPPING events from decorations provider vscode.git 359
2025-05-18 18:36:06.117 [warning] [Decorations] CAPPING events from decorations provider vscode.git 359
2025-05-18 18:36:11.777 [warning] [Decorations] CAPPING events from decorations provider vscode.git 360
2025-05-18 18:36:18.888 [warning] [Decorations] CAPPING events from decorations provider vscode.git 360
2025-05-18 18:36:42.181 [warning] [Decorations] CAPPING events from decorations provider vscode.git 361
2025-05-18 18:36:45.593 [warning] [Decorations] CAPPING events from decorations provider vscode.git 361
2025-05-18 18:36:50.891 [warning] [Decorations] CAPPING events from decorations provider vscode.git 361
2025-05-18 18:38:50.164 [warning] [Decorations] CAPPING events from decorations provider vscode.git 361
2025-05-18 18:39:11.927 [warning] [Decorations] CAPPING events from decorations provider vscode.git 362
2025-05-18 18:39:16.964 [warning] [Decorations] CAPPING events from decorations provider vscode.git 363
2025-05-18 18:39:22.274 [warning] [Decorations] CAPPING events from decorations provider vscode.git 363
2025-05-18 18:39:32.556 [warning] [Decorations] CAPPING events from decorations provider vscode.git 363
2025-05-18 18:39:37.589 [warning] [Decorations] CAPPING events from decorations provider vscode.git 363
2025-05-18 18:41:43.235 [warning] [Decorations] CAPPING events from decorations provider vscode.git 363
2025-05-18 18:41:48.273 [warning] [Decorations] CAPPING events from decorations provider vscode.git 364
2025-05-18 18:41:53.853 [warning] [Decorations] CAPPING events from decorations provider vscode.git 364
2025-05-18 18:42:04.238 [warning] [Decorations] CAPPING events from decorations provider vscode.git 365
2025-05-18 18:42:16.281 [warning] [Decorations] CAPPING events from decorations provider vscode.git 365
2025-05-18 18:43:06.998 [warning] [Decorations] CAPPING events from decorations provider vscode.git 365
2025-05-18 18:43:13.426 [warning] [Decorations] CAPPING events from decorations provider vscode.git 365
2025-05-18 18:43:21.753 [warning] [Decorations] CAPPING events from decorations provider vscode.git 365
2025-05-18 18:44:14.197 [warning] [Decorations] CAPPING events from decorations provider vscode.git 365
2025-05-18 18:44:19.227 [warning] [Decorations] CAPPING events from decorations provider vscode.git 365
2025-05-18 18:44:35.475 [warning] [Decorations] CAPPING events from decorations provider vscode.git 365
2025-05-18 18:44:40.510 [warning] [Decorations] CAPPING events from decorations provider vscode.git 365
2025-05-18 18:44:47.458 [warning] [Decorations] CAPPING events from decorations provider vscode.git 365
2025-05-18 18:44:52.498 [warning] [Decorations] CAPPING events from decorations provider vscode.git 365
2025-05-18 18:45:03.083 [warning] [Decorations] CAPPING events from decorations provider vscode.git 366
2025-05-18 18:45:38.803 [warning] [Decorations] CAPPING events from decorations provider vscode.git 366
2025-05-18 18:45:43.837 [warning] [Decorations] CAPPING events from decorations provider vscode.git 366
2025-05-18 18:45:48.866 [warning] [Decorations] CAPPING events from decorations provider vscode.git 366
2025-05-18 18:46:01.497 [warning] [Decorations] CAPPING events from decorations provider vscode.git 366
2025-05-18 18:46:06.924 [warning] [Decorations] CAPPING events from decorations provider vscode.git 373
2025-05-18 18:46:15.973 [warning] [Decorations] CAPPING events from decorations provider vscode.git 373
2025-05-18 18:46:21.020 [warning] [Decorations] CAPPING events from decorations provider vscode.git 374
2025-05-18 18:46:26.066 [warning] [Decorations] CAPPING events from decorations provider vscode.git 374
2025-05-18 18:46:38.390 [warning] [Decorations] CAPPING events from decorations provider vscode.git 374
2025-05-18 18:46:43.414 [warning] [Decorations] CAPPING events from decorations provider vscode.git 374
2025-05-18 18:46:48.742 [warning] [Decorations] CAPPING events from decorations provider vscode.git 374
2025-05-18 18:47:03.474 [warning] [Decorations] CAPPING events from decorations provider vscode.git 374
2025-05-18 18:47:37.519 [warning] [Decorations] CAPPING events from decorations provider vscode.git 374
2025-05-18 18:47:42.551 [warning] [Decorations] CAPPING events from decorations provider vscode.git 374
2025-05-18 18:47:51.578 [warning] [Decorations] CAPPING events from decorations provider vscode.git 374
2025-05-18 18:47:57.072 [warning] [Decorations] CAPPING events from decorations provider vscode.git 381
2025-05-18 18:48:02.104 [warning] [Decorations] CAPPING events from decorations provider vscode.git 381
2025-05-18 18:48:07.133 [warning] [Decorations] CAPPING events from decorations provider vscode.git 381
2025-05-18 18:48:11.304 [warning] [Decorations] CAPPING events from decorations provider vscode.git 382
2025-05-18 18:48:16.342 [warning] [Decorations] CAPPING events from decorations provider vscode.git 383
2025-05-18 18:48:52.517 [warning] [Decorations] CAPPING events from decorations provider vscode.git 383
2025-05-18 18:48:57.547 [warning] [Decorations] CAPPING events from decorations provider vscode.git 383
2025-05-18 18:49:02.570 [warning] [Decorations] CAPPING events from decorations provider vscode.git 383
2025-05-18 18:50:23.612 [warning] [Decorations] CAPPING events from decorations provider vscode.git 383
2025-05-18 18:50:32.689 [warning] [Decorations] CAPPING events from decorations provider vscode.git 383
2025-05-18 18:51:07.684 [warning] [Decorations] CAPPING events from decorations provider vscode.git 384
2025-05-18 18:51:12.712 [warning] [Decorations] CAPPING events from decorations provider vscode.git 384
2025-05-18 18:51:16.235 [warning] [Decorations] CAPPING events from decorations provider vscode.git 384
2025-05-18 18:51:22.615 [warning] [Decorations] CAPPING events from decorations provider vscode.git 391
2025-05-18 18:51:28.242 [warning] [Decorations] CAPPING events from decorations provider vscode.git 392
2025-05-18 18:51:34.221 [warning] [Decorations] CAPPING events from decorations provider vscode.git 392
2025-05-18 18:51:39.279 [warning] [Decorations] CAPPING events from decorations provider vscode.git 392
2025-05-18 18:51:42.774 [warning] [Decorations] CAPPING events from decorations provider vscode.git 392
2025-05-18 18:51:48.293 [warning] [Decorations] CAPPING events from decorations provider vscode.git 393
2025-05-18 18:51:58.615 [warning] [Decorations] CAPPING events from decorations provider vscode.git 393
2025-05-18 18:52:03.640 [warning] [Decorations] CAPPING events from decorations provider vscode.git 393
2025-05-18 18:52:08.672 [warning] [Decorations] CAPPING events from decorations provider vscode.git 393
2025-05-18 18:52:13.703 [warning] [Decorations] CAPPING events from decorations provider vscode.git 393
2025-05-18 18:54:37.114 [warning] [Decorations] CAPPING events from decorations provider vscode.git 393
2025-05-18 18:54:52.275 [warning] [Decorations] CAPPING events from decorations provider vscode.git 393
2025-05-18 18:54:57.304 [warning] [Decorations] CAPPING events from decorations provider vscode.git 393
2025-05-18 18:55:02.751 [warning] [Decorations] CAPPING events from decorations provider vscode.git 400
2025-05-18 18:55:09.702 [warning] [Decorations] CAPPING events from decorations provider vscode.git 400
2025-05-18 18:55:14.725 [warning] [Decorations] CAPPING events from decorations provider vscode.git 400
2025-05-18 18:55:20.162 [warning] [Decorations] CAPPING events from decorations provider vscode.git 401
2025-05-18 18:55:25.195 [warning] [Decorations] CAPPING events from decorations provider vscode.git 402
2025-05-18 18:55:30.220 [warning] [Decorations] CAPPING events from decorations provider vscode.git 402
2025-05-18 18:55:37.817 [warning] [Decorations] CAPPING events from decorations provider vscode.git 402
2025-05-18 18:55:43.658 [warning] [Decorations] CAPPING events from decorations provider vscode.git 402
2025-05-18 18:55:53.343 [warning] [Decorations] CAPPING events from decorations provider vscode.git 403
2025-05-18 18:56:08.698 [warning] [Decorations] CAPPING events from decorations provider vscode.git 403
2025-05-18 18:56:13.735 [warning] [Decorations] CAPPING events from decorations provider vscode.git 404
2025-05-18 18:56:20.121 [warning] [Decorations] CAPPING events from decorations provider vscode.git 404
2025-05-18 18:56:25.483 [warning] [Decorations] CAPPING events from decorations provider vscode.git 404
2025-05-18 18:56:30.517 [warning] [Decorations] CAPPING events from decorations provider vscode.git 404
2025-05-18 18:56:35.561 [warning] [Decorations] CAPPING events from decorations provider vscode.git 404
2025-05-18 18:56:40.594 [warning] [Decorations] CAPPING events from decorations provider vscode.git 404
2025-05-18 18:56:45.623 [warning] [Decorations] CAPPING events from decorations provider vscode.git 404
2025-05-18 18:56:50.655 [warning] [Decorations] CAPPING events from decorations provider vscode.git 404
2025-05-18 18:56:56.921 [warning] [Decorations] CAPPING events from decorations provider vscode.git 404
2025-05-18 18:57:15.202 [warning] [Decorations] CAPPING events from decorations provider vscode.git 404
2025-05-18 18:57:20.228 [warning] [Decorations] CAPPING events from decorations provider vscode.git 404
2025-05-18 18:57:26.085 [warning] [Decorations] CAPPING events from decorations provider vscode.git 404
2025-05-18 18:57:33.196 [warning] [Decorations] CAPPING events from decorations provider vscode.git 404
2025-05-18 18:57:57.946 [warning] [Decorations] CAPPING events from decorations provider vscode.git 404
2025-05-18 18:58:02.971 [warning] [Decorations] CAPPING events from decorations provider vscode.git 404
2025-05-18 18:58:07.997 [warning] [Decorations] CAPPING events from decorations provider vscode.git 405
2025-05-18 18:58:15.075 [warning] [Decorations] CAPPING events from decorations provider vscode.git 405
2025-05-18 18:58:22.737 [warning] [Decorations] CAPPING events from decorations provider vscode.git 406
2025-05-18 18:58:30.357 [warning] [Decorations] CAPPING events from decorations provider vscode.git 407
2025-05-18 18:58:37.103 [warning] [Decorations] CAPPING events from decorations provider vscode.git 407
2025-05-18 18:58:42.126 [warning] [Decorations] CAPPING events from decorations provider vscode.git 407
2025-05-18 18:58:50.306 [warning] [Decorations] CAPPING events from decorations provider vscode.git 408
2025-05-18 18:58:55.342 [warning] [Decorations] CAPPING events from decorations provider vscode.git 408
2025-05-18 18:59:01.130 [warning] [Decorations] CAPPING events from decorations provider vscode.git 408
2025-05-18 18:59:06.153 [warning] [Decorations] CAPPING events from decorations provider vscode.git 409
2025-05-18 18:59:11.188 [warning] [Decorations] CAPPING events from decorations provider vscode.git 409
2025-05-18 19:00:22.940 [warning] [Decorations] CAPPING events from decorations provider vscode.git 410
2025-05-18 19:00:27.972 [warning] [Decorations] CAPPING events from decorations provider vscode.git 410
2025-05-18 19:00:31.460 [warning] [Decorations] CAPPING events from decorations provider vscode.git 410
2025-05-18 19:01:16.268 [warning] [Decorations] CAPPING events from decorations provider vscode.git 410
2025-05-18 19:01:21.806 [warning] [Decorations] CAPPING events from decorations provider vscode.git 410
2025-05-18 19:01:26.831 [warning] [Decorations] CAPPING events from decorations provider vscode.git 410
2025-05-18 19:01:31.287 [warning] [Decorations] CAPPING events from decorations provider vscode.git 410
2025-05-18 19:01:39.867 [warning] [Decorations] CAPPING events from decorations provider vscode.git 411
2025-05-18 19:01:47.382 [warning] [Decorations] CAPPING events from decorations provider vscode.git 412
2025-05-18 19:01:52.423 [warning] [Decorations] CAPPING events from decorations provider vscode.git 412
2025-05-18 19:01:57.447 [warning] [Decorations] CAPPING events from decorations provider vscode.git 423
2025-05-18 19:02:03.486 [warning] [Decorations] CAPPING events from decorations provider vscode.git 423
2025-05-18 19:02:11.915 [warning] [Decorations] CAPPING events from decorations provider vscode.git 423
2025-05-18 19:02:31.102 [warning] [Decorations] CAPPING events from decorations provider vscode.git 424
2025-05-18 19:02:36.288 [warning] [Decorations] CAPPING events from decorations provider vscode.git 424
2025-05-18 19:04:57.884 [warning] [Decorations] CAPPING events from decorations provider vscode.git 424
2025-05-18 19:05:12.981 [warning] [Decorations] CAPPING events from decorations provider vscode.git 424
2025-05-18 19:07:40.607 [warning] [Decorations] CAPPING events from decorations provider vscode.git 424
2025-05-18 19:07:45.634 [warning] [Decorations] CAPPING events from decorations provider vscode.git 425
2025-05-18 19:07:50.665 [warning] [Decorations] CAPPING events from decorations provider vscode.git 425
2025-05-18 19:07:54.213 [warning] [Decorations] CAPPING events from decorations provider vscode.git 425
2025-05-18 19:08:00.624 [warning] [Decorations] CAPPING events from decorations provider vscode.git 426
2025-05-18 19:08:08.244 [warning] [Decorations] CAPPING events from decorations provider vscode.git 426
2025-05-18 19:08:13.279 [warning] [Decorations] CAPPING events from decorations provider vscode.git 426
2025-05-18 19:08:18.309 [warning] [Decorations] CAPPING events from decorations provider vscode.git 426
2025-05-18 19:08:22.256 [warning] [Decorations] CAPPING events from decorations provider vscode.git 433
2025-05-18 19:08:34.793 [warning] [Decorations] CAPPING events from decorations provider vscode.git 433
2025-05-18 19:08:39.816 [warning] [Decorations] CAPPING events from decorations provider vscode.git 433
2025-05-18 19:08:44.849 [warning] [Decorations] CAPPING events from decorations provider vscode.git 433
2025-05-18 19:08:49.878 [warning] [Decorations] CAPPING events from decorations provider vscode.git 433
2025-05-18 19:08:53.387 [warning] [Decorations] CAPPING events from decorations provider vscode.git 433
2025-05-18 19:08:58.415 [warning] [Decorations] CAPPING events from decorations provider vscode.git 433
2025-05-18 19:09:10.641 [warning] [Decorations] CAPPING events from decorations provider vscode.git 433
2025-05-18 19:09:15.673 [warning] [Decorations] CAPPING events from decorations provider vscode.git 434
2025-05-18 19:09:22.478 [warning] [Decorations] CAPPING events from decorations provider vscode.git 434
2025-05-18 19:09:28.904 [warning] [Decorations] CAPPING events from decorations provider vscode.git 434
2025-05-18 19:09:33.927 [warning] [Decorations] CAPPING events from decorations provider vscode.git 435
2025-05-18 19:09:38.965 [warning] [Decorations] CAPPING events from decorations provider vscode.git 435
2025-05-18 19:09:43.992 [warning] [Decorations] CAPPING events from decorations provider vscode.git 435
2025-05-18 19:09:49.023 [warning] [Decorations] CAPPING events from decorations provider vscode.git 435
2025-05-18 19:09:54.048 [warning] [Decorations] CAPPING events from decorations provider vscode.git 435
2025-05-18 19:09:57.542 [warning] [Decorations] CAPPING events from decorations provider vscode.git 435
2025-05-18 19:10:02.572 [warning] [Decorations] CAPPING events from decorations provider vscode.git 435
2025-05-18 19:10:15.936 [warning] [Decorations] CAPPING events from decorations provider vscode.git 435
2025-05-18 19:10:20.962 [warning] [Decorations] CAPPING events from decorations provider vscode.git 436
2025-05-18 19:10:24.348 [warning] [Decorations] CAPPING events from decorations provider vscode.git 436
2025-05-18 19:10:29.373 [warning] [Decorations] CAPPING events from decorations provider vscode.git 436
2025-05-18 19:10:34.416 [warning] [Decorations] CAPPING events from decorations provider vscode.git 436
2025-05-18 19:10:39.455 [warning] [Decorations] CAPPING events from decorations provider vscode.git 436
2025-05-18 19:10:44.487 [warning] [Decorations] CAPPING events from decorations provider vscode.git 436
2025-05-18 19:10:49.530 [warning] [Decorations] CAPPING events from decorations provider vscode.git 436
2025-05-18 19:10:54.572 [warning] [Decorations] CAPPING events from decorations provider vscode.git 436
2025-05-18 19:10:58.188 [warning] [Decorations] CAPPING events from decorations provider vscode.git 436
2025-05-18 19:11:03.222 [warning] [Decorations] CAPPING events from decorations provider vscode.git 436
2025-05-18 19:11:08.254 [warning] [Decorations] CAPPING events from decorations provider vscode.git 436
2025-05-18 19:11:14.113 [warning] [Decorations] CAPPING events from decorations provider vscode.git 438
2025-05-18 19:11:20.146 [warning] [Decorations] CAPPING events from decorations provider vscode.git 445
2025-05-18 19:11:25.177 [warning] [Decorations] CAPPING events from decorations provider vscode.git 445
2025-05-18 19:11:34.216 [warning] [Decorations] CAPPING events from decorations provider vscode.git 446
2025-05-18 19:11:39.241 [warning] [Decorations] CAPPING events from decorations provider vscode.git 446
2025-05-18 19:11:44.272 [warning] [Decorations] CAPPING events from decorations provider vscode.git 446
2025-05-18 19:11:49.301 [warning] [Decorations] CAPPING events from decorations provider vscode.git 446
