2025-02-28 20:07:35.104 [info] Extension host with pid 1293 started
2025-02-28 20:07:35.109 [info] Lock '/home/godoistvan/.vscode-server/data/User/workspaceStorage/60bc46e1e45b313ee21d72c44930862f/vscode.lock': Lock acquired.
2025-02-28 20:07:35.123 [info] Eager extensions activated
2025-02-28 20:07:38.409 [info] ExtensionService#_doActivateExtension vscode.debug-auto-launch, startup: false, activationEvent: 'onStartupFinished'
2025-02-28 20:07:38.409 [info] ExtensionService#_doActivateExtension vscode.git-base, startup: false, activationEvent: '*', root cause: vscode.git
2025-02-28 20:07:38.410 [info] ExtensionService#_doActivateExtension vscode.merge-conflict, startup: false, activationEvent: 'onStartupFinished'
2025-02-28 20:07:38.446 [info] ExtensionService#_doActivateExtension vscode.git, startup: false, activationEvent: '*'
2025-02-28 20:07:38.446 [info] ExtensionService#_doActivateExtension vscode.github, startup: false, activationEvent: '*'
2025-02-28 20:07:39.229 [info] Extension host terminating: received terminate message from renderer
2025-02-28 20:07:39.229 [info] Lock '/home/godoistvan/.vscode-server/data/User/workspaceStorage/60bc46e1e45b313ee21d72c44930862f/vscode.lock': Marking the lockfile as scheduled to be released in 6000 ms.
2025-02-28 20:07:39.247 [error] ProxyResolver#addCertificatesV1 Canceled: Canceled
	at new XT (file:///home/godoistvan/.vscode-server/bin/e54c774e0add60467559eb0d1e229c6452cf8447/out/vs/workbench/api/node/extensionHostProcess.js:29:153701)
	at Uy.U (file:///home/godoistvan/.vscode-server/bin/e54c774e0add60467559eb0d1e229c6452cf8447/out/vs/workbench/api/node/extensionHostProcess.js:29:158311)
	at s.<computed>.n.charCodeAt.s.<computed> (file:///home/godoistvan/.vscode-server/bin/e54c774e0add60467559eb0d1e229c6452cf8447/out/vs/workbench/api/node/extensionHostProcess.js:29:155805)
	at K0.loadCertificates (file:///home/godoistvan/.vscode-server/bin/e54c774e0add60467559eb0d1e229c6452cf8447/out/vs/workbench/api/node/extensionHostProcess.js:107:53517)
	at Object.loadAdditionalCertificates (file:///home/godoistvan/.vscode-server/bin/e54c774e0add60467559eb0d1e229c6452cf8447/out/vs/workbench/api/node/extensionHostProcess.js:174:18628)
	at /home/godoistvan/.vscode-server/bin/e54c774e0add60467559eb0d1e229c6452cf8447/node_modules/@vscode/proxy-agent/out/index.js:723:53
	at Generator.next (<anonymous>)
	at /home/godoistvan/.vscode-server/bin/e54c774e0add60467559eb0d1e229c6452cf8447/node_modules/@vscode/proxy-agent/out/index.js:35:71
	at new Promise (<anonymous>)
	at __awaiter (/home/godoistvan/.vscode-server/bin/e54c774e0add60467559eb0d1e229c6452cf8447/node_modules/@vscode/proxy-agent/out/index.js:31:12)
	at /home/godoistvan/.vscode-server/bin/e54c774e0add60467559eb0d1e229c6452cf8447/node_modules/@vscode/proxy-agent/out/index.js:722:43
	at /home/godoistvan/.vscode-server/bin/e54c774e0add60467559eb0d1e229c6452cf8447/node_modules/@vscode/proxy-agent/out/index.js:724:16
	at Generator.next (<anonymous>)
	at /home/godoistvan/.vscode-server/bin/e54c774e0add60467559eb0d1e229c6452cf8447/node_modules/@vscode/proxy-agent/out/index.js:35:71
	at new Promise (<anonymous>)
	at __awaiter (/home/godoistvan/.vscode-server/bin/e54c774e0add60467559eb0d1e229c6452cf8447/node_modules/@vscode/proxy-agent/out/index.js:31:12)
	at getOrLoadAdditionalCertificates (/home/godoistvan/.vscode-server/bin/e54c774e0add60467559eb0d1e229c6452cf8447/node_modules/@vscode/proxy-agent/out/index.js:720:12)
	at addCertificatesToOptionsV1 (/home/godoistvan/.vscode-server/bin/e54c774e0add60467559eb0d1e229c6452cf8447/node_modules/@vscode/proxy-agent/out/index.js:699:9)
	at resolveProxyWithRequest (/home/godoistvan/.vscode-server/bin/e54c774e0add60467559eb0d1e229c6452cf8447/node_modules/@vscode/proxy-agent/out/index.js:114:9)
	at /home/godoistvan/.vscode-server/bin/e54c774e0add60467559eb0d1e229c6452cf8447/node_modules/@vscode/proxy-agent/out/index.js:346:77
	at new Promise (<anonymous>)
	at PacProxyAgent.resolveP [as resolver] (/home/godoistvan/.vscode-server/bin/e54c774e0add60467559eb0d1e229c6452cf8447/node_modules/@vscode/proxy-agent/out/index.js:346:54)
	at PacProxyAgent.<anonymous> (/home/godoistvan/.vscode-server/bin/e54c774e0add60467559eb0d1e229c6452cf8447/node_modules/@vscode/proxy-agent/out/agent.js:74:37)
	at Generator.next (<anonymous>)
	at /home/godoistvan/.vscode-server/bin/e54c774e0add60467559eb0d1e229c6452cf8447/node_modules/@vscode/proxy-agent/out/agent.js:8:71
	at new Promise (<anonymous>)
	at __awaiter (/home/godoistvan/.vscode-server/bin/e54c774e0add60467559eb0d1e229c6452cf8447/node_modules/@vscode/proxy-agent/out/agent.js:4:12)
	at PacProxyAgent.connect (/home/godoistvan/.vscode-server/bin/e54c774e0add60467559eb0d1e229c6452cf8447/node_modules/@vscode/proxy-agent/out/agent.js:56:16)
	at /home/godoistvan/.vscode-server/bin/e54c774e0add60467559eb0d1e229c6452cf8447/node_modules/agent-base/dist/index.js:132:30
	at process.processTicksAndRejections (node:internal/process/task_queues:95:5)
2025-02-28 20:07:39.247 [info] Extension host with pid 1293 exiting with code 0
