[0.356s] Invoking command in '/home/godoistvan/ros2_ws/src/ros2_course': PYTHONPATH=/home/godoistvan/ros2_ws/build/ros2_course/prefix_override:/usr/lib/python3/dist-packages/colcon_core/task/python/colcon_distutils_commands:/home/godoistvan/ros2_ws/install/ros2_course/lib/python3.10/site-packages:${PYTHONPATH} /usr/bin/python3 -W ignore:setup.py install is deprecated -W ignore:easy_install command is deprecated setup.py egg_info --egg-base ../../build/ros2_course build --build-base /home/godoistvan/ros2_ws/build/ros2_course/build install --record /home/godoistvan/ros2_ws/build/ros2_course/install.log --single-version-externally-managed install_data
[0.493s] running egg_info
[0.493s] writing ../../build/ros2_course/ros2_course.egg-info/PKG-INFO
[0.493s] writing dependency_links to ../../build/ros2_course/ros2_course.egg-info/dependency_links.txt
[0.493s] writing entry points to ../../build/ros2_course/ros2_course.egg-info/entry_points.txt
[0.493s] writing requirements to ../../build/ros2_course/ros2_course.egg-info/requires.txt
[0.493s] writing top-level names to ../../build/ros2_course/ros2_course.egg-info/top_level.txt
[0.494s] reading manifest file '../../build/ros2_course/ros2_course.egg-info/SOURCES.txt'
[0.495s] writing manifest file '../../build/ros2_course/ros2_course.egg-info/SOURCES.txt'
[0.495s] running build
[0.495s] running build_py
[0.495s] running install
[0.495s] running install_lib
[0.496s] running install_data
[0.496s] running install_egg_info
[0.497s] removing '/home/godoistvan/ros2_ws/install/ros2_course/lib/python3.10/site-packages/ros2_course-0.0.0-py3.10.egg-info' (and everything under it)
[0.497s] Copying ../../build/ros2_course/ros2_course.egg-info to /home/godoistvan/ros2_ws/install/ros2_course/lib/python3.10/site-packages/ros2_course-0.0.0-py3.10.egg-info
[0.498s] running install_scripts
[0.512s] Installing hello script to /home/godoistvan/ros2_ws/install/ros2_course/lib/ros2_course
[0.512s] Installing koch_snowflake script to /home/godoistvan/ros2_ws/install/ros2_course/lib/ros2_course
[0.512s] writing list of installed files to '/home/godoistvan/ros2_ws/build/ros2_course/install.log'
[0.529s] Invoked command in '/home/godoistvan/ros2_ws/src/ros2_course' returned '0': PYTHONPATH=/home/godoistvan/ros2_ws/build/ros2_course/prefix_override:/usr/lib/python3/dist-packages/colcon_core/task/python/colcon_distutils_commands:/home/godoistvan/ros2_ws/install/ros2_course/lib/python3.10/site-packages:${PYTHONPATH} /usr/bin/python3 -W ignore:setup.py install is deprecated -W ignore:easy_install command is deprecated setup.py egg_info --egg-base ../../build/ros2_course build --build-base /home/godoistvan/ros2_ws/build/ros2_course/build install --record /home/godoistvan/ros2_ws/build/ros2_course/install.log --single-version-externally-managed install_data
