[0.057s] Invoking command in '/home/godoistvan/ros2_ws/build/examples_rclcpp_async_client': CMAKE_PREFIX_PATH=/opt/ros/humble /usr/bin/cmake /home/godoistvan/ros2_ws/src/examples/rclcpp/services/async_client -DAMENT_CMAKE_SYMLINK_INSTALL=1 -DCMAKE_INSTALL_PREFIX=/home/godoistvan/ros2_ws/install/examples_rclcpp_async_client
[1.394s] -- The C compiler identification is GNU 11.4.0
[1.394s] -- The CXX compiler identification is GNU 11.4.0
[1.395s] -- Detecting C compiler ABI info
[1.395s] -- Detecting C compiler ABI info - done
[1.395s] -- Check for working C compiler: /usr/bin/cc - skipped
[1.395s] -- Detecting C compile features
[1.395s] -- Detecting C compile features - done
[1.395s] -- Detecting CXX compiler ABI info
[1.395s] -- Detecting CXX compiler ABI info - done
[1.395s] -- Check for working CXX compiler: /usr/bin/c++ - skipped
[1.395s] -- Detecting CXX compile features
[1.395s] -- Detecting CXX compile features - done
[1.395s] -- Found ament_cmake: 1.3.11 (/opt/ros/humble/share/ament_cmake/cmake)
[1.395s] -- Found Python3: /usr/bin/python3 (found version "3.10.12") found components: Interpreter 
[1.396s] -- Override CMake install command with custom implementation using symlinks instead of copying resources
[1.396s] -- Found example_interfaces: 0.9.3 (/opt/ros/humble/share/example_interfaces/cmake)
[1.396s] -- Found rosidl_generator_c: 3.1.6 (/opt/ros/humble/share/rosidl_generator_c/cmake)
[1.396s] -- Found rosidl_adapter: 3.1.6 (/opt/ros/humble/share/rosidl_adapter/cmake)
[1.396s] -- Found rosidl_generator_cpp: 3.1.6 (/opt/ros/humble/share/rosidl_generator_cpp/cmake)
[1.396s] -- Using all available rosidl_typesupport_c: rosidl_typesupport_fastrtps_c;rosidl_typesupport_introspection_c
[1.396s] -- Using all available rosidl_typesupport_cpp: rosidl_typesupport_fastrtps_cpp;rosidl_typesupport_introspection_cpp
[1.396s] -- Found rclcpp: 16.0.12 (/opt/ros/humble/share/rclcpp/cmake)
[1.396s] -- Found rmw_implementation_cmake: 6.1.2 (/opt/ros/humble/share/rmw_implementation_cmake/cmake)
[1.397s] -- Found rmw_fastrtps_cpp: 6.2.7 (/opt/ros/humble/share/rmw_fastrtps_cpp/cmake)
[1.671s] -- Found OpenSSL: /usr/lib/x86_64-linux-gnu/libcrypto.so (found version "3.0.2")  
[2.155s] -- Found FastRTPS: /opt/ros/humble/include  
[2.730s] -- Using RMW implementation 'rmw_fastrtps_cpp' as default
[2.737s] -- Looking for pthread.h
[2.814s] -- Looking for pthread.h - found
[2.814s] -- Performing Test CMAKE_HAVE_LIBC_PTHREAD
[2.938s] -- Performing Test CMAKE_HAVE_LIBC_PTHREAD - Success
[2.945s] -- Found Threads: TRUE  
[3.047s] -- Found ament_lint_auto: 0.12.12 (/opt/ros/humble/share/ament_lint_auto/cmake)
[3.231s] -- Added test 'copyright' to check source files copyright and LICENSE
[3.231s] -- Added test 'cppcheck' to perform static code analysis on C / C++ code
[3.231s] -- Configured cppcheck include dirs: 
[3.231s] -- Configured cppcheck exclude dirs and/or files: 
[3.231s] -- Added test 'cpplint' to check C / C++ code against the Google style
[3.231s] -- Configured cpplint exclude dirs and/or files: 
[3.232s] -- Added test 'lint_cmake' to check CMake code style
[3.233s] -- Added test 'uncrustify' to check C / C++ code style
[3.233s] -- Configured uncrustify additional arguments: 
[3.233s] -- Added test 'xmllint' to check XML markup files
[3.295s] -- Configuring done
[3.295s] -- Generating done
[3.295s] -- Build files have been written to: /home/godoistvan/ros2_ws/build/examples_rclcpp_async_client
[4.207s] Invoked command in '/home/godoistvan/ros2_ws/build/examples_rclcpp_async_client' returned '0': CMAKE_PREFIX_PATH=/opt/ros/humble /usr/bin/cmake /home/godoistvan/ros2_ws/src/examples/rclcpp/services/async_client -DAMENT_CMAKE_SYMLINK_INSTALL=1 -DCMAKE_INSTALL_PREFIX=/home/godoistvan/ros2_ws/install/examples_rclcpp_async_client
[4.208s] Invoking command in '/home/godoistvan/ros2_ws/build/examples_rclcpp_async_client': CMAKE_PREFIX_PATH=/opt/ros/humble /usr/bin/cmake --build /home/godoistvan/ros2_ws/build/examples_rclcpp_async_client -- -j20 -l20
[4.412s] [ 50%] [32mBuilding CXX object CMakeFiles/client_main.dir/main.cpp.o[0m
[18.627s] [100%] [32m[1mLinking CXX executable client_main[0m
[19.683s] [100%] Built target client_main
[19.952s] Invoked command in '/home/godoistvan/ros2_ws/build/examples_rclcpp_async_client' returned '0': CMAKE_PREFIX_PATH=/opt/ros/humble /usr/bin/cmake --build /home/godoistvan/ros2_ws/build/examples_rclcpp_async_client -- -j20 -l20
[19.963s] Invoking command in '/home/godoistvan/ros2_ws/build/examples_rclcpp_async_client': CMAKE_PREFIX_PATH=/opt/ros/humble /usr/bin/cmake --install /home/godoistvan/ros2_ws/build/examples_rclcpp_async_client
[20.024s] -- Install configuration: ""
[20.025s] -- Execute custom install script
[20.026s] -- Symlinking: /home/godoistvan/ros2_ws/install/examples_rclcpp_async_client/lib/examples_rclcpp_async_client/client_main
[20.067s] -- Symlinking: /home/godoistvan/ros2_ws/install/examples_rclcpp_async_client/share/ament_index/resource_index/package_run_dependencies/examples_rclcpp_async_client
[20.094s] -- Symlinking: /home/godoistvan/ros2_ws/install/examples_rclcpp_async_client/share/ament_index/resource_index/parent_prefix_path/examples_rclcpp_async_client
[20.114s] -- Symlinking: /home/godoistvan/ros2_ws/install/examples_rclcpp_async_client/share/examples_rclcpp_async_client/environment/ament_prefix_path.sh
[20.131s] -- Symlinking: /home/godoistvan/ros2_ws/install/examples_rclcpp_async_client/share/examples_rclcpp_async_client/environment/ament_prefix_path.dsv
[20.143s] -- Symlinking: /home/godoistvan/ros2_ws/install/examples_rclcpp_async_client/share/examples_rclcpp_async_client/environment/path.sh
[20.157s] -- Symlinking: /home/godoistvan/ros2_ws/install/examples_rclcpp_async_client/share/examples_rclcpp_async_client/environment/path.dsv
[20.167s] -- Symlinking: /home/godoistvan/ros2_ws/install/examples_rclcpp_async_client/share/examples_rclcpp_async_client/local_setup.bash
[20.200s] -- Symlinking: /home/godoistvan/ros2_ws/install/examples_rclcpp_async_client/share/examples_rclcpp_async_client/local_setup.sh
[20.211s] -- Symlinking: /home/godoistvan/ros2_ws/install/examples_rclcpp_async_client/share/examples_rclcpp_async_client/local_setup.zsh
[20.222s] -- Symlinking: /home/godoistvan/ros2_ws/install/examples_rclcpp_async_client/share/examples_rclcpp_async_client/local_setup.dsv
[20.234s] -- Symlinking: /home/godoistvan/ros2_ws/install/examples_rclcpp_async_client/share/examples_rclcpp_async_client/package.dsv
[20.260s] -- Symlinking: /home/godoistvan/ros2_ws/install/examples_rclcpp_async_client/share/ament_index/resource_index/packages/examples_rclcpp_async_client
[20.271s] -- Symlinking: /home/godoistvan/ros2_ws/install/examples_rclcpp_async_client/share/examples_rclcpp_async_client/cmake/examples_rclcpp_async_clientConfig.cmake
[20.298s] -- Symlinking: /home/godoistvan/ros2_ws/install/examples_rclcpp_async_client/share/examples_rclcpp_async_client/cmake/examples_rclcpp_async_clientConfig-version.cmake
[20.309s] -- Symlinking: /home/godoistvan/ros2_ws/install/examples_rclcpp_async_client/share/examples_rclcpp_async_client/package.xml
[20.322s] Invoked command in '/home/godoistvan/ros2_ws/build/examples_rclcpp_async_client' returned '0': CMAKE_PREFIX_PATH=/opt/ros/humble /usr/bin/cmake --install /home/godoistvan/ros2_ws/build/examples_rclcpp_async_client
