[1.797s] Invoking command in '/home/godoistvan/ros2_ws/build/examples_rclpy_executors': PYTHONPATH=/home/godoistvan/ros2_ws/build/examples_rclpy_executors/prefix_override:/usr/lib/python3/dist-packages/colcon_core/task/python/colcon_distutils_commands:/home/godoistvan/ros2_ws/install/examples_rclpy_executors/lib/python3.10/site-packages:${PYTHONPATH} /usr/bin/python3 -W ignore:setup.py install is deprecated -W ignore:easy_install command is deprecated setup.py develop --editable --build-directory /home/godoistvan/ros2_ws/build/examples_rclpy_executors/build --no-deps symlink_data
[2.652s] running develop
[2.653s] running egg_info
[2.654s] creating examples_rclpy_executors.egg-info
[2.654s] writing examples_rclpy_executors.egg-info/PKG-INFO
[2.654s] writing dependency_links to examples_rclpy_executors.egg-info/dependency_links.txt
[2.654s] writing entry points to examples_rclpy_executors.egg-info/entry_points.txt
[2.655s] writing requirements to examples_rclpy_executors.egg-info/requires.txt
[2.656s] writing top-level names to examples_rclpy_executors.egg-info/top_level.txt
[2.656s] writing manifest file 'examples_rclpy_executors.egg-info/SOURCES.txt'
[2.658s] reading manifest file 'examples_rclpy_executors.egg-info/SOURCES.txt'
[2.658s] writing manifest file 'examples_rclpy_executors.egg-info/SOURCES.txt'
[2.658s] running build_ext
[2.659s] Creating /home/godoistvan/ros2_ws/install/examples_rclpy_executors/lib/python3.10/site-packages/examples-rclpy-executors.egg-link (link to .)
[2.659s] Installing callback_group script to /home/godoistvan/ros2_ws/install/examples_rclpy_executors/lib/examples_rclpy_executors
[2.660s] Installing composed script to /home/godoistvan/ros2_ws/install/examples_rclpy_executors/lib/examples_rclpy_executors
[2.661s] Installing custom_callback_group script to /home/godoistvan/ros2_ws/install/examples_rclpy_executors/lib/examples_rclpy_executors
[2.661s] Installing custom_executor script to /home/godoistvan/ros2_ws/install/examples_rclpy_executors/lib/examples_rclpy_executors
[2.661s] Installing listener script to /home/godoistvan/ros2_ws/install/examples_rclpy_executors/lib/examples_rclpy_executors
[2.662s] Installing talker script to /home/godoistvan/ros2_ws/install/examples_rclpy_executors/lib/examples_rclpy_executors
[2.662s] 
[2.662s] Installed /home/godoistvan/ros2_ws/build/examples_rclpy_executors
[2.663s] running symlink_data
[2.663s] creating /home/godoistvan/ros2_ws/install/examples_rclpy_executors/share/ament_index
[2.664s] creating /home/godoistvan/ros2_ws/install/examples_rclpy_executors/share/ament_index/resource_index
[2.665s] creating /home/godoistvan/ros2_ws/install/examples_rclpy_executors/share/ament_index/resource_index/packages
[2.665s] symbolically linking /home/godoistvan/ros2_ws/build/examples_rclpy_executors/resource/examples_rclpy_executors -> /home/godoistvan/ros2_ws/install/examples_rclpy_executors/share/ament_index/resource_index/packages
[2.665s] symbolically linking /home/godoistvan/ros2_ws/build/examples_rclpy_executors/package.xml -> /home/godoistvan/ros2_ws/install/examples_rclpy_executors/share/examples_rclpy_executors
[2.674s] Invoked command in '/home/godoistvan/ros2_ws/build/examples_rclpy_executors' returned '0': PYTHONPATH=/home/godoistvan/ros2_ws/build/examples_rclpy_executors/prefix_override:/usr/lib/python3/dist-packages/colcon_core/task/python/colcon_distutils_commands:/home/godoistvan/ros2_ws/install/examples_rclpy_executors/lib/python3.10/site-packages:${PYTHONPATH} /usr/bin/python3 -W ignore:setup.py install is deprecated -W ignore:easy_install command is deprecated setup.py develop --editable --build-directory /home/godoistvan/ros2_ws/build/examples_rclpy_executors/build --no-deps symlink_data
