[1.793s] Invoking command in '/home/godoistvan/ros2_ws/build/examples_rclpy_minimal_action_client': PYTHONPATH=/home/godoistvan/ros2_ws/build/examples_rclpy_minimal_action_client/prefix_override:/usr/lib/python3/dist-packages/colcon_core/task/python/colcon_distutils_commands:/home/godoistvan/ros2_ws/install/examples_rclpy_minimal_action_client/lib/python3.10/site-packages:${PYTHONPATH} /usr/bin/python3 -W ignore:setup.py install is deprecated -W ignore:easy_install command is deprecated setup.py develop --editable --build-directory /home/godoistvan/ros2_ws/build/examples_rclpy_minimal_action_client/build --no-deps symlink_data
[2.661s] running develop
[2.661s] running egg_info
[2.661s] creating examples_rclpy_minimal_action_client.egg-info
[2.662s] writing examples_rclpy_minimal_action_client.egg-info/PKG-INFO
[2.662s] writing dependency_links to examples_rclpy_minimal_action_client.egg-info/dependency_links.txt
[2.662s] writing entry points to examples_rclpy_minimal_action_client.egg-info/entry_points.txt
[2.662s] writing requirements to examples_rclpy_minimal_action_client.egg-info/requires.txt
[2.662s] writing top-level names to examples_rclpy_minimal_action_client.egg-info/top_level.txt
[2.662s] writing manifest file 'examples_rclpy_minimal_action_client.egg-info/SOURCES.txt'
[2.662s] reading manifest file 'examples_rclpy_minimal_action_client.egg-info/SOURCES.txt'
[2.662s] writing manifest file 'examples_rclpy_minimal_action_client.egg-info/SOURCES.txt'
[2.662s] running build_ext
[2.663s] Creating /home/godoistvan/ros2_ws/install/examples_rclpy_minimal_action_client/lib/python3.10/site-packages/examples-rclpy-minimal-action-client.egg-link (link to .)
[2.663s] Installing client script to /home/godoistvan/ros2_ws/install/examples_rclpy_minimal_action_client/lib/examples_rclpy_minimal_action_client
[2.663s] Installing client_asyncio script to /home/godoistvan/ros2_ws/install/examples_rclpy_minimal_action_client/lib/examples_rclpy_minimal_action_client
[2.663s] Installing client_cancel script to /home/godoistvan/ros2_ws/install/examples_rclpy_minimal_action_client/lib/examples_rclpy_minimal_action_client
[2.663s] Installing client_not_composable script to /home/godoistvan/ros2_ws/install/examples_rclpy_minimal_action_client/lib/examples_rclpy_minimal_action_client
[2.663s] 
[2.663s] Installed /home/godoistvan/ros2_ws/build/examples_rclpy_minimal_action_client
[2.663s] running symlink_data
[2.663s] creating /home/godoistvan/ros2_ws/install/examples_rclpy_minimal_action_client/share/ament_index
[2.663s] creating /home/godoistvan/ros2_ws/install/examples_rclpy_minimal_action_client/share/ament_index/resource_index
[2.664s] creating /home/godoistvan/ros2_ws/install/examples_rclpy_minimal_action_client/share/ament_index/resource_index/packages
[2.664s] symbolically linking /home/godoistvan/ros2_ws/build/examples_rclpy_minimal_action_client/resource/examples_rclpy_minimal_action_client -> /home/godoistvan/ros2_ws/install/examples_rclpy_minimal_action_client/share/ament_index/resource_index/packages
[2.664s] symbolically linking /home/godoistvan/ros2_ws/build/examples_rclpy_minimal_action_client/package.xml -> /home/godoistvan/ros2_ws/install/examples_rclpy_minimal_action_client/share/examples_rclpy_minimal_action_client
[2.708s] Invoked command in '/home/godoistvan/ros2_ws/build/examples_rclpy_minimal_action_client' returned '0': PYTHONPATH=/home/godoistvan/ros2_ws/build/examples_rclpy_minimal_action_client/prefix_override:/usr/lib/python3/dist-packages/colcon_core/task/python/colcon_distutils_commands:/home/godoistvan/ros2_ws/install/examples_rclpy_minimal_action_client/lib/python3.10/site-packages:${PYTHONPATH} /usr/bin/python3 -W ignore:setup.py install is deprecated -W ignore:easy_install command is deprecated setup.py develop --editable --build-directory /home/godoistvan/ros2_ws/build/examples_rclpy_minimal_action_client/build --no-deps symlink_data
