[1.795s] Invoking command in '/home/godoistvan/ros2_ws/build/examples_rclpy_minimal_publisher': PYTHONPATH=/home/godoistvan/ros2_ws/build/examples_rclpy_minimal_publisher/prefix_override:/usr/lib/python3/dist-packages/colcon_core/task/python/colcon_distutils_commands:/home/godoistvan/ros2_ws/install/examples_rclpy_minimal_publisher/lib/python3.10/site-packages:${PYTHONPATH} /usr/bin/python3 -W ignore:setup.py install is deprecated -W ignore:easy_install command is deprecated setup.py develop --editable --build-directory /home/godoistvan/ros2_ws/build/examples_rclpy_minimal_publisher/build --no-deps symlink_data
[2.665s] running develop
[2.666s] running egg_info
[2.666s] creating examples_rclpy_minimal_publisher.egg-info
[2.666s] writing examples_rclpy_minimal_publisher.egg-info/PKG-INFO
[2.666s] writing dependency_links to examples_rclpy_minimal_publisher.egg-info/dependency_links.txt
[2.667s] writing entry points to examples_rclpy_minimal_publisher.egg-info/entry_points.txt
[2.667s] writing requirements to examples_rclpy_minimal_publisher.egg-info/requires.txt
[2.667s] writing top-level names to examples_rclpy_minimal_publisher.egg-info/top_level.txt
[2.667s] writing manifest file 'examples_rclpy_minimal_publisher.egg-info/SOURCES.txt'
[2.667s] reading manifest file 'examples_rclpy_minimal_publisher.egg-info/SOURCES.txt'
[2.667s] writing manifest file 'examples_rclpy_minimal_publisher.egg-info/SOURCES.txt'
[2.667s] running build_ext
[2.667s] Creating /home/godoistvan/ros2_ws/install/examples_rclpy_minimal_publisher/lib/python3.10/site-packages/examples-rclpy-minimal-publisher.egg-link (link to .)
[2.667s] Installing publisher_local_function script to /home/godoistvan/ros2_ws/install/examples_rclpy_minimal_publisher/lib/examples_rclpy_minimal_publisher
[2.668s] Installing publisher_member_function script to /home/godoistvan/ros2_ws/install/examples_rclpy_minimal_publisher/lib/examples_rclpy_minimal_publisher
[2.668s] Installing publisher_member_function_with_wait_for_all_acked script to /home/godoistvan/ros2_ws/install/examples_rclpy_minimal_publisher/lib/examples_rclpy_minimal_publisher
[2.668s] Installing publisher_old_school script to /home/godoistvan/ros2_ws/install/examples_rclpy_minimal_publisher/lib/examples_rclpy_minimal_publisher
[2.668s] 
[2.668s] Installed /home/godoistvan/ros2_ws/build/examples_rclpy_minimal_publisher
[2.668s] running symlink_data
[2.668s] creating /home/godoistvan/ros2_ws/install/examples_rclpy_minimal_publisher/share/ament_index
[2.668s] creating /home/godoistvan/ros2_ws/install/examples_rclpy_minimal_publisher/share/ament_index/resource_index
[2.668s] creating /home/godoistvan/ros2_ws/install/examples_rclpy_minimal_publisher/share/ament_index/resource_index/packages
[2.668s] symbolically linking /home/godoistvan/ros2_ws/build/examples_rclpy_minimal_publisher/resource/examples_rclpy_minimal_publisher -> /home/godoistvan/ros2_ws/install/examples_rclpy_minimal_publisher/share/ament_index/resource_index/packages
[2.668s] symbolically linking /home/godoistvan/ros2_ws/build/examples_rclpy_minimal_publisher/package.xml -> /home/godoistvan/ros2_ws/install/examples_rclpy_minimal_publisher/share/examples_rclpy_minimal_publisher
[2.748s] Invoked command in '/home/godoistvan/ros2_ws/build/examples_rclpy_minimal_publisher' returned '0': PYTHONPATH=/home/godoistvan/ros2_ws/build/examples_rclpy_minimal_publisher/prefix_override:/usr/lib/python3/dist-packages/colcon_core/task/python/colcon_distutils_commands:/home/godoistvan/ros2_ws/install/examples_rclpy_minimal_publisher/lib/python3.10/site-packages:${PYTHONPATH} /usr/bin/python3 -W ignore:setup.py install is deprecated -W ignore:easy_install command is deprecated setup.py develop --editable --build-directory /home/godoistvan/ros2_ws/build/examples_rclpy_minimal_publisher/build --no-deps symlink_data
